<?xml version="1.0" encoding="UTF-8"?>
<robot generator="Robot 6.1.1 (Python 3.11.3 on win32)" generated="20251229 16:37:36.876" rpa="false" schemaversion="4">
<suite id="s1" name="LinkIncidentToPeopleTestSuite" source="C:\Users\adity\PycharmProjects\Synapse_new\Tests\LinkIncidentToPeopleTestSuite.robot">
<kw name="Open the synapse analyst url" library="WidgetExportKeywords" type="SETUP">
<arg>${URL.${env}}</arg>
<kw name="Open Browser" library="Selenium2Library">
<arg>${url}</arg>
<arg>${BROWSER}</arg>
<doc>Opens a new browser instance to the optional ``url``.</doc>
<msg timestamp="20251229 16:37:37.563" level="INFO">Opening browser 'chrome' to base url 'https://analystuat.staging.zinc.systems/#/auth/login'.</msg>
<status status="PASS" starttime="20251229 16:37:37.562" endtime="20251229 16:37:42.845"/>
</kw>
<kw name="Maximize Browser Window" library="Selenium2Library">
<doc>Maximizes current browser window.</doc>
<status status="PASS" starttime="20251229 16:37:42.845" endtime="20251229 16:37:42.884"/>
</kw>
<kw name="Input Text" library="Selenium2Library">
<arg>${LOCATOR_EMAIL}</arg>
<arg>${VALID_EMAIL.${env}}</arg>
<doc>Types the given ``text`` into the text field identified by ``locator``.</doc>
<msg timestamp="20251229 16:37:42.893" level="INFO">Typing text 'aditya.sahay+694@zinc.systems' into text field 'id:email'.</msg>
<status status="PASS" starttime="20251229 16:37:42.884" endtime="20251229 16:37:43.072"/>
</kw>
<kw name="Input Password" library="Selenium2Library">
<arg>${LOCATOR_PASSWORD}</arg>
<arg>${VALID_SYNAPSE_PASS.${env}}</arg>
<doc>Types the given password into the text field identified by ``locator``.</doc>
<msg timestamp="20251229 16:37:43.087" level="INFO">Typing password into text field 'id:password'.</msg>
<msg timestamp="20251229 16:37:43.133" level="INFO">Temporally setting log level to: NONE</msg>
<msg timestamp="20251229 16:37:43.231" level="INFO">Log level changed from NONE to INFO.</msg>
<status status="PASS" starttime="20251229 16:37:43.072" endtime="20251229 16:37:43.231"/>
</kw>
<kw name="Sleep" library="BuiltIn">
<arg>1</arg>
<doc>Pauses the test executed for the given time.</doc>
<msg timestamp="20251229 16:37:44.231" level="INFO">Slept 1 second</msg>
<status status="PASS" starttime="20251229 16:37:43.231" endtime="20251229 16:37:44.231"/>
</kw>
<kw name="Wait Until Element Is Visible" library="Selenium2Library">
<arg>${LOCATOR_LOGIN_BUTTON}</arg>
<doc>Waits until the element ``locator`` is visible.</doc>
<status status="PASS" starttime="20251229 16:37:44.231" endtime="20251229 16:37:44.256"/>
</kw>
<kw name="Click Element" library="Selenium2Library">
<arg>${LOCATOR_LOGIN_BUTTON}</arg>
<doc>Click the element identified by ``locator``.</doc>
<msg timestamp="20251229 16:37:44.258" level="INFO">Clicking element 'id:loginButton'.</msg>
<status status="PASS" starttime="20251229 16:37:44.256" endtime="20251229 16:37:44.537"/>
</kw>
<kw name="Wait Until Element Is Visible" library="Selenium2Library">
<arg>${LOCATOR_APP_LOGO}</arg>
<arg>45</arg>
<doc>Waits until the element ``locator`` is visible.</doc>
<status status="PASS" starttime="20251229 16:37:44.538" endtime="20251229 16:37:53.602"/>
</kw>
<kw name="Run Keyword And Return Status" library="BuiltIn">
<var>${element_present}</var>
<arg>Wait Until Element Is Visible</arg>
<arg>${LOCATOR_ALLOW_LOCATION_BUTTON}</arg>
<arg>10</arg>
<doc>Runs the given keyword with given arguments and returns the status as a Boolean value.</doc>
<kw name="Wait Until Element Is Visible" library="Selenium2Library">
<arg>${LOCATOR_ALLOW_LOCATION_BUTTON}</arg>
<arg>10</arg>
<doc>Waits until the element ``locator`` is visible.</doc>
<status status="PASS" starttime="20251229 16:37:53.602" endtime="20251229 16:37:58.539"/>
</kw>
<msg timestamp="20251229 16:37:58.539" level="INFO">${element_present} = True</msg>
<status status="PASS" starttime="20251229 16:37:53.602" endtime="20251229 16:37:58.539"/>
</kw>
<kw name="Run Keyword If" library="BuiltIn">
<arg>${element_present}</arg>
<arg>Click Element</arg>
<arg>${LOCATOR_ALLOW_LOCATION_BUTTON}</arg>
<doc>Runs the given keyword with the given arguments, if ``condition`` is true.</doc>
<kw name="Click Element" library="Selenium2Library">
<arg>${LOCATOR_ALLOW_LOCATION_BUTTON}</arg>
<doc>Click the element identified by ``locator``.</doc>
<msg timestamp="20251229 16:37:58.541" level="INFO">Clicking element 'id:btn-allow-location'.</msg>
<status status="PASS" starttime="20251229 16:37:58.540" endtime="20251229 16:37:58.658"/>
</kw>
<status status="PASS" starttime="20251229 16:37:58.540" endtime="20251229 16:37:58.658"/>
</kw>
<kw name="Wait Until Element Is Visible" library="Selenium2Library">
<arg>${LOCATOR_DASHBOARDS_HEADER}</arg>
<arg>15</arg>
<doc>Waits until the element ``locator`` is visible.</doc>
<status status="PASS" starttime="20251229 16:37:58.658" endtime="20251229 16:37:58.911"/>
</kw>
<kw name="Page Should Contain Element" library="Selenium2Library">
<arg>${LOCATOR_DASHBOARDS_HEADER}</arg>
<doc>Verifies that element ``locator`` is found on the current page.</doc>
<msg timestamp="20251229 16:37:58.919" level="INFO">Current page contains element 'xpath://h3[contains(text(), 'Dashboards')]'.</msg>
<status status="PASS" starttime="20251229 16:37:58.911" endtime="20251229 16:37:58.920"/>
</kw>
<status status="PASS" starttime="20251229 16:37:37.554" endtime="20251229 16:37:58.920"/>
</kw>
<test id="s1-t1" name="LPI_018_verify user should able to unlink incident from people preview page(suspect) and verify it in incident detail page" line="117">
<kw name="Go To Home Page" library="General" type="SETUP">
<kw name="Set Selenium Implicit Wait" library="Selenium2Library">
<arg>1</arg>
<doc>Sets the implicit wait value used by Selenium.</doc>
<status status="PASS" starttime="20251229 16:37:58.922" endtime="20251229 16:37:58.923"/>
</kw>
<kw name="Press Keys" library="Selenium2Library">
<arg>None</arg>
<arg>ESC</arg>
<doc>Simulates the user pressing key(s) to an element or on the active browser.</doc>
<msg timestamp="20251229 16:37:58.924" level="INFO">Sending key(s) ('ESC',) to page.</msg>
<msg timestamp="20251229 16:37:58.924" level="INFO">Pressing special key ESCAPE to browser.</msg>
<msg timestamp="20251229 16:37:58.924" level="INFO">Releasing special key ESCAPE.</msg>
<status status="PASS" starttime="20251229 16:37:58.923" endtime="20251229 16:37:58.933"/>
</kw>
<kw name="Start Test Case Recording" library="General">
<kw name="Run Keyword If" library="BuiltIn">
<arg>'${USE_PYGTK}'=='True'</arg>
<arg>run keyword and ignore error</arg>
<arg>Import Library</arg>
<arg>ScreenCapLibrary</arg>
<arg>screenshot_module=PyGTK</arg>
<arg>ELSE</arg>
<arg>run keyword and ignore error</arg>
<arg>Import Library</arg>
<arg>ScreenCapLibrary</arg>
<doc>Runs the given keyword with the given arguments, if ``condition`` is true.</doc>
<kw name="Run Keyword And Ignore Error" library="BuiltIn">
<arg>Import Library</arg>
<arg>ScreenCapLibrary</arg>
<doc>Runs the given keyword with the given arguments and ignores possible error.</doc>
<kw name="Import Library" library="BuiltIn">
<arg>ScreenCapLibrary</arg>
<doc>Imports a library with the given name and optional arguments.</doc>
<status status="PASS" starttime="20251229 16:37:58.934" endtime="20251229 16:37:59.344"/>
</kw>
<status status="PASS" starttime="20251229 16:37:58.934" endtime="20251229 16:37:59.344"/>
</kw>
<status status="PASS" starttime="20251229 16:37:58.933" endtime="20251229 16:37:59.344"/>
</kw>
<kw name="Get Current Date" library="DateTime">
<var>${Current_Time}</var>
<arg>result_format=%m_%d_%H_%M_%S</arg>
<doc>Returns current local or UTC time with an optional increment.</doc>
<msg timestamp="20251229 16:37:59.345" level="INFO">${Current_Time} = 12_29_16_37_59</msg>
<status status="PASS" starttime="20251229 16:37:59.344" endtime="20251229 16:37:59.345"/>
</kw>
<kw name="Set Variable" library="BuiltIn">
<var>${recording_file}</var>
<arg>${TEST NAME}_${Current_Time}</arg>
<doc>Returns the given values which can then be assigned to a variables.</doc>
<msg timestamp="20251229 16:37:59.345" level="INFO">${recording_file} = LPI_018_verify user should able to unlink incident from people preview page(suspect) and verify it in incident detail page_12_29_16_37_59</msg>
<status status="PASS" starttime="20251229 16:37:59.345" endtime="20251229 16:37:59.345"/>
</kw>
<kw name="Run Keyword And Ignore Error" library="BuiltIn">
<arg>start video recording</arg>
<arg>alias=None</arg>
<arg>name=${recording_file}</arg>
<arg>fps=None</arg>
<arg>size_percentage=0.8</arg>
<arg>embed=True</arg>
<arg>embed_width='800px'</arg>
<arg>monitor=0</arg>
<doc>Runs the given keyword with the given arguments and ignores possible error.</doc>
<kw name="Start Video Recording" library="ScreenCapLibrary">
<arg>alias=None</arg>
<arg>name=${recording_file}</arg>
<arg>fps=None</arg>
<arg>size_percentage=0.8</arg>
<arg>embed=True</arg>
<arg>embed_width='800px'</arg>
<arg>monitor=0</arg>
<doc>Starts the recording of a video in the background with the specified ``name``.
The recording can be stopped by calling the `Stop Video Recording` keyword.</doc>
<msg timestamp="20251229 16:38:01.481" level="INFO">Automatically setting a fps of 8.5</msg>
<status status="PASS" starttime="20251229 16:37:59.345" endtime="20251229 16:38:01.485"/>
</kw>
<status status="PASS" starttime="20251229 16:37:59.345" endtime="20251229 16:38:01.485"/>
</kw>
<kw name="Set Test Variable" library="BuiltIn">
<var>${recording_file}</var>
<arg>${recording_file}</arg>
<doc>Makes a variable available everywhere within the scope of the current test.</doc>
<msg timestamp="20251229 16:38:01.485" level="INFO">${recording_file} = LPI_018_verify user should able to unlink incident from people preview page(suspect) and verify it in incident detail page_12_29_16_37_59</msg>
<msg timestamp="20251229 16:38:01.485" level="INFO">${recording_file} = None</msg>
<status status="PASS" starttime="20251229 16:38:01.485" endtime="20251229 16:38:01.485"/>
</kw>
<status status="PASS" starttime="20251229 16:37:58.933" endtime="20251229 16:38:01.485"/>
</kw>
<kw name="Go To" library="Selenium2Library">
<arg>${DASHBOARD_PAGE_URL.${env}}</arg>
<doc>Navigates the current browser window to the provided ``url``.</doc>
<msg timestamp="20251229 16:38:01.494" level="INFO">Opening url 'https://analystuat.staging.zinc.systems/#/analyst/dashboard'</msg>
<status status="PASS" starttime="20251229 16:38:01.486" endtime="20251229 16:38:01.507"/>
</kw>
<kw name="Run Keyword And Return Status" library="BuiltIn">
<var>${status}</var>
<arg>element should be visible</arg>
<arg>${DASHBOARD_CLOSE_BUTTON}</arg>
<doc>Runs the given keyword with given arguments and returns the status as a Boolean value.</doc>
<kw name="Element Should Be Visible" library="Selenium2Library">
<arg>${DASHBOARD_CLOSE_BUTTON}</arg>
<doc>Verifies that the element identified by ``locator`` is visible.</doc>
<msg timestamp="20251229 16:38:03.274" level="INFO" html="true">&lt;/td&gt;&lt;/tr&gt;&lt;tr&gt;&lt;td colspan="3"&gt;&lt;a href="selenium-screenshot-8237.png"&gt;&lt;img src="selenium-screenshot-8237.png" width="800px"&gt;&lt;/a&gt;</msg>
<msg timestamp="20251229 16:38:03.275" level="FAIL">Element with locator 'id=btn-slide-out-close' not found.</msg>
<status status="FAIL" starttime="20251229 16:38:01.507" endtime="20251229 16:38:03.279"/>
</kw>
<msg timestamp="20251229 16:38:03.279" level="INFO">${status} = False</msg>
<status status="PASS" starttime="20251229 16:38:01.507" endtime="20251229 16:38:03.279"/>
</kw>
<kw name="Run Keyword If" library="BuiltIn">
<arg>'${status}'=='True'</arg>
<arg>Execute JavaScript</arg>
<arg>document.evaluate("//*[@id='btn-slide-out-close']", document, null, XPathResult.FIRST_ORDERED_NODE_TYPE, null).singleNodeValue.click()</arg>
<doc>Runs the given keyword with the given arguments, if ``condition`` is true.</doc>
<status status="PASS" starttime="20251229 16:38:03.279" endtime="20251229 16:38:03.280"/>
</kw>
<kw name="Run Keyword And Return Status" library="BuiltIn">
<var>${dstatus}</var>
<arg>element should be visible</arg>
<arg>${DISCARD_BUTTON}</arg>
<doc>Runs the given keyword with given arguments and returns the status as a Boolean value.</doc>
<kw name="Element Should Be Visible" library="Selenium2Library">
<arg>${DISCARD_BUTTON}</arg>
<doc>Verifies that the element identified by ``locator`` is visible.</doc>
<msg timestamp="20251229 16:38:05.698" level="INFO" html="true">&lt;/td&gt;&lt;/tr&gt;&lt;tr&gt;&lt;td colspan="3"&gt;&lt;a href="selenium-screenshot-8238.png"&gt;&lt;img src="selenium-screenshot-8238.png" width="800px"&gt;&lt;/a&gt;</msg>
<msg timestamp="20251229 16:38:05.698" level="FAIL">Element with locator 'xpath=//button[normalize-space()='Discard']' not found.</msg>
<status status="FAIL" starttime="20251229 16:38:03.280" endtime="20251229 16:38:05.698"/>
</kw>
<msg timestamp="20251229 16:38:05.700" level="INFO">${dstatus} = False</msg>
<status status="PASS" starttime="20251229 16:38:03.280" endtime="20251229 16:38:05.700"/>
</kw>
<kw name="Run Keyword If" library="BuiltIn">
<arg>'${dstatus}'=='True'</arg>
<arg>Execute JavaScript</arg>
<arg>document.evaluate("//button[normalize-space()='Discard']", document, null, XPathResult.FIRST_ORDERED_NODE_TYPE, null).singleNodeValue.click()</arg>
<doc>Runs the given keyword with the given arguments, if ``condition`` is true.</doc>
<status status="PASS" starttime="20251229 16:38:05.700" endtime="20251229 16:38:05.700"/>
</kw>
<kw name="Run Keyword And Return Status" library="BuiltIn">
<var>${dstatus}</var>
<arg>element should be visible</arg>
<arg>${YES_LEAVE_OPTION}</arg>
<doc>Runs the given keyword with given arguments and returns the status as a Boolean value.</doc>
<kw name="Element Should Be Visible" library="Selenium2Library">
<arg>${YES_LEAVE_OPTION}</arg>
<doc>Verifies that the element identified by ``locator`` is visible.</doc>
<msg timestamp="20251229 16:38:07.479" level="INFO" html="true">&lt;/td&gt;&lt;/tr&gt;&lt;tr&gt;&lt;td colspan="3"&gt;&lt;a href="selenium-screenshot-8239.png"&gt;&lt;img src="selenium-screenshot-8239.png" width="800px"&gt;&lt;/a&gt;</msg>
<msg timestamp="20251229 16:38:07.480" level="FAIL">Element with locator 'xpath=//button[text()='Yes, Leave']' not found.</msg>
<status status="FAIL" starttime="20251229 16:38:05.700" endtime="20251229 16:38:07.481"/>
</kw>
<msg timestamp="20251229 16:38:07.481" level="INFO">${dstatus} = False</msg>
<status status="PASS" starttime="20251229 16:38:05.700" endtime="20251229 16:38:07.481"/>
</kw>
<kw name="Run Keyword If" library="BuiltIn">
<arg>'${dstatus}'=='True'</arg>
<arg>Execute JavaScript</arg>
<arg>document.evaluate("//button[text()='Yes, Leave']", document, null, XPathResult.FIRST_ORDERED_NODE_TYPE, null).singleNodeValue.click()</arg>
<doc>Runs the given keyword with the given arguments, if ``condition`` is true.</doc>
<status status="PASS" starttime="20251229 16:38:07.481" endtime="20251229 16:38:07.481"/>
</kw>
<kw name="Wait Until Element Is Visible" library="Selenium2Library">
<arg>${DASHBOARD_HEADER}</arg>
<arg>30</arg>
<arg>Failed to go to dashboard page after 30 secs</arg>
<doc>Waits until the element ``locator`` is visible.</doc>
<status status="PASS" starttime="20251229 16:38:07.482" endtime="20251229 16:38:07.506"/>
</kw>
<kw name="Set Selenium Implicit Wait" library="Selenium2Library">
<arg>5</arg>
<doc>Sets the implicit wait value used by Selenium.</doc>
<status status="PASS" starttime="20251229 16:38:07.506" endtime="20251229 16:38:07.507"/>
</kw>
<kw name="Capture Page Screenshot" library="Selenium2Library">
<doc>Takes a screenshot of the current page and embeds it into a log file.</doc>
<msg timestamp="20251229 16:38:08.158" level="INFO" html="true">&lt;/td&gt;&lt;/tr&gt;&lt;tr&gt;&lt;td colspan="3"&gt;&lt;a href="selenium-screenshot-8240.png"&gt;&lt;img src="selenium-screenshot-8240.png" width="800px"&gt;&lt;/a&gt;</msg>
<status status="PASS" starttime="20251229 16:38:07.507" endtime="20251229 16:38:08.158"/>
</kw>
<status status="PASS" starttime="20251229 16:37:58.922" endtime="20251229 16:38:08.158"/>
</kw>
<kw name="Navigate to People Dashboard Page and Verify the People data is loaded" library="LinkIncidentToPeopleKeywords">
<kw name="Wait Until Element Is Visible" library="Selenium2Library">
<arg>${Peoples_dashboard_page}</arg>
<arg>15</arg>
<arg>People dashboard page is not visible</arg>
<doc>Waits until the element ``locator`` is visible.</doc>
<status status="PASS" starttime="20251229 16:38:08.159" endtime="20251229 16:38:08.202"/>
</kw>
<kw name="Wait Until Page Contains Element" library="Selenium2Library">
<arg>${People_dashboard_page_title}</arg>
<arg>15</arg>
<arg>People dashboard page header is not visible</arg>
<doc>Waits until the element ``locator`` appears on the current page.</doc>
<status status="PASS" starttime="20251229 16:38:08.202" endtime="20251229 16:38:08.220"/>
</kw>
<kw name="Wait Until Element Is Visible" library="Selenium2Library">
<arg>${People_widget}</arg>
<arg>20</arg>
<arg>People widget is not visible</arg>
<doc>Waits until the element ``locator`` is visible.</doc>
<status status="PASS" starttime="20251229 16:38:08.220" endtime="20251229 16:38:08.263"/>
</kw>
<kw name="Wait Until Page Contains Element" library="Selenium2Library">
<arg>${People_data}</arg>
<arg>30</arg>
<arg>people data was not loaded</arg>
<doc>Waits until the element ``locator`` appears on the current page.</doc>
<status status="PASS" starttime="20251229 16:38:08.264" endtime="20251229 16:38:08.283"/>
</kw>
<status status="PASS" starttime="20251229 16:38:08.158" endtime="20251229 16:38:08.283"/>
</kw>
<kw name="Click On People To Open the Preview Page" library="LinkIncidentToPeopleKeywords">
<kw name="Wait Until Element Is Visible" library="Selenium2Library">
<arg>${People_data}</arg>
<arg>30</arg>
<arg>People data is not visible on the people dashboard page</arg>
<doc>Waits until the element ``locator`` is visible.</doc>
<status status="PASS" starttime="20251229 16:38:08.283" endtime="20251229 16:38:08.334"/>
</kw>
<kw name="Click Element" library="Selenium2Library">
<arg>${People_data}</arg>
<doc>Click the element identified by ``locator``.</doc>
<msg timestamp="20251229 16:38:08.335" level="INFO">Clicking element 'xpath:(//div[@class='grid-view-img ng-star-inserted'])[1]'.</msg>
<status status="PASS" starttime="20251229 16:38:08.335" endtime="20251229 16:38:08.446"/>
</kw>
<kw name="Wait Until Page Contains Element" library="Selenium2Library">
<arg>${People_preview_page}</arg>
<arg>15</arg>
<arg>People preview page is not visible</arg>
<doc>Waits until the element ``locator`` appears on the current page.</doc>
<status status="PASS" starttime="20251229 16:38:08.446" endtime="20251229 16:38:08.485"/>
</kw>
<kw name="Wait Until Element Is Visible" library="Selenium2Library">
<arg>${People_name}</arg>
<arg>10</arg>
<arg>People name is not visible on the people preview page</arg>
<doc>Waits until the element ``locator`` is visible.</doc>
<status status="PASS" starttime="20251229 16:38:08.485" endtime="20251229 16:38:10.681"/>
</kw>
<status status="PASS" starttime="20251229 16:38:08.283" endtime="20251229 16:38:10.681"/>
</kw>
<kw name="Extract the person name which has to be unliked from people preview page" library="LinkIncidentToPeopleKeywords">
<kw name="Get Text" library="Selenium2Library">
<var>${unlink_people_first_name}</var>
<arg>${People_first_name}</arg>
<doc>Returns the text value of the element identified by ``locator``.</doc>
<msg timestamp="20251229 16:38:10.828" level="INFO">${unlink_people_first_name} = Edited Automation Firstname_12-29_10-44-00</msg>
<status status="PASS" starttime="20251229 16:38:10.683" endtime="20251229 16:38:10.828"/>
</kw>
<kw name="Get Text" library="Selenium2Library">
<var>${unlink_people_last_name}</var>
<arg>${People_last_name}</arg>
<doc>Returns the text value of the element identified by ``locator``.</doc>
<msg timestamp="20251229 16:38:10.852" level="INFO">${unlink_people_last_name} = Edited Automation Lastname_12-29_10-44-00</msg>
<status status="PASS" starttime="20251229 16:38:10.828" endtime="20251229 16:38:10.852"/>
</kw>
<kw name="Set Suite Variable" library="BuiltIn">
<arg>${unlink_people_first_name}</arg>
<arg>${unlink_people_first_name}</arg>
<doc>Makes a variable available everywhere within the scope of the current suite.</doc>
<msg timestamp="20251229 16:38:10.852" level="INFO">${unlink_people_first_name} = Edited Automation Firstname_12-29_10-44-00</msg>
<status status="PASS" starttime="20251229 16:38:10.852" endtime="20251229 16:38:10.852"/>
</kw>
<kw name="Set Suite Variable" library="BuiltIn">
<arg>${unlink_people_last_name}</arg>
<arg>${unlink_people_last_name}</arg>
<doc>Makes a variable available everywhere within the scope of the current suite.</doc>
<msg timestamp="20251229 16:38:10.853" level="INFO">${unlink_people_last_name} = Edited Automation Lastname_12-29_10-44-00</msg>
<status status="PASS" starttime="20251229 16:38:10.853" endtime="20251229 16:38:10.853"/>
</kw>
<status status="PASS" starttime="20251229 16:38:10.683" endtime="20251229 16:38:10.853"/>
</kw>
<kw name="Click On Link/Unlink Incident Button" library="LinkIncidentToPeopleKeywords">
<kw name="Sleep" library="BuiltIn">
<arg>2</arg>
<doc>Pauses the test executed for the given time.</doc>
<msg timestamp="20251229 16:38:12.857" level="INFO">Slept 2 seconds</msg>
<status status="PASS" starttime="20251229 16:38:10.855" endtime="20251229 16:38:12.857"/>
</kw>
<kw name="Wait Until Element Is Visible" library="Selenium2Library">
<arg>${Link/Unlink_button}</arg>
<arg>10</arg>
<arg>Link/Unlink button is not visible on the people preview page</arg>
<doc>Waits until the element ``locator`` is visible.</doc>
<status status="PASS" starttime="20251229 16:38:12.857" endtime="20251229 16:38:12.880"/>
</kw>
<kw name="Click Element" library="Selenium2Library">
<arg>${Link/Unlink_button}</arg>
<doc>Click the element identified by ``locator``.</doc>
<msg timestamp="20251229 16:38:12.883" level="INFO">Clicking element 'xpath://span[@id='spn-link-unlink-people']'.</msg>
<status status="PASS" starttime="20251229 16:38:12.880" endtime="20251229 16:38:13.055"/>
</kw>
<status status="PASS" starttime="20251229 16:38:10.855" endtime="20251229 16:38:13.055"/>
</kw>
<kw name="Link the incident to the people" library="LinkIncidentToPeopleKeywords">
<kw name="Wait Until Element Is Visible" library="Selenium2Library">
<arg>${Incidents_dropdown}</arg>
<arg>10</arg>
<arg>Incidents dropdown is not visible on the link/unlink incident on people preview page</arg>
<doc>Waits until the element ``locator`` is visible.</doc>
<status status="PASS" starttime="20251229 16:38:13.055" endtime="20251229 16:38:13.228"/>
</kw>
<kw name="Click Element" library="Selenium2Library">
<arg>${Incidents_dropdown}</arg>
<doc>Click the element identified by ``locator``.</doc>
<msg timestamp="20251229 16:38:13.231" level="INFO">Clicking element 'xpath://zd-select-v2[@id='select-link-incident']'.</msg>
<status status="PASS" starttime="20251229 16:38:13.228" endtime="20251229 16:38:13.347"/>
</kw>
<kw name="Input Text" library="Selenium2Library">
<arg>${Incident_dropdown_search_box}</arg>
<arg>${AA_category_incident}</arg>
<doc>Types the given ``text`` into the text field identified by ``locator``.</doc>
<msg timestamp="20251229 16:38:13.347" level="INFO">Typing text 'AA00' into text field 'xpath://input[@placeholder='Search']'.</msg>
<status status="PASS" starttime="20251229 16:38:13.347" endtime="20251229 16:38:13.456"/>
</kw>
<kw name="Get Text" library="Selenium2Library">
<var>${Selected_incident_reference_number}</var>
<arg>${Alarm_activations_incident_reference_number}</arg>
<doc>Returns the text value of the element identified by ``locator``.</doc>
<msg timestamp="20251229 16:38:14.596" level="INFO">${Selected_incident_reference_number} = AA009983</msg>
<status status="PASS" starttime="20251229 16:38:13.456" endtime="20251229 16:38:14.596"/>
</kw>
<kw name="Log To Console" library="BuiltIn">
<arg>Selected incident reference number is: ${Selected_incident_reference_number}</arg>
<doc>Logs the given message to the console.</doc>
<status status="PASS" starttime="20251229 16:38:14.596" endtime="20251229 16:38:14.598"/>
</kw>
<kw name="Set Suite Variable" library="BuiltIn">
<arg>${Selected_incident_reference_number}</arg>
<arg>${Selected_incident_reference_number}</arg>
<doc>Makes a variable available everywhere within the scope of the current suite.</doc>
<msg timestamp="20251229 16:38:14.598" level="INFO">${Selected_incident_reference_number} = AA009983</msg>
<status status="PASS" starttime="20251229 16:38:14.598" endtime="20251229 16:38:14.598"/>
</kw>
<kw name="Click Element" library="Selenium2Library">
<arg>${Alarm_activations_incident_reference_number}</arg>
<doc>Click the element identified by ``locator``.</doc>
<msg timestamp="20251229 16:38:14.599" level="INFO">Clicking element 'xpath:(//div[@class='zd-select-option'])[1]'.</msg>
<status status="PASS" starttime="20251229 16:38:14.598" endtime="20251229 16:38:14.691"/>
</kw>
<kw name="Press Keys" library="Selenium2Library">
<arg>${None}</arg>
<arg>ESC</arg>
<doc>Simulates the user pressing key(s) to an element or on the active browser.</doc>
<msg timestamp="20251229 16:38:14.692" level="INFO">Sending key(s) ('ESC',) to page.</msg>
<msg timestamp="20251229 16:38:14.692" level="INFO">Pressing special key ESCAPE to browser.</msg>
<msg timestamp="20251229 16:38:14.692" level="INFO">Releasing special key ESCAPE.</msg>
<status status="PASS" starttime="20251229 16:38:14.691" endtime="20251229 16:38:14.707"/>
</kw>
<kw name="Get Text" library="Selenium2Library">
<var>${Selected_incident_reference_number_shown_after_selection}</var>
<arg>xpath://span[@class='mbsc-textfield-tag-text mbsc-material']</arg>
<doc>Returns the text value of the element identified by ``locator``.</doc>
<msg timestamp="20251229 16:38:14.745" level="INFO">${Selected_incident_reference_number_shown_after_selection} = AA009983</msg>
<status status="PASS" starttime="20251229 16:38:14.708" endtime="20251229 16:38:14.745"/>
</kw>
<kw name="Should Be Equal" library="BuiltIn">
<arg>${Selected_incident_reference_number}</arg>
<arg>${Selected_incident_reference_number_shown_after_selection}</arg>
<arg>Selected incident reference number is not shown after selection</arg>
<doc>Fails if the given objects are unequal.</doc>
<status status="PASS" starttime="20251229 16:38:14.747" endtime="20251229 16:38:14.747"/>
</kw>
<kw name="Wait Until Element Is Visible" library="Selenium2Library">
<arg>${Link_button}</arg>
<arg>10</arg>
<arg>Link button is not visible on the link/unlink incident on people preview page</arg>
<doc>Waits until the element ``locator`` is visible.</doc>
<status status="PASS" starttime="20251229 16:38:14.747" endtime="20251229 16:38:14.772"/>
</kw>
<kw name="Click Element" library="Selenium2Library">
<arg>${Link_button}</arg>
<doc>Click the element identified by ``locator``.</doc>
<msg timestamp="20251229 16:38:14.772" level="INFO">Clicking element 'xpath://button[@id='btn-slide-out-confirm']'.</msg>
<status status="PASS" starttime="20251229 16:38:14.772" endtime="20251229 16:38:14.897"/>
</kw>
<kw name="Run Keyword And Return Status" library="BuiltIn">
<arg>Page Should Contain</arg>
<arg>${Event_linked_successfully_toast_message}</arg>
<doc>Runs the given keyword with given arguments and returns the status as a Boolean value.</doc>
<kw name="Page Should Contain" library="Selenium2Library">
<arg>${Event_linked_successfully_toast_message}</arg>
<doc>Verifies that current page contains ``text``.</doc>
<msg timestamp="20251229 16:38:16.113" level="INFO">Current page contains text 'Event linked successfully'.</msg>
<status status="PASS" starttime="20251229 16:38:14.898" endtime="20251229 16:38:16.113"/>
</kw>
<status status="PASS" starttime="20251229 16:38:14.898" endtime="20251229 16:38:16.113"/>
</kw>
<status status="PASS" starttime="20251229 16:38:13.055" endtime="20251229 16:38:16.113"/>
</kw>
<kw name="Click On Link/Unlink Incident Button" library="LinkIncidentToPeopleKeywords">
<kw name="Sleep" library="BuiltIn">
<arg>2</arg>
<doc>Pauses the test executed for the given time.</doc>
<msg timestamp="20251229 16:38:18.116" level="INFO">Slept 2 seconds</msg>
<status status="PASS" starttime="20251229 16:38:16.114" endtime="20251229 16:38:18.116"/>
</kw>
<kw name="Wait Until Element Is Visible" library="Selenium2Library">
<arg>${Link/Unlink_button}</arg>
<arg>10</arg>
<arg>Link/Unlink button is not visible on the people preview page</arg>
<doc>Waits until the element ``locator`` is visible.</doc>
<status status="PASS" starttime="20251229 16:38:18.116" endtime="20251229 16:38:18.140"/>
</kw>
<kw name="Click Element" library="Selenium2Library">
<arg>${Link/Unlink_button}</arg>
<doc>Click the element identified by ``locator``.</doc>
<msg timestamp="20251229 16:38:18.142" level="INFO">Clicking element 'xpath://span[@id='spn-link-unlink-people']'.</msg>
<status status="PASS" starttime="20251229 16:38:18.141" endtime="20251229 16:38:18.254"/>
</kw>
<status status="PASS" starttime="20251229 16:38:16.114" endtime="20251229 16:38:18.255"/>
</kw>
<kw name="Unlink the incident from people(suspect) preview page" library="LinkIncidentToPeopleKeywords">
<kw name="Wait Until Element Is Visible" library="Selenium2Library">
<arg>${first_incident_to_unlink}</arg>
<arg>10</arg>
<arg>Incident to unlink is not visible on the link/unlink incident on people preview page</arg>
<doc>Waits until the element ``locator`` is visible.</doc>
<status status="PASS" starttime="20251229 16:38:18.256" endtime="20251229 16:38:19.149"/>
</kw>
<kw name="Get Text" library="Selenium2Library">
<var>${incident_to_unlink}</var>
<arg>${first_incident_to_unlink}</arg>
<doc>Returns the text value of the element identified by ``locator``.</doc>
<msg timestamp="20251229 16:38:19.186" level="INFO">${incident_to_unlink} = SEC015592</msg>
<status status="PASS" starttime="20251229 16:38:19.150" endtime="20251229 16:38:19.186"/>
</kw>
<kw name="Log To Console" library="BuiltIn">
<arg>the incident selected to unlink is: ${incident_to_unlink}</arg>
<doc>Logs the given message to the console.</doc>
<status status="PASS" starttime="20251229 16:38:19.186" endtime="20251229 16:38:19.187"/>
</kw>
<kw name="Set Suite Variable" library="BuiltIn">
<arg>${incident_to_unlink}</arg>
<arg>${incident_to_unlink}</arg>
<doc>Makes a variable available everywhere within the scope of the current suite.</doc>
<msg timestamp="20251229 16:38:19.188" level="INFO">${incident_to_unlink} = SEC015592</msg>
<status status="PASS" starttime="20251229 16:38:19.187" endtime="20251229 16:38:19.188"/>
</kw>
<kw name="Click Element" library="Selenium2Library">
<arg>${first_incident_delink_button}</arg>
<doc>Click the element identified by ``locator``.</doc>
<msg timestamp="20251229 16:38:19.189" level="INFO">Clicking element 'xpath://button[@id='btn-event-delink-0']'.</msg>
<status status="PASS" starttime="20251229 16:38:19.188" endtime="20251229 16:38:19.322"/>
</kw>
<kw name="Wait Until Element Is Visible" library="Selenium2Library">
<arg>${delink_confirmation_dialog_box}</arg>
<arg>10</arg>
<arg>Confirmation dialog is not visible after clicking delink button</arg>
<doc>Waits until the element ``locator`` is visible.</doc>
<status status="PASS" starttime="20251229 16:38:19.322" endtime="20251229 16:38:19.357"/>
</kw>
<kw name="Click Element" library="Selenium2Library">
<arg>${delink_yes_option}</arg>
<doc>Click the element identified by ``locator``.</doc>
<msg timestamp="20251229 16:38:19.358" level="INFO">Clicking element 'xpath://button[text()='Yes']'.</msg>
<status status="PASS" starttime="20251229 16:38:19.357" endtime="20251229 16:38:19.475"/>
</kw>
<kw name="Element Should Not Be Visible" library="Selenium2Library">
<arg>xpath=//*[contains(text(), '${incident_to_unlink}')]</arg>
<doc>Verifies that the element identified by ``locator`` is NOT visible.</doc>
<msg timestamp="20251229 16:38:19.508" level="INFO">Element 'xpath=//*[contains(text(), 'SEC015592')]' exists but is not displayed.</msg>
<status status="PASS" starttime="20251229 16:38:19.475" endtime="20251229 16:38:19.508"/>
</kw>
<kw name="Wait Until Page Contains" library="Selenium2Library">
<arg>${Event_unlinked_successfully_toast_message}</arg>
<doc>Waits until ``text`` appears on the current page.</doc>
<status status="PASS" starttime="20251229 16:38:19.509" endtime="20251229 16:38:21.337"/>
</kw>
<kw name="Wait Until Element Is Visible" library="Selenium2Library">
<arg>${Cancel_link_button}</arg>
<arg>10</arg>
<arg>Cancel button is not visible on the link/unlink incident on people preview page</arg>
<doc>Waits until the element ``locator`` is visible.</doc>
<status status="PASS" starttime="20251229 16:38:21.337" endtime="20251229 16:38:21.368"/>
</kw>
<kw name="Click Element" library="Selenium2Library">
<arg>${Cancel_link_button}</arg>
<doc>Click the element identified by ``locator``.</doc>
<msg timestamp="20251229 16:38:21.370" level="INFO">Clicking element 'xpath://button[@id='btn-slide-out-close']'.</msg>
<status status="PASS" starttime="20251229 16:38:21.368" endtime="20251229 16:38:21.458"/>
</kw>
<status status="PASS" starttime="20251229 16:38:18.255" endtime="20251229 16:38:21.458"/>
</kw>
<kw name="Navigate to Search Module and search for the unlinked people incident" library="LinkIncidentToPeopleKeywords">
<kw name="Navigate To Search Page" library="SearchKeywords">
<kw name="Wait Until Element Is Visible" library="Selenium2Library">
<arg>${SEARCH_MODULE}</arg>
<arg>5</arg>
<arg>Search mobule is not shown</arg>
<doc>Waits until the element ``locator`` is visible.</doc>
<status status="PASS" starttime="20251229 16:38:21.458" endtime="20251229 16:38:21.486"/>
</kw>
<kw name="Click Element" library="Selenium2Library">
<arg>${SEARCH_MODULE}</arg>
<doc>Click the element identified by ``locator``.</doc>
<msg timestamp="20251229 16:38:21.487" level="INFO">Clicking element 'id=navbar-Search'.</msg>
<status status="PASS" starttime="20251229 16:38:21.487" endtime="20251229 16:38:22.091"/>
</kw>
<status status="PASS" starttime="20251229 16:38:21.458" endtime="20251229 16:38:22.091"/>
</kw>
<kw name="Wait Until Element Is Visible" library="Selenium2Library">
<arg>${SEARCH_TEXTFIELD}</arg>
<arg>15</arg>
<arg>Search text field is not visible</arg>
<doc>Waits until the element ``locator`` is visible.</doc>
<status status="PASS" starttime="20251229 16:38:22.091" endtime="20251229 16:38:22.898"/>
</kw>
<kw name="Input Text" library="Selenium2Library">
<arg>${SEARCH_TEXTFIELD}</arg>
<arg>${incident_to_unlink}</arg>
<doc>Types the given ``text`` into the text field identified by ``locator``.</doc>
<msg timestamp="20251229 16:38:22.898" level="INFO">Typing text 'SEC015592' into text field 'xpath=//input[@id='txt-global-search']'.</msg>
<status status="PASS" starttime="20251229 16:38:22.898" endtime="20251229 16:38:23.089"/>
</kw>
<kw name="Click Element" library="Selenium2Library">
<arg>${search_button}</arg>
<doc>Click the element identified by ``locator``.</doc>
<msg timestamp="20251229 16:38:23.089" level="INFO">Clicking element 'xpath=//button[@id='btn-global-search']'.</msg>
<status status="PASS" starttime="20251229 16:38:23.089" endtime="20251229 16:38:23.226"/>
</kw>
<kw name="Wait Until Page Contains" library="Selenium2Library">
<arg>${incident_to_unlink}</arg>
<arg>15</arg>
<arg>Search results are not shown</arg>
<doc>Waits until ``text`` appears on the current page.</doc>
<status status="PASS" starttime="20251229 16:38:23.226" endtime="20251229 16:38:23.390"/>
</kw>
<kw name="Click Element" library="Selenium2Library">
<arg>${search_module_view_event_button}</arg>
<doc>Click the element identified by ``locator``.</doc>
<msg timestamp="20251229 16:38:23.390" level="INFO">Clicking element 'xpath://span[@class='mat-button-wrapper']/child::em[@id='incident-search-view']'.</msg>
<status status="PASS" starttime="20251229 16:38:23.390" endtime="20251229 16:38:25.025"/>
</kw>
<status status="PASS" starttime="20251229 16:38:21.458" endtime="20251229 16:38:25.025"/>
</kw>
<kw name="Go to Involved Entities Tab and verify the linked suspect absence" library="LinkIncidentToPeopleKeywords">
<kw name="Wait Until Page Contains Element" library="Selenium2Library">
<arg>${incident_view_header}</arg>
<arg>15</arg>
<arg>Incident view header is not visible</arg>
<doc>Waits until the element ``locator`` appears on the current page.</doc>
<status status="PASS" starttime="20251229 16:38:25.027" endtime="20251229 16:38:32.097"/>
</kw>
<kw name="Sleep" library="BuiltIn">
<arg>2</arg>
<doc>Pauses the test executed for the given time.</doc>
<msg timestamp="20251229 16:38:34.100" level="INFO">Slept 2 seconds</msg>
<status status="PASS" starttime="20251229 16:38:32.097" endtime="20251229 16:38:34.100"/>
</kw>
<kw name="Click Element" library="Selenium2Library">
<arg>${involved_entities_tab}</arg>
<doc>Click the element identified by ``locator``.</doc>
<msg timestamp="20251229 16:38:34.100" level="INFO">Clicking element 'xpath://div[@class='mat-tooltip-trigger normal-text ng-star-inserted' and text()='Involved Entities']'.</msg>
<status status="PASS" starttime="20251229 16:38:34.100" endtime="20251229 16:38:34.377"/>
</kw>
<kw name="Wait Until Element Is Visible" library="Selenium2Library">
<arg>${People_widget}</arg>
<arg>10</arg>
<arg>People widget is not visible</arg>
<doc>Waits until the element ``locator`` is visible.</doc>
<status status="PASS" starttime="20251229 16:38:34.377" endtime="20251229 16:38:34.424"/>
</kw>
<kw name="Element Should Not Be Visible" library="Selenium2Library">
<arg>xpath=//*[contains(text(), '${unlink_people_first_name}')]</arg>
<doc>Verifies that the element identified by ``locator`` is NOT visible.</doc>
<msg timestamp="20251229 16:38:39.485" level="INFO">Element 'xpath=//*[contains(text(), 'Edited Automation Firstname_12-29_10-44-00')]' did not exist.</msg>
<status status="PASS" starttime="20251229 16:38:34.424" endtime="20251229 16:38:39.485"/>
</kw>
<kw name="Element Should Not Be Visible" library="Selenium2Library">
<arg>xpath=//*[contains(text(), '${unlink_people_last_name}')]</arg>
<doc>Verifies that the element identified by ``locator`` is NOT visible.</doc>
<msg timestamp="20251229 16:38:44.501" level="INFO">Element 'xpath=//*[contains(text(), 'Edited Automation Lastname_12-29_10-44-00')]' did not exist.</msg>
<status status="PASS" starttime="20251229 16:38:39.489" endtime="20251229 16:38:44.501"/>
</kw>
<kw name="Log To Console" library="BuiltIn">
<arg>Unlinked person ${unlink_people_first_name} ${unlink_people_last_name} is not visible under Involved Entities tab of the unlinked incident as expected</arg>
<doc>Logs the given message to the console.</doc>
<status status="PASS" starttime="20251229 16:38:44.501" endtime="20251229 16:38:44.501"/>
</kw>
<status status="PASS" starttime="20251229 16:38:25.026" endtime="20251229 16:38:44.501"/>
</kw>
<kw name="Stop Test Case Recording" library="General" type="TEARDOWN">
<kw name="Sleep" library="BuiltIn">
<arg>2</arg>
<doc>Pauses the test executed for the given time.</doc>
<msg timestamp="20251229 16:38:46.510" level="INFO">Slept 2 seconds</msg>
<status status="PASS" starttime="20251229 16:38:44.510" endtime="20251229 16:38:46.510"/>
</kw>
<kw name="Run Keyword And Ignore Error" library="BuiltIn">
<arg>Stop Video Recording</arg>
<doc>Runs the given keyword with the given arguments and ignores possible error.</doc>
<kw name="Stop Video Recording" library="ScreenCapLibrary">
<doc>Stops the video recording corresponding to the given ``alias`` and generates the file in WebM format. If no
``alias`` is specified, the last opened recording will be closed. If there are more recordings with the same
alias all of them will be closed. If ``embed`` argument was set to
``True`` the video will be displayed in the log file.
Furthermore, if the ``save_to_disk`` parameter is set to ``False``, the video will be embedded and available in
the log file only.</doc>
<msg timestamp="20251229 16:38:46.775" level="INFO" html="true">&lt;a href="LPI_018_verify%20user%20should%20able%20to%20unlink%20incident%20from%20people%20preview%20page%28suspect%29%20and%20verify%20it%20in%20incident%20detail%20page_12_29_16_37_59_1.webm"&gt;&lt;video width="'800px'" autoplay&gt;&lt;source src="LPI_018_verify%20user%20should%20able%20to%20unlink%20incident%20from%20people%20preview%20page%28suspect%29%20and%20verify%20it%20in%20incident%20detail%20page_12_29_16_37_59_1.webm" type="video/webm"&gt;&lt;/video&gt;&lt;/a&gt;</msg>
<status status="PASS" starttime="20251229 16:38:46.511" endtime="20251229 16:38:46.775"/>
</kw>
<status status="PASS" starttime="20251229 16:38:46.510" endtime="20251229 16:38:46.775"/>
</kw>
<kw name="Set Variable" library="BuiltIn">
<var>${original_file}</var>
<arg>${recording_file}</arg>
<doc>Returns the given values which can then be assigned to a variables.</doc>
<msg timestamp="20251229 16:38:46.776" level="INFO">${original_file} = LPI_018_verify user should able to unlink incident from people preview page(suspect) and verify it in incident detail page_12_29_16_37_59</msg>
<status status="PASS" starttime="20251229 16:38:46.775" endtime="20251229 16:38:46.776"/>
</kw>
<kw name="Set Variable" library="BuiltIn">
<var>${new_file}</var>
<arg>${recording_file}_${test_status}</arg>
<doc>Returns the given values which can then be assigned to a variables.</doc>
<msg timestamp="20251229 16:38:46.776" level="INFO">${new_file} = LPI_018_verify user should able to unlink incident from people preview page(suspect) and verify it in incident detail page_12_29_16_37_59_PASS</msg>
<status status="PASS" starttime="20251229 16:38:46.776" endtime="20251229 16:38:46.776"/>
</kw>
<kw name="Run Keyword And Ignore Error" library="BuiltIn">
<arg>Move File</arg>
<arg>${original_file}_1.webm</arg>
<arg>./Test_Recordings/${new_file}.webm</arg>
<doc>Runs the given keyword with the given arguments and ignores possible error.</doc>
<kw name="Move File" library="OperatingSystem">
<arg>${original_file}_1.webm</arg>
<arg>./Test_Recordings/${new_file}.webm</arg>
<doc>Moves the source file into the destination.</doc>
<msg timestamp="20251229 16:38:46.779" level="INFO" html="true">Moved file from '&lt;a href="file://C:\Users\adity\PycharmProjects\Synapse_new\LPI_018_verify user should able to unlink incident from people preview page(suspect) and verify it in incident detail page_12_29_16_37_59_1.webm"&gt;C:\Users\adity\PycharmProjects\Synapse_new\LPI_018_verify user should able to unlink incident from people preview page(suspect) and verify it in incident detail page_12_29_16_37_59_1.webm&lt;/a&gt;' to '&lt;a href="file://C:\Users\adity\PycharmProjects\Synapse_new\Test_Recordings\LPI_018_verify user should able to unlink incident from people preview page(suspect) and verify it in incident detail page_12_29_16_37_59_PASS.webm"&gt;C:\Users\adity\PycharmProjects\Synapse_new\Test_Recordings\LPI_018_verify user should able to unlink incident from people preview page(suspect) and verify it in incident detail page_12_29_16_37_59_PASS.webm&lt;/a&gt;'.</msg>
<status status="PASS" starttime="20251229 16:38:46.776" endtime="20251229 16:38:46.779"/>
</kw>
<status status="PASS" starttime="20251229 16:38:46.776" endtime="20251229 16:38:46.780"/>
</kw>
<status status="PASS" starttime="20251229 16:38:44.501" endtime="20251229 16:38:46.780"/>
</kw>
<doc>verify user should able to unlink incident from people preview page(suspect) and verify it in incident detail page</doc>
<tag>LPI_UnlinkIncidentFromPeopleSuspect</tag>
<status status="PASS" starttime="20251229 16:37:58.920" endtime="20251229 16:38:46.780"/>
</test>
<kw name="Close Browser" library="Selenium2Library" type="TEARDOWN">
<doc>Closes the current browser.</doc>
<status status="PASS" starttime="20251229 16:38:46.781" endtime="20251229 16:38:49.094"/>
</kw>
<doc>test cases for Link Incidents to people</doc>
<status status="PASS" starttime="20251229 16:37:36.879" endtime="20251229 16:38:49.094"/>
</suite>
<statistics>
<total>
<stat pass="1" fail="0" skip="0">All Tests</stat>
</total>
<tag>
<stat pass="1" fail="0" skip="0">LPI_UnlinkIncidentFromPeopleSuspect</stat>
</tag>
<suite>
<stat pass="1" fail="0" skip="0" id="s1" name="LinkIncidentToPeopleTestSuite">LinkIncidentToPeopleTestSuite</stat>
</suite>
</statistics>
<errors>
</errors>
</robot>
