<?xml version="1.0" encoding="UTF-8"?>
<robot generator="Robot 7.0 (Python 3.11.3 on win32)" generated="2025-10-14T14:20:57.722420" rpa="false" schemaversion="5">
<suite id="s1" name="LinkIncidentToPeopleTestSuite" source="C:\Users\Asus\PycharmProjects\Synapse\Tests\LinkIncidentToPeopleTestSuite.robot">
<kw name="Open the synapse analyst url" owner="WidgetExportKeywords" type="SETUP">
<kw name="Open Browser" owner="Selenium2Library">
<msg time="2025-10-14T14:20:59.437621" level="INFO">Opening browser 'chrome' to base url 'https://analystuat.staging.zinc.systems/#/auth/login'.</msg>
<arg>${URL}</arg>
<arg>${BROWSER}</arg>
<doc>Opens a new browser instance to the optional ``url``.</doc>
<status status="PASS" start="2025-10-14T14:20:59.436620" elapsed="3.079215"/>
</kw>
<kw name="Maximize Browser Window" owner="Selenium2Library">
<doc>Maximizes current browser window.</doc>
<status status="PASS" start="2025-10-14T14:21:02.515835" elapsed="8.758147"/>
</kw>
<kw name="Input Text" owner="Selenium2Library">
<msg time="2025-10-14T14:21:11.275488" level="INFO">Typing text 'aditya.sahay+694@zinc.systems' into text field 'id:email'.</msg>
<arg>${LOCATOR_EMAIL}</arg>
<arg>${EMAIL_LOGIN}</arg>
<doc>Types the given ``text`` into the text field identified by ``locator``.</doc>
<status status="PASS" start="2025-10-14T14:21:11.274487" elapsed="1.673468"/>
</kw>
<kw name="Input Password" owner="Selenium2Library">
<msg time="2025-10-14T14:21:12.948953" level="INFO">Typing password into text field 'id:password'.</msg>
<msg time="2025-10-14T14:21:13.100535" level="INFO">Temporally setting log level to: NONE</msg>
<arg>${LOCATOR_PASSWORD}</arg>
<arg>${PASSWORD}</arg>
<doc>Types the given password into the text field identified by ``locator``.</doc>
<status status="PASS" start="2025-10-14T14:21:12.947955" elapsed="0.333939"/>
</kw>
<kw name="Sleep" owner="BuiltIn">
<msg time="2025-10-14T14:21:14.283074" level="INFO">Slept 1 second.</msg>
<arg>1</arg>
<doc>Pauses the test executed for the given time.</doc>
<status status="PASS" start="2025-10-14T14:21:13.282892" elapsed="1.000687"/>
</kw>
<kw name="Wait Until Element Is Visible" owner="Selenium2Library">
<arg>${LOCATOR_LOGIN_BUTTON}</arg>
<doc>Waits until the element ``locator`` is visible.</doc>
<status status="PASS" start="2025-10-14T14:21:14.284083" elapsed="0.306763"/>
</kw>
<kw name="Click Element" owner="Selenium2Library">
<msg time="2025-10-14T14:21:14.591842" level="INFO">Clicking element 'id:loginButton'.</msg>
<arg>${LOCATOR_LOGIN_BUTTON}</arg>
<doc>Click the element identified by ``locator``.</doc>
<status status="PASS" start="2025-10-14T14:21:14.591842" elapsed="0.415436"/>
</kw>
<kw name="Wait Until Element Is Visible" owner="Selenium2Library">
<arg>${LOCATOR_APP_LOGO}</arg>
<arg>45</arg>
<doc>Waits until the element ``locator`` is visible.</doc>
<status status="PASS" start="2025-10-14T14:21:15.008274" elapsed="11.851947"/>
</kw>
<kw name="Run Keyword And Return Status" owner="BuiltIn">
<kw name="Wait Until Element Is Visible" owner="Selenium2Library">
<arg>${LOCATOR_ALLOW_LOCATION_BUTTON}</arg>
<arg>10</arg>
<doc>Waits until the element ``locator`` is visible.</doc>
<status status="PASS" start="2025-10-14T14:21:26.861250" elapsed="5.112697"/>
</kw>
<msg time="2025-10-14T14:21:31.973947" level="INFO">${element_present} = True</msg>
<var>${element_present}</var>
<arg>Wait Until Element Is Visible</arg>
<arg>${LOCATOR_ALLOW_LOCATION_BUTTON}</arg>
<arg>10</arg>
<doc>Runs the given keyword with given arguments and returns the status as a Boolean value.</doc>
<status status="PASS" start="2025-10-14T14:21:26.860221" elapsed="5.113726"/>
</kw>
<kw name="Run Keyword If" owner="BuiltIn">
<kw name="Click Element" owner="Selenium2Library">
<msg time="2025-10-14T14:21:31.974955" level="INFO">Clicking element 'id:btn-allow-location'.</msg>
<arg>${LOCATOR_ALLOW_LOCATION_BUTTON}</arg>
<doc>Click the element identified by ``locator``.</doc>
<status status="PASS" start="2025-10-14T14:21:31.974955" elapsed="0.086649"/>
</kw>
<arg>${element_present}</arg>
<arg>Click Element</arg>
<arg>${LOCATOR_ALLOW_LOCATION_BUTTON}</arg>
<doc>Runs the given keyword with the given arguments, if ``condition`` is true.</doc>
<status status="PASS" start="2025-10-14T14:21:31.973947" elapsed="0.088693"/>
</kw>
<kw name="Wait Until Element Is Visible" owner="Selenium2Library">
<arg>${LOCATOR_DASHBOARDS_HEADER}</arg>
<arg>15</arg>
<doc>Waits until the element ``locator`` is visible.</doc>
<status status="PASS" start="2025-10-14T14:21:32.062640" elapsed="0.027801"/>
</kw>
<kw name="Page Should Contain Element" owner="Selenium2Library">
<msg time="2025-10-14T14:21:32.098271" level="INFO">Current page contains element 'xpath://h3[contains(text(), 'Dashboards')]'.</msg>
<arg>${LOCATOR_DASHBOARDS_HEADER}</arg>
<doc>Verifies that element ``locator`` is found on the current page.</doc>
<status status="PASS" start="2025-10-14T14:21:32.090441" elapsed="0.007830"/>
</kw>
<status status="PASS" start="2025-10-14T14:20:59.434619" elapsed="32.663652"/>
</kw>
<test id="s1-t1" name="LPI_013_Verify user able to view people which are linked to incident in incident preview page" line="82">
<kw name="Go To Home Page" owner="General" type="SETUP">
<kw name="Set Selenium Implicit Wait" owner="Selenium2Library">
<arg>1</arg>
<doc>Sets the implicit wait value used by Selenium.</doc>
<status status="PASS" start="2025-10-14T14:21:32.103780" elapsed="0.001043"/>
</kw>
<kw name="Press Keys" owner="Selenium2Library">
<msg time="2025-10-14T14:21:32.105879" level="INFO">Sending key(s) ('ESC',) to page.</msg>
<msg time="2025-10-14T14:21:32.105879" level="INFO">Pressing special key ESCAPE to browser.</msg>
<msg time="2025-10-14T14:21:32.105879" level="INFO">Releasing special key ESCAPE.</msg>
<arg>None</arg>
<arg>ESC</arg>
<doc>Simulates the user pressing key(s) to an element or on the active browser.</doc>
<status status="PASS" start="2025-10-14T14:21:32.104823" elapsed="0.016414"/>
</kw>
<kw name="Start Test Case Recording" owner="General">
<kw name="Run Keyword If" owner="BuiltIn">
<kw name="Run Keyword And Ignore Error" owner="BuiltIn">
<kw name="Import Library" owner="BuiltIn">
<msg time="2025-10-14T14:21:32.127856" level="FAIL">Importing library 'ScreenCapLibrary' failed: ModuleNotFoundError: No module named 'ScreenCapLibrary'
Traceback (most recent call last):
  None
PYTHONPATH:
  C:\Python311\Scripts\robot.exe
  C:\Python311\python311.zip
  C:\Python311\DLLs
  C:\Python311\Lib
  C:\Python311
  C:\Python311\Lib\site-packages
  C:\Python311\Lib\site-packages\vboxapi-1.0-py3.11.egg</msg>
<arg>ScreenCapLibrary</arg>
<doc>Imports a library with the given name and optional arguments.</doc>
<status status="FAIL" start="2025-10-14T14:21:32.122233" elapsed="0.005623">Importing library 'ScreenCapLibrary' failed: ModuleNotFoundError: No module named 'ScreenCapLibrary'
Traceback (most recent call last):
  None
PYTHONPATH:
  C:\Python311\Scripts\robot.exe
  C:\Python311\python311.zip
  C:\Python311\DLLs
  C:\Python311\Lib
  C:\Python311
  C:\Python311\Lib\site-packages
  C:\Python311\Lib\site-packages\vboxapi-1.0-py3.11.egg</status>
</kw>
<arg>Import Library</arg>
<arg>ScreenCapLibrary</arg>
<doc>Runs the given keyword with the given arguments and ignores possible error.</doc>
<status status="PASS" start="2025-10-14T14:21:32.122233" elapsed="0.006623"/>
</kw>
<arg>'${USE_PYGTK}'=='True'</arg>
<arg>run keyword and ignore error</arg>
<arg>Import Library</arg>
<arg>ScreenCapLibrary</arg>
<arg>screenshot_module=PyGTK</arg>
<arg>ELSE</arg>
<arg>run keyword and ignore error</arg>
<arg>Import Library</arg>
<arg>ScreenCapLibrary</arg>
<doc>Runs the given keyword with the given arguments, if ``condition`` is true.</doc>
<status status="PASS" start="2025-10-14T14:21:32.122233" elapsed="0.006623"/>
</kw>
<kw name="Get Current Date" owner="DateTime">
<msg time="2025-10-14T14:21:32.129852" level="INFO">${Current_Time} = 10_14_14_21_32</msg>
<var>${Current_Time}</var>
<arg>result_format=%m_%d_%H_%M_%S</arg>
<doc>Returns current local or UTC time with an optional increment.</doc>
<status status="PASS" start="2025-10-14T14:21:32.128856" elapsed="0.000996"/>
</kw>
<kw name="Set Variable" owner="BuiltIn">
<msg time="2025-10-14T14:21:32.130856" level="INFO">${recording_file} = LPI_013_Verify user able to view people which are linked to incident in incident preview page_10_14_14_21_32</msg>
<var>${recording_file}</var>
<arg>${TEST NAME}_${Current_Time}</arg>
<doc>Returns the given values which can then be assigned to a variables.</doc>
<status status="PASS" start="2025-10-14T14:21:32.130856" elapsed="0.000000"/>
</kw>
<kw name="Run Keyword And Ignore Error" owner="BuiltIn">
<kw name="start video recording">
<msg time="2025-10-14T14:21:32.139891" level="FAIL">No keyword with name 'start video recording' found.</msg>
<arg>alias=None</arg>
<arg>name=${recording_file}</arg>
<arg>fps=None</arg>
<arg>size_percentage=0.8</arg>
<arg>embed=True</arg>
<arg>embed_width='800px'</arg>
<arg>monitor=0</arg>
<status status="FAIL" start="2025-10-14T14:21:32.139891" elapsed="0.000000">No keyword with name 'start video recording' found.</status>
</kw>
<arg>start video recording</arg>
<arg>alias=None</arg>
<arg>name=${recording_file}</arg>
<arg>fps=None</arg>
<arg>size_percentage=0.8</arg>
<arg>embed=True</arg>
<arg>embed_width='800px'</arg>
<arg>monitor=0</arg>
<doc>Runs the given keyword with the given arguments and ignores possible error.</doc>
<status status="PASS" start="2025-10-14T14:21:32.131849" elapsed="0.008042"/>
</kw>
<kw name="Set Test Variable" owner="BuiltIn">
<msg time="2025-10-14T14:21:32.140888" level="INFO">${recording_file} = LPI_013_Verify user able to view people which are linked to incident in incident preview page_10_14_14_21_32</msg>
<msg time="2025-10-14T14:21:32.140888" level="INFO">${recording_file} = None</msg>
<var>${recording_file}</var>
<arg>${recording_file}</arg>
<doc>Makes a variable available everywhere within the scope of the current test.</doc>
<status status="PASS" start="2025-10-14T14:21:32.140888" elapsed="0.000000"/>
</kw>
<status status="PASS" start="2025-10-14T14:21:32.122233" elapsed="0.018655"/>
</kw>
<kw name="Go To" owner="Selenium2Library">
<msg time="2025-10-14T14:21:32.147536" level="INFO">Opening url 'https://analystuat.staging.zinc.systems/#/analyst/dashboard'</msg>
<arg>${DASHBOARD_PAGE_URL.${env}}</arg>
<doc>Navigates the current browser window to the provided ``url``.</doc>
<status status="PASS" start="2025-10-14T14:21:32.140888" elapsed="0.021141"/>
</kw>
<kw name="Run Keyword And Return Status" owner="BuiltIn">
<kw name="Element Should Be Visible" owner="Selenium2Library">
<msg time="2025-10-14T14:21:35.062658" level="INFO" html="true">&lt;/td&gt;&lt;/tr&gt;&lt;tr&gt;&lt;td colspan="3"&gt;&lt;a href="selenium-screenshot-8050.png"&gt;&lt;img src="selenium-screenshot-8050.png" width="800px"&gt;&lt;/a&gt;</msg>
<msg time="2025-10-14T14:21:35.063622" level="FAIL">Element with locator 'id=btn-slide-out-close' not found.</msg>
<arg>${DASHBOARD_CLOSE_BUTTON}</arg>
<doc>Verifies that the element identified by ``locator`` is visible.</doc>
<status status="FAIL" start="2025-10-14T14:21:32.163027" elapsed="2.985447">Element with locator 'id=btn-slide-out-close' not found.</status>
</kw>
<msg time="2025-10-14T14:21:35.148474" level="INFO">${status} = False</msg>
<var>${status}</var>
<arg>element should be visible</arg>
<arg>${DASHBOARD_CLOSE_BUTTON}</arg>
<doc>Runs the given keyword with given arguments and returns the status as a Boolean value.</doc>
<status status="PASS" start="2025-10-14T14:21:32.163027" elapsed="2.985447"/>
</kw>
<kw name="Run Keyword If" owner="BuiltIn">
<arg>'${status}'=='True'</arg>
<arg>Execute JavaScript</arg>
<arg>document.evaluate("//*[@id='btn-slide-out-close']", document, null, XPathResult.FIRST_ORDERED_NODE_TYPE, null).singleNodeValue.click()</arg>
<doc>Runs the given keyword with the given arguments, if ``condition`` is true.</doc>
<status status="PASS" start="2025-10-14T14:21:35.148474" elapsed="0.001003"/>
</kw>
<kw name="Run Keyword And Return Status" owner="BuiltIn">
<kw name="Element Should Be Visible" owner="Selenium2Library">
<msg time="2025-10-14T14:21:39.376163" level="INFO" html="true">&lt;/td&gt;&lt;/tr&gt;&lt;tr&gt;&lt;td colspan="3"&gt;&lt;a href="selenium-screenshot-8051.png"&gt;&lt;img src="selenium-screenshot-8051.png" width="800px"&gt;&lt;/a&gt;</msg>
<msg time="2025-10-14T14:21:39.376163" level="FAIL">Element with locator 'xpath=//button[normalize-space()='Discard']' not found.</msg>
<arg>${DISCARD_BUTTON}</arg>
<doc>Verifies that the element identified by ``locator`` is visible.</doc>
<status status="FAIL" start="2025-10-14T14:21:35.149477" elapsed="4.227686">Element with locator 'xpath=//button[normalize-space()='Discard']' not found.</status>
</kw>
<msg time="2025-10-14T14:21:39.377163" level="INFO">${dstatus} = False</msg>
<var>${dstatus}</var>
<arg>element should be visible</arg>
<arg>${DISCARD_BUTTON}</arg>
<doc>Runs the given keyword with given arguments and returns the status as a Boolean value.</doc>
<status status="PASS" start="2025-10-14T14:21:35.149477" elapsed="4.227686"/>
</kw>
<kw name="Run Keyword If" owner="BuiltIn">
<arg>'${dstatus}'=='True'</arg>
<arg>Execute JavaScript</arg>
<arg>document.evaluate("//button[normalize-space()='Discard']", document, null, XPathResult.FIRST_ORDERED_NODE_TYPE, null).singleNodeValue.click()</arg>
<doc>Runs the given keyword with the given arguments, if ``condition`` is true.</doc>
<status status="PASS" start="2025-10-14T14:21:39.377163" elapsed="0.000000"/>
</kw>
<kw name="Run Keyword And Return Status" owner="BuiltIn">
<kw name="Element Should Be Visible" owner="Selenium2Library">
<msg time="2025-10-14T14:21:41.224472" level="INFO" html="true">&lt;/td&gt;&lt;/tr&gt;&lt;tr&gt;&lt;td colspan="3"&gt;&lt;a href="selenium-screenshot-8052.png"&gt;&lt;img src="selenium-screenshot-8052.png" width="800px"&gt;&lt;/a&gt;</msg>
<msg time="2025-10-14T14:21:41.224472" level="FAIL">Element with locator 'xpath=//button[text()='Yes, Leave']' not found.</msg>
<arg>${YES_LEAVE_OPTION}</arg>
<doc>Verifies that the element identified by ``locator`` is visible.</doc>
<status status="FAIL" start="2025-10-14T14:21:39.378160" elapsed="1.847312">Element with locator 'xpath=//button[text()='Yes, Leave']' not found.</status>
</kw>
<msg time="2025-10-14T14:21:41.225472" level="INFO">${dstatus} = False</msg>
<var>${dstatus}</var>
<arg>element should be visible</arg>
<arg>${YES_LEAVE_OPTION}</arg>
<doc>Runs the given keyword with given arguments and returns the status as a Boolean value.</doc>
<status status="PASS" start="2025-10-14T14:21:39.378160" elapsed="1.847312"/>
</kw>
<kw name="Run Keyword If" owner="BuiltIn">
<arg>'${dstatus}'=='True'</arg>
<arg>Execute JavaScript</arg>
<arg>document.evaluate("//button[text()='Yes, Leave']", document, null, XPathResult.FIRST_ORDERED_NODE_TYPE, null).singleNodeValue.click()</arg>
<doc>Runs the given keyword with the given arguments, if ``condition`` is true.</doc>
<status status="PASS" start="2025-10-14T14:21:41.225472" elapsed="0.001001"/>
</kw>
<kw name="Wait Until Element Is Visible" owner="Selenium2Library">
<arg>${DASHBOARD_HEADER}</arg>
<arg>30</arg>
<arg>Failed to go to dashboard page after 30 secs</arg>
<doc>Waits until the element ``locator`` is visible.</doc>
<status status="PASS" start="2025-10-14T14:21:41.226473" elapsed="0.064881"/>
</kw>
<kw name="Set Selenium Implicit Wait" owner="Selenium2Library">
<arg>5</arg>
<doc>Sets the implicit wait value used by Selenium.</doc>
<status status="PASS" start="2025-10-14T14:21:41.292346" elapsed="0.001510"/>
</kw>
<kw name="Capture Page Screenshot" owner="Selenium2Library">
<msg time="2025-10-14T14:21:42.241781" level="INFO" html="true">&lt;/td&gt;&lt;/tr&gt;&lt;tr&gt;&lt;td colspan="3"&gt;&lt;a href="selenium-screenshot-8053.png"&gt;&lt;img src="selenium-screenshot-8053.png" width="800px"&gt;&lt;/a&gt;</msg>
<doc>Takes a screenshot of the current page and embeds it into a log file.</doc>
<status status="PASS" start="2025-10-14T14:21:41.293856" elapsed="0.947925"/>
</kw>
<status status="PASS" start="2025-10-14T14:21:32.102262" elapsed="10.140515"/>
</kw>
<kw name="Navigate to Dashboard Module" owner="DataComparisonKeywords">
<kw name="Click Element" owner="Selenium2Library">
<msg time="2025-10-14T14:21:42.243773" level="INFO">Clicking element 'xpath://a[@id='navbar-Dashboards']'.</msg>
<arg>${Dashboard_module}</arg>
<doc>Click the element identified by ``locator``.</doc>
<status status="PASS" start="2025-10-14T14:21:42.243773" elapsed="0.504670"/>
</kw>
<kw name="Wait Until Element Is Visible" owner="Selenium2Library">
<arg>${dashboard_text_header}</arg>
<doc>Waits until the element ``locator`` is visible.</doc>
<status status="PASS" start="2025-10-14T14:21:42.750444" elapsed="3.373864"/>
</kw>
<status status="PASS" start="2025-10-14T14:21:42.242777" elapsed="3.881531"/>
</kw>
<kw name="Navigate to People Dashboard Page and Verify the People data is loaded" owner="LinkIncidentToPeopleKeywords">
<kw name="Wait Until Element Is Visible" owner="Selenium2Library">
<arg>${Peoples_dashboard_page}</arg>
<arg>15</arg>
<arg>People dashboard page is not visible</arg>
<doc>Waits until the element ``locator`` is visible.</doc>
<status status="PASS" start="2025-10-14T14:21:46.124829" elapsed="0.035394"/>
</kw>
<kw name="Click Element" owner="Selenium2Library">
<msg time="2025-10-14T14:21:46.161221" level="INFO">Clicking element 'xpath://div[@class='mat-tooltip-trigger normal-text ng-star-inserted' and text()='people']'.</msg>
<arg>${Peoples_dashboard_page}</arg>
<doc>Click the element identified by ``locator``.</doc>
<status status="PASS" start="2025-10-14T14:21:46.161221" elapsed="0.113538"/>
</kw>
<kw name="Wait Until Page Contains Element" owner="Selenium2Library">
<arg>${People_dashboard_page_title}</arg>
<arg>15</arg>
<arg>People dashboard page header is not visible</arg>
<doc>Waits until the element ``locator`` appears on the current page.</doc>
<status status="PASS" start="2025-10-14T14:21:46.274759" elapsed="0.021571"/>
</kw>
<kw name="Wait Until Element Is Visible" owner="Selenium2Library">
<arg>${People_widget}</arg>
<arg>20</arg>
<arg>People widget is not visible</arg>
<doc>Waits until the element ``locator`` is visible.</doc>
<status status="PASS" start="2025-10-14T14:21:46.296330" elapsed="0.043710"/>
</kw>
<kw name="Wait Until Element Is Visible" owner="Selenium2Library">
<arg>${People_data}</arg>
<arg>30</arg>
<arg>People data was not loaded</arg>
<doc>Waits until the element ``locator`` is visible.</doc>
<status status="PASS" start="2025-10-14T14:21:46.340040" elapsed="0.037156"/>
</kw>
<status status="PASS" start="2025-10-14T14:21:46.124829" elapsed="0.252367"/>
</kw>
<kw name="Click On People To Open the Preview Page" owner="LinkIncidentToPeopleKeywords">
<kw name="Wait Until Element Is Visible" owner="Selenium2Library">
<msg time="2025-10-14T14:21:51.025711" level="INFO">Suppressing StaleElementReferenceException from Selenium.</msg>
<arg>${People_data}</arg>
<arg>30</arg>
<arg>People data is not visible on the people dashboard page</arg>
<doc>Waits until the element ``locator`` is visible.</doc>
<status status="PASS" start="2025-10-14T14:21:46.378199" elapsed="8.450507"/>
</kw>
<kw name="Click Element" owner="Selenium2Library">
<msg time="2025-10-14T14:21:54.829736" level="INFO">Clicking element 'xpath:(//div[@class='grid-view-img ng-star-inserted'])[1]'.</msg>
<arg>${People_data}</arg>
<doc>Click the element identified by ``locator``.</doc>
<status status="PASS" start="2025-10-14T14:21:54.829736" elapsed="0.193126"/>
</kw>
<kw name="Wait Until Page Contains Element" owner="Selenium2Library">
<arg>${People_preview_page}</arg>
<arg>15</arg>
<arg>People preview page is not visible</arg>
<doc>Waits until the element ``locator`` appears on the current page.</doc>
<status status="PASS" start="2025-10-14T14:21:55.022862" elapsed="0.021593"/>
</kw>
<kw name="Wait Until Element Is Visible" owner="Selenium2Library">
<arg>${People_name}</arg>
<arg>10</arg>
<arg>People name is not visible on the people preview page</arg>
<doc>Waits until the element ``locator`` is visible.</doc>
<status status="PASS" start="2025-10-14T14:21:55.045458" elapsed="3.381539"/>
</kw>
<status status="PASS" start="2025-10-14T14:21:46.378199" elapsed="12.048798"/>
</kw>
<kw name="Extract the person name from people preview page" owner="LinkIncidentToPeopleKeywords">
<kw name="Get Text" owner="Selenium2Library">
<msg time="2025-10-14T14:21:58.579118" level="INFO">${first_name} = Suwpct</msg>
<var>${first_name}</var>
<arg>${People_first_name}</arg>
<doc>Returns the text value of the element identified by ``locator``.</doc>
<status status="PASS" start="2025-10-14T14:21:58.428992" elapsed="0.150126"/>
</kw>
<kw name="Get Text" owner="Selenium2Library">
<msg time="2025-10-14T14:21:58.608585" level="INFO">${last_name} = Wdwhgdgyd</msg>
<var>${last_name}</var>
<arg>${People_last_name}</arg>
<doc>Returns the text value of the element identified by ``locator``.</doc>
<status status="PASS" start="2025-10-14T14:21:58.579118" elapsed="0.029467"/>
</kw>
<kw name="Set Suite Variable" owner="BuiltIn">
<msg time="2025-10-14T14:21:58.608585" level="INFO">${first_name} = Suwpct</msg>
<arg>${first_name}</arg>
<arg>${first_name}</arg>
<doc>Makes a variable available everywhere within the scope of the current suite.</doc>
<status status="PASS" start="2025-10-14T14:21:58.608585" elapsed="0.000000"/>
</kw>
<kw name="Set Suite Variable" owner="BuiltIn">
<msg time="2025-10-14T14:21:58.609585" level="INFO">${last_name} = Wdwhgdgyd</msg>
<arg>${last_name}</arg>
<arg>${last_name}</arg>
<doc>Makes a variable available everywhere within the scope of the current suite.</doc>
<status status="PASS" start="2025-10-14T14:21:58.609585" elapsed="0.000000"/>
</kw>
<kw name="Click On Link/Unlink Incident Button" owner="LinkIncidentToPeopleKeywords">
<kw name="Wait Until Element Is Visible" owner="Selenium2Library">
<arg>${Link/Unlink_button}</arg>
<arg>10</arg>
<arg>Link/Unlink button is not visible on the people preview page</arg>
<doc>Waits until the element ``locator`` is visible.</doc>
<status status="PASS" start="2025-10-14T14:21:58.609585" elapsed="0.027546"/>
</kw>
<kw name="Click Element" owner="Selenium2Library">
<msg time="2025-10-14T14:21:58.637131" level="INFO">Clicking element 'xpath://span[@id='spn-link-unlink-people']'.</msg>
<arg>${Link/Unlink_button}</arg>
<doc>Click the element identified by ``locator``.</doc>
<status status="PASS" start="2025-10-14T14:21:58.637131" elapsed="0.236726"/>
</kw>
<status status="PASS" start="2025-10-14T14:21:58.609585" elapsed="0.264272"/>
</kw>
<kw name="Link the incident to the people" owner="LinkIncidentToPeopleKeywords">
<kw name="Wait Until Element Is Visible" owner="Selenium2Library">
<arg>${Incidents_dropdown}</arg>
<arg>10</arg>
<arg>Incidents dropdown is not visible on the link/unlink incident on people preview page</arg>
<doc>Waits until the element ``locator`` is visible.</doc>
<status status="PASS" start="2025-10-14T14:21:58.876345" elapsed="0.317634"/>
</kw>
<kw name="Click Element" owner="Selenium2Library">
<msg time="2025-10-14T14:21:59.194975" level="INFO">Clicking element 'xpath://zd-select-v2[@id='select-link-incident']'.</msg>
<arg>${Incidents_dropdown}</arg>
<doc>Click the element identified by ``locator``.</doc>
<status status="PASS" start="2025-10-14T14:21:59.193979" elapsed="0.262113"/>
</kw>
<kw name="Input Text" owner="Selenium2Library">
<msg time="2025-10-14T14:21:59.457093" level="INFO">Typing text 'AA00' into text field 'xpath://input[@placeholder='Search']'.</msg>
<arg>${Incident_dropdown_search_box}</arg>
<arg>${AA_category_incident}</arg>
<doc>Types the given ``text`` into the text field identified by ``locator``.</doc>
<status status="PASS" start="2025-10-14T14:21:59.456092" elapsed="0.163102"/>
</kw>
<kw name="Get Text" owner="Selenium2Library">
<msg time="2025-10-14T14:22:00.307044" level="INFO">${Selected_incident_reference_number} = AA009983</msg>
<var>${Selected_incident_reference_number}</var>
<arg>${Alarm_activations_incident_reference_number}</arg>
<doc>Returns the text value of the element identified by ``locator``.</doc>
<status status="PASS" start="2025-10-14T14:21:59.619194" elapsed="0.687850"/>
</kw>
<kw name="Log To Console" owner="BuiltIn">
<arg>Selected incident reference number is: ${Selected_incident_reference_number}</arg>
<doc>Logs the given message to the console.</doc>
<status status="PASS" start="2025-10-14T14:22:00.307044" elapsed="0.000998"/>
</kw>
<kw name="Set Suite Variable" owner="BuiltIn">
<msg time="2025-10-14T14:22:00.308042" level="INFO">${Selected_incident_reference_number} = AA009983</msg>
<arg>${Selected_incident_reference_number}</arg>
<arg>${Selected_incident_reference_number}</arg>
<doc>Makes a variable available everywhere within the scope of the current suite.</doc>
<status status="PASS" start="2025-10-14T14:22:00.308042" elapsed="0.000000"/>
</kw>
<kw name="Click Element" owner="Selenium2Library">
<msg time="2025-10-14T14:22:00.308042" level="INFO">Clicking element 'xpath:(//div[@class='zd-select-option'])[1]'.</msg>
<arg>${Alarm_activations_incident_reference_number}</arg>
<doc>Click the element identified by ``locator``.</doc>
<status status="PASS" start="2025-10-14T14:22:00.308042" elapsed="0.112850"/>
</kw>
<kw name="Press Keys" owner="Selenium2Library">
<msg time="2025-10-14T14:22:00.421888" level="INFO">Sending key(s) ('ESC',) to page.</msg>
<msg time="2025-10-14T14:22:00.421888" level="INFO">Pressing special key ESCAPE to browser.</msg>
<msg time="2025-10-14T14:22:00.421888" level="INFO">Releasing special key ESCAPE.</msg>
<arg>${None}</arg>
<arg>ESC</arg>
<doc>Simulates the user pressing key(s) to an element or on the active browser.</doc>
<status status="PASS" start="2025-10-14T14:22:00.421888" elapsed="0.037324"/>
</kw>
<kw name="Get Text" owner="Selenium2Library">
<msg time="2025-10-14T14:22:00.503888" level="INFO">${Selected_incident_reference_number_shown_after_selection} = AA009983</msg>
<var>${Selected_incident_reference_number_shown_after_selection}</var>
<arg>xpath://span[@class='mbsc-textfield-tag-text mbsc-material']</arg>
<doc>Returns the text value of the element identified by ``locator``.</doc>
<status status="PASS" start="2025-10-14T14:22:00.459212" elapsed="0.044676"/>
</kw>
<kw name="Should Be Equal" owner="BuiltIn">
<arg>${Selected_incident_reference_number}</arg>
<arg>${Selected_incident_reference_number_shown_after_selection}</arg>
<arg>Selected incident reference number is not shown after selection</arg>
<doc>Fails if the given objects are unequal.</doc>
<status status="PASS" start="2025-10-14T14:22:00.503888" elapsed="0.001047"/>
</kw>
<kw name="Wait Until Element Is Visible" owner="Selenium2Library">
<arg>${Link_button}</arg>
<arg>10</arg>
<arg>Link button is not visible on the link/unlink incident on people preview page</arg>
<doc>Waits until the element ``locator`` is visible.</doc>
<status status="PASS" start="2025-10-14T14:22:00.504935" elapsed="0.054099"/>
</kw>
<kw name="Click Element" owner="Selenium2Library">
<msg time="2025-10-14T14:22:00.559034" level="INFO">Clicking element 'xpath://button[@id='btn-slide-out-confirm']'.</msg>
<arg>${Link_button}</arg>
<doc>Click the element identified by ``locator``.</doc>
<status status="PASS" start="2025-10-14T14:22:00.559034" elapsed="0.113123"/>
</kw>
<kw name="Run Keyword And Return Status" owner="BuiltIn">
<kw name="Page Should Contain" owner="Selenium2Library">
<msg time="2025-10-14T14:22:02.215873" level="INFO">Current page contains text 'Event linked successfully'.</msg>
<arg>${Event_linked_successfully_toast_message}</arg>
<doc>Verifies that current page contains ``text``.</doc>
<status status="PASS" start="2025-10-14T14:22:00.672157" elapsed="1.543716"/>
</kw>
<arg>Page Should Contain</arg>
<arg>${Event_linked_successfully_toast_message}</arg>
<doc>Runs the given keyword with given arguments and returns the status as a Boolean value.</doc>
<status status="PASS" start="2025-10-14T14:22:00.672157" elapsed="1.543716"/>
</kw>
<status status="PASS" start="2025-10-14T14:21:58.875335" elapsed="3.340538"/>
</kw>
<kw name="Click On Link/Unlink Incident Button" owner="LinkIncidentToPeopleKeywords">
<kw name="Wait Until Element Is Visible" owner="Selenium2Library">
<arg>${Link/Unlink_button}</arg>
<arg>10</arg>
<arg>Link/Unlink button is not visible on the people preview page</arg>
<doc>Waits until the element ``locator`` is visible.</doc>
<status status="PASS" start="2025-10-14T14:22:02.216877" elapsed="0.023686"/>
</kw>
<kw name="Click Element" owner="Selenium2Library">
<msg time="2025-10-14T14:22:02.240563" level="INFO">Clicking element 'xpath://span[@id='spn-link-unlink-people']'.</msg>
<arg>${Link/Unlink_button}</arg>
<doc>Click the element identified by ``locator``.</doc>
<status status="PASS" start="2025-10-14T14:22:02.240563" elapsed="0.096727"/>
</kw>
<status status="PASS" start="2025-10-14T14:22:02.215873" elapsed="0.121417"/>
</kw>
<kw name="Get Text" owner="Selenium2Library">
<msg time="2025-10-14T14:22:03.037001" level="INFO">${extracted_incident_reference} = AA009983</msg>
<var>${extracted_incident_reference}</var>
<arg>${incident_reference}</arg>
<doc>Returns the text value of the element identified by ``locator``.</doc>
<status status="PASS" start="2025-10-14T14:22:02.337290" elapsed="0.699711"/>
</kw>
<kw name="Set Suite Variable" owner="BuiltIn">
<msg time="2025-10-14T14:22:03.037001" level="INFO">${extracted_incident_reference} = AA009983</msg>
<arg>${extracted_incident_reference}</arg>
<arg>${extracted_incident_reference}</arg>
<doc>Makes a variable available everywhere within the scope of the current suite.</doc>
<status status="PASS" start="2025-10-14T14:22:03.037001" elapsed="0.000000"/>
</kw>
<kw name="Click Element" owner="Selenium2Library">
<msg time="2025-10-14T14:22:03.038002" level="INFO">Clicking element 'xpath://button[@id='btn-slide-out-close']'.</msg>
<arg>${Cancel_link_button}</arg>
<doc>Click the element identified by ``locator``.</doc>
<status status="PASS" start="2025-10-14T14:22:03.038002" elapsed="0.086452"/>
</kw>
<status status="PASS" start="2025-10-14T14:21:58.427994" elapsed="4.696460"/>
</kw>
<kw name="Navigate to Search Module and search for the Linked people incident" owner="LinkIncidentToPeopleKeywords">
<kw name="Navigate To Search Page" owner="SearchKeywords">
<kw name="Wait Until Element Is Visible" owner="Selenium2Library">
<arg>${SEARCH_MODULE}</arg>
<arg>5</arg>
<arg>Search mobule is not shown</arg>
<doc>Waits until the element ``locator`` is visible.</doc>
<status status="PASS" start="2025-10-14T14:22:03.126003" elapsed="0.035139"/>
</kw>
<kw name="Click Element" owner="Selenium2Library">
<msg time="2025-10-14T14:22:03.161142" level="INFO">Clicking element 'id=navbar-Search'.</msg>
<arg>${SEARCH_MODULE}</arg>
<doc>Click the element identified by ``locator``.</doc>
<status status="PASS" start="2025-10-14T14:22:03.161142" elapsed="0.601941"/>
</kw>
<status status="PASS" start="2025-10-14T14:22:03.124967" elapsed="0.638116"/>
</kw>
<kw name="Wait Until Element Is Visible" owner="Selenium2Library">
<arg>${SEARCH_TEXTFIELD}</arg>
<arg>15</arg>
<arg>Search text field is not visible</arg>
<doc>Waits until the element ``locator`` is visible.</doc>
<status status="PASS" start="2025-10-14T14:22:03.763083" elapsed="3.548991"/>
</kw>
<kw name="Input Text" owner="Selenium2Library">
<msg time="2025-10-14T14:22:07.313072" level="INFO">Typing text 'AA009983' into text field 'xpath=//input[@id='txt-global-search']'.</msg>
<arg>${SEARCH_TEXTFIELD}</arg>
<arg>${extracted_incident_reference}</arg>
<doc>Types the given ``text`` into the text field identified by ``locator``.</doc>
<status status="PASS" start="2025-10-14T14:22:07.312074" elapsed="0.202002"/>
</kw>
<kw name="Click Element" owner="Selenium2Library">
<msg time="2025-10-14T14:22:07.516592" level="INFO">Clicking element 'xpath=//button[@id='btn-global-search']'.</msg>
<arg>${search_button}</arg>
<doc>Click the element identified by ``locator``.</doc>
<status status="PASS" start="2025-10-14T14:22:07.514589" elapsed="0.112177"/>
</kw>
<kw name="Wait Until Page Contains" owner="Selenium2Library">
<arg>${extracted_incident_reference}</arg>
<arg>15</arg>
<arg>Search results are not shown</arg>
<doc>Waits until ``text`` appears on the current page.</doc>
<status status="PASS" start="2025-10-14T14:22:07.627764" elapsed="0.174270"/>
</kw>
<kw name="Click Element" owner="Selenium2Library">
<msg time="2025-10-14T14:22:07.802034" level="INFO">Clicking element 'xpath://span[@class='mat-button-wrapper']/child::em[@id='incident-search-view']'.</msg>
<arg>${search_module_view_event_button}</arg>
<doc>Click the element identified by ``locator``.</doc>
<status status="PASS" start="2025-10-14T14:22:07.802034" elapsed="2.088296"/>
</kw>
<status status="PASS" start="2025-10-14T14:22:03.124967" elapsed="6.765363"/>
</kw>
<kw name="Go to Involved Entities Tab and verify the linked people presence" owner="LinkIncidentToPeopleKeywords">
<kw name="Wait Until Page Contains Element" owner="Selenium2Library">
<arg>${incident_view_header}</arg>
<arg>15</arg>
<arg>Incident view header is not visible</arg>
<doc>Waits until the element ``locator`` appears on the current page.</doc>
<status status="PASS" start="2025-10-14T14:22:09.890912" elapsed="6.163113"/>
</kw>
<kw name="Sleep" owner="BuiltIn">
<msg time="2025-10-14T14:22:18.054459" level="INFO">Slept 2 seconds.</msg>
<arg>2</arg>
<doc>Pauses the test executed for the given time.</doc>
<status status="PASS" start="2025-10-14T14:22:16.054025" elapsed="2.000434"/>
</kw>
<kw name="Click Element" owner="Selenium2Library">
<msg time="2025-10-14T14:22:18.054459" level="INFO">Clicking element 'xpath://div[@id='left-panel-dynamic-page-title3' and text()='Involved Entities']'.</msg>
<arg>${involved_entities_tab}</arg>
<doc>Click the element identified by ``locator``.</doc>
<status status="PASS" start="2025-10-14T14:22:18.054459" elapsed="0.084883"/>
</kw>
<kw name="Wait Until Element Is Visible" owner="Selenium2Library">
<arg>${People_widget}</arg>
<arg>10</arg>
<arg>People widget is not visible</arg>
<doc>Waits until the element ``locator`` is visible.</doc>
<status status="PASS" start="2025-10-14T14:22:18.139342" elapsed="0.022987"/>
</kw>
<kw name="Wait Until Element Is Visible" owner="Selenium2Library">
<arg>${People_data}</arg>
<arg>15</arg>
<arg>People data was not loaded</arg>
<doc>Waits until the element ``locator`` is visible.</doc>
<status status="PASS" start="2025-10-14T14:22:18.162329" elapsed="1.855816"/>
</kw>
<kw name="Wait Until Page Contains" owner="Selenium2Library">
<arg>${first_name}</arg>
<arg>20</arg>
<arg>Linked person ${first_name} is not visible under Involved Entities tab.</arg>
<doc>Waits until ``text`` appears on the current page.</doc>
<status status="PASS" start="2025-10-14T14:22:20.018145" elapsed="0.178833"/>
</kw>
<kw name="Wait Until Page Contains" owner="Selenium2Library">
<arg>${last_name}</arg>
<arg>20</arg>
<arg>Linked person ${last_name} is not visible under Involved Entities tab.</arg>
<doc>Waits until ``text`` appears on the current page.</doc>
<status status="PASS" start="2025-10-14T14:22:20.197976" elapsed="0.163210"/>
</kw>
<kw name="Log To Console" owner="BuiltIn">
<arg>Linked person ${first_name} ${last_name} is visible under Involved Entities tab of the linked incident</arg>
<doc>Logs the given message to the console.</doc>
<status status="PASS" start="2025-10-14T14:22:20.362183" elapsed="0.000000"/>
</kw>
<status status="PASS" start="2025-10-14T14:22:09.890912" elapsed="10.471271"/>
</kw>
<kw name="Stop Test Case Recording" owner="General" type="TEARDOWN">
<kw name="Sleep" owner="BuiltIn">
<msg time="2025-10-14T14:22:22.364324" level="INFO">Slept 2 seconds.</msg>
<arg>2</arg>
<doc>Pauses the test executed for the given time.</doc>
<status status="PASS" start="2025-10-14T14:22:20.363817" elapsed="2.000507"/>
</kw>
<kw name="Run Keyword And Ignore Error" owner="BuiltIn">
<kw name="Stop Video Recording">
<msg time="2025-10-14T14:22:22.369918" level="FAIL">No keyword with name 'Stop Video Recording' found.</msg>
<status status="FAIL" start="2025-10-14T14:22:22.369918" elapsed="0.000000">No keyword with name 'Stop Video Recording' found.</status>
</kw>
<arg>Stop Video Recording</arg>
<doc>Runs the given keyword with the given arguments and ignores possible error.</doc>
<status status="PASS" start="2025-10-14T14:22:22.364324" elapsed="0.006531"/>
</kw>
<status status="PASS" start="2025-10-14T14:22:20.362183" elapsed="2.008672"/>
</kw>
<doc>Verify user able to view people which are linked to incident again in incident preview page</doc>
<tag>LPI_VerifyInIncidentPreview</tag>
<status status="PASS" start="2025-10-14T14:21:32.099268" elapsed="50.271861"/>
</test>
<kw name="Close Browser" owner="Selenium2Library" type="TEARDOWN">
<doc>Closes the current browser.</doc>
<status status="PASS" start="2025-10-14T14:22:22.371968" elapsed="2.600590"/>
</kw>
<doc>test cases for Link Incidents to people</doc>
<status status="PASS" start="2025-10-14T14:20:57.724961" elapsed="87.247597"/>
</suite>
<statistics>
<total>
<stat pass="1" fail="0" skip="0">All Tests</stat>
</total>
<tag>
<stat pass="1" fail="0" skip="0">LPI_VerifyInIncidentPreview</stat>
</tag>
<suite>
<stat pass="1" fail="0" skip="0" id="s1" name="LinkIncidentToPeopleTestSuite">LinkIncidentToPeopleTestSuite</stat>
</suite>
</statistics>
<errors>
<msg time="2025-10-14T14:20:57.785311" level="WARN">Error in file 'C:\Users\Asus\PycharmProjects\Synapse\Resources\Keywords\General.robot' on line 88: The '[Return]' setting is deprecated. Use the 'RETURN' statement instead.</msg>
<msg time="2025-10-14T14:20:57.786040" level="WARN">Error in file 'C:\Users\Asus\PycharmProjects\Synapse\Resources\Keywords\General.robot' on line 95: The '[Return]' setting is deprecated. Use the 'RETURN' statement instead.</msg>
<msg time="2025-10-14T14:20:57.788071" level="WARN">Error in file 'C:\Users\Asus\PycharmProjects\Synapse\Resources\Keywords\General.robot' on line 239: The '[Return]' setting is deprecated. Use the 'RETURN' statement instead.</msg>
<msg time="2025-10-14T14:20:59.360508" level="WARN">Error in file 'C:\Users\Asus\PycharmProjects\Synapse\Resources\Keywords\DataComparisonKeywords.robot' on line 25: The '[Return]' setting is deprecated. Use the 'RETURN' statement instead.</msg>
<msg time="2025-10-14T14:20:59.362472" level="WARN">Error in file 'C:\Users\Asus\PycharmProjects\Synapse\Resources\Keywords\DataComparisonKeywords.robot' on line 305: The '[Return]' setting is deprecated. Use the 'RETURN' statement instead.</msg>
<msg time="2025-10-14T14:20:59.363979" level="WARN">Error in file 'C:\Users\Asus\PycharmProjects\Synapse\Resources\Keywords\DataComparisonKeywords.robot' on line 324: The '[Return]' setting is deprecated. Use the 'RETURN' statement instead.</msg>
<msg time="2025-10-14T14:20:59.363979" level="WARN">Error in file 'C:\Users\Asus\PycharmProjects\Synapse\Resources\Keywords\DataComparisonKeywords.robot' on line 331: The '[Return]' setting is deprecated. Use the 'RETURN' statement instead.</msg>
<msg time="2025-10-14T14:20:59.364986" level="WARN">Error in file 'C:\Users\Asus\PycharmProjects\Synapse\Resources\Keywords\DataComparisonKeywords.robot' on line 338: The '[Return]' setting is deprecated. Use the 'RETURN' statement instead.</msg>
<msg time="2025-10-14T14:20:59.364986" level="WARN">Error in file 'C:\Users\Asus\PycharmProjects\Synapse\Resources\Keywords\DataComparisonKeywords.robot' on line 345: The '[Return]' setting is deprecated. Use the 'RETURN' statement instead.</msg>
<msg time="2025-10-14T14:20:59.366285" level="WARN">Error in file 'C:\Users\Asus\PycharmProjects\Synapse\Resources\Keywords\DataComparisonKeywords.robot' on line 352: The '[Return]' setting is deprecated. Use the 'RETURN' statement instead.</msg>
<msg time="2025-10-14T14:20:59.366285" level="WARN">Error in file 'C:\Users\Asus\PycharmProjects\Synapse\Resources\Keywords\DataComparisonKeywords.robot' on line 359: The '[Return]' setting is deprecated. Use the 'RETURN' statement instead.</msg>
<msg time="2025-10-14T14:20:59.367325" level="WARN">Error in file 'C:\Users\Asus\PycharmProjects\Synapse\Resources\Keywords\DataComparisonKeywords.robot' on line 392: The '[Return]' setting is deprecated. Use the 'RETURN' statement instead.</msg>
<msg time="2025-10-14T14:20:59.368327" level="WARN">Error in file 'C:\Users\Asus\PycharmProjects\Synapse\Resources\Keywords\DataComparisonKeywords.robot' on line 398: The '[Return]' setting is deprecated. Use the 'RETURN' statement instead.</msg>
<msg time="2025-10-14T14:20:59.369313" level="WARN">Error in file 'C:\Users\Asus\PycharmProjects\Synapse\Resources\Keywords\DataComparisonKeywords.robot' on line 404: The '[Return]' setting is deprecated. Use the 'RETURN' statement instead.</msg>
<msg time="2025-10-14T14:20:59.369313" level="WARN">Error in file 'C:\Users\Asus\PycharmProjects\Synapse\Resources\Keywords\DataComparisonKeywords.robot' on line 410: The '[Return]' setting is deprecated. Use the 'RETURN' statement instead.</msg>
<msg time="2025-10-14T14:20:59.370314" level="WARN">Error in file 'C:\Users\Asus\PycharmProjects\Synapse\Resources\Keywords\DataComparisonKeywords.robot' on line 416: The '[Return]' setting is deprecated. Use the 'RETURN' statement instead.</msg>
<msg time="2025-10-14T14:20:59.370314" level="WARN">Error in file 'C:\Users\Asus\PycharmProjects\Synapse\Resources\Keywords\DataComparisonKeywords.robot' on line 423: The '[Return]' setting is deprecated. Use the 'RETURN' statement instead.</msg>
<msg time="2025-10-14T14:20:59.371311" level="WARN">Error in file 'C:\Users\Asus\PycharmProjects\Synapse\Resources\Keywords\DataComparisonKeywords.robot' on line 430: The '[Return]' setting is deprecated. Use the 'RETURN' statement instead.</msg>
<msg time="2025-10-14T14:20:59.371311" level="WARN">Error in file 'C:\Users\Asus\PycharmProjects\Synapse\Resources\Keywords\DataComparisonKeywords.robot' on line 437: The '[Return]' setting is deprecated. Use the 'RETURN' statement instead.</msg>
<msg time="2025-10-14T14:20:59.372308" level="WARN">Error in file 'C:\Users\Asus\PycharmProjects\Synapse\Resources\Keywords\DataComparisonKeywords.robot' on line 442: The '[Return]' setting is deprecated. Use the 'RETURN' statement instead.</msg>
<msg time="2025-10-14T14:20:59.372308" level="WARN">Error in file 'C:\Users\Asus\PycharmProjects\Synapse\Resources\Keywords\DataComparisonKeywords.robot' on line 447: The '[Return]' setting is deprecated. Use the 'RETURN' statement instead.</msg>
<msg time="2025-10-14T14:20:59.372308" level="WARN">Error in file 'C:\Users\Asus\PycharmProjects\Synapse\Resources\Keywords\DataComparisonKeywords.robot' on line 452: The '[Return]' setting is deprecated. Use the 'RETURN' statement instead.</msg>
<msg time="2025-10-14T14:20:59.373872" level="WARN">Error in file 'C:\Users\Asus\PycharmProjects\Synapse\Resources\Keywords\DataComparisonKeywords.robot' on line 457: The '[Return]' setting is deprecated. Use the 'RETURN' statement instead.</msg>
<msg time="2025-10-14T14:20:59.373872" level="WARN">Error in file 'C:\Users\Asus\PycharmProjects\Synapse\Resources\Keywords\DataComparisonKeywords.robot' on line 462: The '[Return]' setting is deprecated. Use the 'RETURN' statement instead.</msg>
<msg time="2025-10-14T14:20:59.374873" level="WARN">Error in file 'C:\Users\Asus\PycharmProjects\Synapse\Resources\Keywords\DataComparisonKeywords.robot' on line 467: The '[Return]' setting is deprecated. Use the 'RETURN' statement instead.</msg>
<msg time="2025-10-14T14:20:59.374873" level="WARN">Error in file 'C:\Users\Asus\PycharmProjects\Synapse\Resources\Keywords\DataComparisonKeywords.robot' on line 475: The '[Return]' setting is deprecated. Use the 'RETURN' statement instead.</msg>
<msg time="2025-10-14T14:20:59.376084" level="WARN">Error in file 'C:\Users\Asus\PycharmProjects\Synapse\Resources\Keywords\DataComparisonKeywords.robot' on line 480: The '[Return]' setting is deprecated. Use the 'RETURN' statement instead.</msg>
<msg time="2025-10-14T14:20:59.377088" level="WARN">Error in file 'C:\Users\Asus\PycharmProjects\Synapse\Resources\Keywords\DataComparisonKeywords.robot' on line 485: The '[Return]' setting is deprecated. Use the 'RETURN' statement instead.</msg>
<msg time="2025-10-14T14:20:59.377088" level="WARN">Error in file 'C:\Users\Asus\PycharmProjects\Synapse\Resources\Keywords\DataComparisonKeywords.robot' on line 496: The '[Return]' setting is deprecated. Use the 'RETURN' statement instead.</msg>
<msg time="2025-10-14T14:20:59.378085" level="WARN">Error in file 'C:\Users\Asus\PycharmProjects\Synapse\Resources\Keywords\DataComparisonKeywords.robot' on line 507: The '[Return]' setting is deprecated. Use the 'RETURN' statement instead.</msg>
<msg time="2025-10-14T14:20:59.378085" level="WARN">Error in file 'C:\Users\Asus\PycharmProjects\Synapse\Resources\Keywords\DataComparisonKeywords.robot' on line 518: The '[Return]' setting is deprecated. Use the 'RETURN' statement instead.</msg>
<msg time="2025-10-14T14:20:59.379084" level="WARN">Error in file 'C:\Users\Asus\PycharmProjects\Synapse\Resources\Keywords\DataComparisonKeywords.robot' on line 529: The '[Return]' setting is deprecated. Use the 'RETURN' statement instead.</msg>
<msg time="2025-10-14T14:20:59.379084" level="WARN">Error in file 'C:\Users\Asus\PycharmProjects\Synapse\Resources\Keywords\DataComparisonKeywords.robot' on line 540: The '[Return]' setting is deprecated. Use the 'RETURN' statement instead.</msg>
<msg time="2025-10-14T14:20:59.380082" level="WARN">Error in file 'C:\Users\Asus\PycharmProjects\Synapse\Resources\Keywords\DataComparisonKeywords.robot' on line 551: The '[Return]' setting is deprecated. Use the 'RETURN' statement instead.</msg>
<msg time="2025-10-14T14:20:59.381079" level="WARN">Error in file 'C:\Users\Asus\PycharmProjects\Synapse\Resources\Keywords\DataComparisonKeywords.robot' on line 564: The '[Return]' setting is deprecated. Use the 'RETURN' statement instead.</msg>
<msg time="2025-10-14T14:20:59.381079" level="WARN">Error in file 'C:\Users\Asus\PycharmProjects\Synapse\Resources\Keywords\DataComparisonKeywords.robot' on line 578: The '[Return]' setting is deprecated. Use the 'RETURN' statement instead.</msg>
<msg time="2025-10-14T14:20:59.382077" level="WARN">Error in file 'C:\Users\Asus\PycharmProjects\Synapse\Resources\Keywords\DataComparisonKeywords.robot' on line 591: The '[Return]' setting is deprecated. Use the 'RETURN' statement instead.</msg>
<msg time="2025-10-14T14:20:59.383075" level="WARN">Error in file 'C:\Users\Asus\PycharmProjects\Synapse\Resources\Keywords\DataComparisonKeywords.robot' on line 598: The '[Return]' setting is deprecated. Use the 'RETURN' statement instead.</msg>
<msg time="2025-10-14T14:20:59.384072" level="WARN">Error in file 'C:\Users\Asus\PycharmProjects\Synapse\Resources\Keywords\DataComparisonKeywords.robot' on line 603: The '[Return]' setting is deprecated. Use the 'RETURN' statement instead.</msg>
<msg time="2025-10-14T14:20:59.384578" level="WARN">Error in file 'C:\Users\Asus\PycharmProjects\Synapse\Resources\Keywords\DataComparisonKeywords.robot' on line 608: The '[Return]' setting is deprecated. Use the 'RETURN' statement instead.</msg>
<msg time="2025-10-14T14:20:59.385581" level="WARN">Error in file 'C:\Users\Asus\PycharmProjects\Synapse\Resources\Keywords\DataComparisonKeywords.robot' on line 613: The '[Return]' setting is deprecated. Use the 'RETURN' statement instead.</msg>
<msg time="2025-10-14T14:20:59.386578" level="WARN">Error in file 'C:\Users\Asus\PycharmProjects\Synapse\Resources\Keywords\DataComparisonKeywords.robot' on line 619: The '[Return]' setting is deprecated. Use the 'RETURN' statement instead.</msg>
<msg time="2025-10-14T14:20:59.386578" level="WARN">Error in file 'C:\Users\Asus\PycharmProjects\Synapse\Resources\Keywords\DataComparisonKeywords.robot' on line 625: The '[Return]' setting is deprecated. Use the 'RETURN' statement instead.</msg>
<msg time="2025-10-14T14:20:59.387581" level="WARN">Error in file 'C:\Users\Asus\PycharmProjects\Synapse\Resources\Keywords\DataComparisonKeywords.robot' on line 630: The '[Return]' setting is deprecated. Use the 'RETURN' statement instead.</msg>
<msg time="2025-10-14T14:20:59.397099" level="WARN">Error in file 'C:\Users\Asus\PycharmProjects\Synapse\Resources\Keywords\DataComparisonKeywords.robot' on line 1430: The '[Return]' setting is deprecated. Use the 'RETURN' statement instead.</msg>
</errors>
</robot>
