<?xml version="1.0" encoding="UTF-8"?>
<robot generator="Robot 6.1.1 (Python 3.11.3 on win32)" generated="20260101 20:35:39.006" rpa="false" schemaversion="4">
<suite id="s1" name="LinkIncidentToPeopleTestSuite" source="C:\Users\adity\PycharmProjects\Synapse_new\Tests\LinkIncidentToPeopleTestSuite.robot">
<kw name="Open the synapse analyst url" library="WidgetExportKeywords" type="SETUP">
<arg>${URL.${env}}</arg>
<kw name="Open Browser" library="Selenium2Library">
<arg>${url}</arg>
<arg>${BROWSER}</arg>
<doc>Opens a new browser instance to the optional ``url``.</doc>
<msg timestamp="20260101 20:35:40.275" level="INFO">Opening browser 'chrome' to base url 'https://analystuat.staging.zinc.systems/#/auth/login'.</msg>
<status status="PASS" starttime="20260101 20:35:40.275" endtime="20260101 20:35:51.433"/>
</kw>
<kw name="Maximize Browser Window" library="Selenium2Library">
<doc>Maximizes current browser window.</doc>
<status status="PASS" starttime="20260101 20:35:51.433" endtime="20260101 20:35:51.490"/>
</kw>
<kw name="Input Text" library="Selenium2Library">
<arg>${LOCATOR_EMAIL}</arg>
<arg>${VALID_EMAIL.${env}}</arg>
<doc>Types the given ``text`` into the text field identified by ``locator``.</doc>
<msg timestamp="20260101 20:35:51.500" level="INFO">Typing text 'aditya.sahay+694@zinc.systems' into text field 'id:email'.</msg>
<status status="PASS" starttime="20260101 20:35:51.491" endtime="20260101 20:35:51.771"/>
</kw>
<kw name="Input Password" library="Selenium2Library">
<arg>${LOCATOR_PASSWORD}</arg>
<arg>${VALID_SYNAPSE_PASS.${env}}</arg>
<doc>Types the given password into the text field identified by ``locator``.</doc>
<msg timestamp="20260101 20:35:51.779" level="INFO">Typing password into text field 'id:password'.</msg>
<msg timestamp="20260101 20:35:51.857" level="INFO">Temporally setting log level to: NONE</msg>
<msg timestamp="20260101 20:35:51.983" level="INFO">Log level changed from NONE to INFO.</msg>
<status status="PASS" starttime="20260101 20:35:51.771" endtime="20260101 20:35:51.983"/>
</kw>
<kw name="Sleep" library="BuiltIn">
<arg>1</arg>
<doc>Pauses the test executed for the given time.</doc>
<msg timestamp="20260101 20:35:52.983" level="INFO">Slept 1 second</msg>
<status status="PASS" starttime="20260101 20:35:51.983" endtime="20260101 20:35:52.983"/>
</kw>
<kw name="Wait Until Element Is Visible" library="Selenium2Library">
<arg>${LOCATOR_LOGIN_BUTTON}</arg>
<doc>Waits until the element ``locator`` is visible.</doc>
<status status="PASS" starttime="20260101 20:35:52.983" endtime="20260101 20:35:53.255"/>
</kw>
<kw name="Click Element" library="Selenium2Library">
<arg>${LOCATOR_LOGIN_BUTTON}</arg>
<doc>Click the element identified by ``locator``.</doc>
<msg timestamp="20260101 20:35:53.256" level="INFO">Clicking element 'id:loginButton'.</msg>
<status status="PASS" starttime="20260101 20:35:53.256" endtime="20260101 20:35:53.685"/>
</kw>
<kw name="Wait Until Element Is Visible" library="Selenium2Library">
<arg>${LOCATOR_APP_LOGO}</arg>
<arg>45</arg>
<doc>Waits until the element ``locator`` is visible.</doc>
<status status="PASS" starttime="20260101 20:35:53.685" endtime="20260101 20:36:09.404"/>
</kw>
<kw name="Run Keyword And Return Status" library="BuiltIn">
<var>${element_present}</var>
<arg>Wait Until Element Is Visible</arg>
<arg>${LOCATOR_ALLOW_LOCATION_BUTTON}</arg>
<arg>10</arg>
<doc>Runs the given keyword with given arguments and returns the status as a Boolean value.</doc>
<kw name="Wait Until Element Is Visible" library="Selenium2Library">
<arg>${LOCATOR_ALLOW_LOCATION_BUTTON}</arg>
<arg>10</arg>
<doc>Waits until the element ``locator`` is visible.</doc>
<status status="PASS" starttime="20260101 20:36:09.405" endtime="20260101 20:36:14.851"/>
</kw>
<msg timestamp="20260101 20:36:14.851" level="INFO">${element_present} = True</msg>
<status status="PASS" starttime="20260101 20:36:09.405" endtime="20260101 20:36:14.851"/>
</kw>
<kw name="Run Keyword If" library="BuiltIn">
<arg>${element_present}</arg>
<arg>Click Element</arg>
<arg>${LOCATOR_ALLOW_LOCATION_BUTTON}</arg>
<doc>Runs the given keyword with the given arguments, if ``condition`` is true.</doc>
<kw name="Click Element" library="Selenium2Library">
<arg>${LOCATOR_ALLOW_LOCATION_BUTTON}</arg>
<doc>Click the element identified by ``locator``.</doc>
<msg timestamp="20260101 20:36:14.853" level="INFO">Clicking element 'id:btn-allow-location'.</msg>
<status status="PASS" starttime="20260101 20:36:14.853" endtime="20260101 20:36:14.972"/>
</kw>
<status status="PASS" starttime="20260101 20:36:14.851" endtime="20260101 20:36:14.972"/>
</kw>
<kw name="Wait Until Element Is Visible" library="Selenium2Library">
<arg>${LOCATOR_DASHBOARDS_HEADER}</arg>
<arg>15</arg>
<doc>Waits until the element ``locator`` is visible.</doc>
<status status="PASS" starttime="20260101 20:36:14.972" endtime="20260101 20:36:15.440"/>
</kw>
<kw name="Page Should Contain Element" library="Selenium2Library">
<arg>${LOCATOR_DASHBOARDS_HEADER}</arg>
<doc>Verifies that element ``locator`` is found on the current page.</doc>
<msg timestamp="20260101 20:36:15.454" level="INFO">Current page contains element 'xpath://h3[contains(text(), 'Dashboards')]'.</msg>
<status status="PASS" starttime="20260101 20:36:15.443" endtime="20260101 20:36:15.454"/>
</kw>
<status status="PASS" starttime="20260101 20:35:40.267" endtime="20260101 20:36:15.454"/>
</kw>
<test id="s1-t1" name="LPI_001_Verify user should able to see &quot;Link Incident&quot; button in people preview page when ff is off" line="15">
<kw name="Go To Home Page" library="General" type="SETUP">
<kw name="Set Selenium Implicit Wait" library="Selenium2Library">
<arg>1</arg>
<doc>Sets the implicit wait value used by Selenium.</doc>
<status status="PASS" starttime="20260101 20:36:15.462" endtime="20260101 20:36:15.464"/>
</kw>
<kw name="Press Keys" library="Selenium2Library">
<arg>None</arg>
<arg>ESC</arg>
<doc>Simulates the user pressing key(s) to an element or on the active browser.</doc>
<msg timestamp="20260101 20:36:15.468" level="INFO">Sending key(s) ('ESC',) to page.</msg>
<msg timestamp="20260101 20:36:15.468" level="INFO">Pressing special key ESCAPE to browser.</msg>
<msg timestamp="20260101 20:36:15.468" level="INFO">Releasing special key ESCAPE.</msg>
<status status="PASS" starttime="20260101 20:36:15.464" endtime="20260101 20:36:15.486"/>
</kw>
<kw name="Start Test Case Recording" library="General">
<kw name="Run Keyword If" library="BuiltIn">
<arg>'${USE_PYGTK}'=='True'</arg>
<arg>run keyword and ignore error</arg>
<arg>Import Library</arg>
<arg>ScreenCapLibrary</arg>
<arg>screenshot_module=PyGTK</arg>
<arg>ELSE</arg>
<arg>run keyword and ignore error</arg>
<arg>Import Library</arg>
<arg>ScreenCapLibrary</arg>
<doc>Runs the given keyword with the given arguments, if ``condition`` is true.</doc>
<kw name="Run Keyword And Ignore Error" library="BuiltIn">
<arg>Import Library</arg>
<arg>ScreenCapLibrary</arg>
<doc>Runs the given keyword with the given arguments and ignores possible error.</doc>
<kw name="Import Library" library="BuiltIn">
<arg>ScreenCapLibrary</arg>
<doc>Imports a library with the given name and optional arguments.</doc>
<status status="PASS" starttime="20260101 20:36:15.486" endtime="20260101 20:36:17.590"/>
</kw>
<status status="PASS" starttime="20260101 20:36:15.486" endtime="20260101 20:36:17.590"/>
</kw>
<status status="PASS" starttime="20260101 20:36:15.486" endtime="20260101 20:36:17.590"/>
</kw>
<kw name="Get Current Date" library="DateTime">
<var>${Current_Time}</var>
<arg>result_format=%m_%d_%H_%M_%S</arg>
<doc>Returns current local or UTC time with an optional increment.</doc>
<msg timestamp="20260101 20:36:17.591" level="INFO">${Current_Time} = 01_01_20_36_17</msg>
<status status="PASS" starttime="20260101 20:36:17.590" endtime="20260101 20:36:17.591"/>
</kw>
<kw name="Set Variable" library="BuiltIn">
<var>${recording_file}</var>
<arg>${TEST NAME}_${Current_Time}</arg>
<doc>Returns the given values which can then be assigned to a variables.</doc>
<msg timestamp="20260101 20:36:17.592" level="INFO">${recording_file} = LPI_001_Verify user should able to see "Link Incident" button in people preview page when ff is off_01_01_20_36_17</msg>
<status status="PASS" starttime="20260101 20:36:17.591" endtime="20260101 20:36:17.592"/>
</kw>
<kw name="Run Keyword And Ignore Error" library="BuiltIn">
<arg>start video recording</arg>
<arg>alias=None</arg>
<arg>name=${recording_file}</arg>
<arg>fps=None</arg>
<arg>size_percentage=0.8</arg>
<arg>embed=True</arg>
<arg>embed_width='800px'</arg>
<arg>monitor=0</arg>
<doc>Runs the given keyword with the given arguments and ignores possible error.</doc>
<kw name="Start Video Recording" library="ScreenCapLibrary">
<arg>alias=None</arg>
<arg>name=${recording_file}</arg>
<arg>fps=None</arg>
<arg>size_percentage=0.8</arg>
<arg>embed=True</arg>
<arg>embed_width='800px'</arg>
<arg>monitor=0</arg>
<doc>Starts the recording of a video in the background with the specified ``name``.
The recording can be stopped by calling the `Stop Video Recording` keyword.</doc>
<msg timestamp="20260101 20:36:20.048" level="INFO">Automatically setting a fps of 6.5</msg>
<status status="PASS" starttime="20260101 20:36:17.593" endtime="20260101 20:36:20.052"/>
</kw>
<status status="PASS" starttime="20260101 20:36:17.592" endtime="20260101 20:36:20.052"/>
</kw>
<kw name="Set Test Variable" library="BuiltIn">
<var>${recording_file}</var>
<arg>${recording_file}</arg>
<doc>Makes a variable available everywhere within the scope of the current test.</doc>
<msg timestamp="20260101 20:36:20.053" level="INFO">${recording_file} = LPI_001_Verify user should able to see "Link Incident" button in people preview page when ff is off_01_01_20_36_17</msg>
<msg timestamp="20260101 20:36:20.053" level="INFO">${recording_file} = None</msg>
<status status="PASS" starttime="20260101 20:36:20.052" endtime="20260101 20:36:20.053"/>
</kw>
<status status="PASS" starttime="20260101 20:36:15.486" endtime="20260101 20:36:20.053"/>
</kw>
<kw name="Go To" library="Selenium2Library">
<arg>${DASHBOARD_PAGE_URL.${env}}</arg>
<doc>Navigates the current browser window to the provided ``url``.</doc>
<msg timestamp="20260101 20:36:20.070" level="INFO">Opening url 'https://analystuat.staging.zinc.systems/#/analyst/dashboard'</msg>
<status status="PASS" starttime="20260101 20:36:20.054" endtime="20260101 20:36:20.085"/>
</kw>
<kw name="Run Keyword And Return Status" library="BuiltIn">
<var>${status}</var>
<arg>element should be visible</arg>
<arg>${DASHBOARD_CLOSE_BUTTON}</arg>
<doc>Runs the given keyword with given arguments and returns the status as a Boolean value.</doc>
<kw name="Element Should Be Visible" library="Selenium2Library">
<arg>${DASHBOARD_CLOSE_BUTTON}</arg>
<doc>Verifies that the element identified by ``locator`` is visible.</doc>
<msg timestamp="20260101 20:36:22.560" level="INFO" html="true">&lt;/td&gt;&lt;/tr&gt;&lt;tr&gt;&lt;td colspan="3"&gt;&lt;a href="selenium-screenshot-8241.png"&gt;&lt;img src="selenium-screenshot-8241.png" width="800px"&gt;&lt;/a&gt;</msg>
<msg timestamp="20260101 20:36:22.560" level="FAIL">Element with locator 'id=btn-slide-out-close' not found.</msg>
<status status="FAIL" starttime="20260101 20:36:20.086" endtime="20260101 20:36:22.786"/>
</kw>
<msg timestamp="20260101 20:36:22.786" level="INFO">${status} = False</msg>
<status status="PASS" starttime="20260101 20:36:20.086" endtime="20260101 20:36:22.786"/>
</kw>
<kw name="Run Keyword If" library="BuiltIn">
<arg>'${status}'=='True'</arg>
<arg>Execute JavaScript</arg>
<arg>document.evaluate("//*[@id='btn-slide-out-close']", document, null, XPathResult.FIRST_ORDERED_NODE_TYPE, null).singleNodeValue.click()</arg>
<doc>Runs the given keyword with the given arguments, if ``condition`` is true.</doc>
<status status="PASS" starttime="20260101 20:36:22.787" endtime="20260101 20:36:22.787"/>
</kw>
<kw name="Run Keyword And Return Status" library="BuiltIn">
<var>${dstatus}</var>
<arg>element should be visible</arg>
<arg>${DISCARD_BUTTON}</arg>
<doc>Runs the given keyword with given arguments and returns the status as a Boolean value.</doc>
<kw name="Element Should Be Visible" library="Selenium2Library">
<arg>${DISCARD_BUTTON}</arg>
<doc>Verifies that the element identified by ``locator`` is visible.</doc>
<msg timestamp="20260101 20:36:26.125" level="INFO" html="true">&lt;/td&gt;&lt;/tr&gt;&lt;tr&gt;&lt;td colspan="3"&gt;&lt;a href="selenium-screenshot-8242.png"&gt;&lt;img src="selenium-screenshot-8242.png" width="800px"&gt;&lt;/a&gt;</msg>
<msg timestamp="20260101 20:36:26.128" level="FAIL">Element with locator 'xpath=//button[normalize-space()='Discard']' not found.</msg>
<status status="FAIL" starttime="20260101 20:36:22.788" endtime="20260101 20:36:26.130"/>
</kw>
<msg timestamp="20260101 20:36:26.130" level="INFO">${dstatus} = False</msg>
<status status="PASS" starttime="20260101 20:36:22.788" endtime="20260101 20:36:26.130"/>
</kw>
<kw name="Run Keyword If" library="BuiltIn">
<arg>'${dstatus}'=='True'</arg>
<arg>Execute JavaScript</arg>
<arg>document.evaluate("//button[normalize-space()='Discard']", document, null, XPathResult.FIRST_ORDERED_NODE_TYPE, null).singleNodeValue.click()</arg>
<doc>Runs the given keyword with the given arguments, if ``condition`` is true.</doc>
<status status="PASS" starttime="20260101 20:36:26.130" endtime="20260101 20:36:26.130"/>
</kw>
<kw name="Run Keyword And Return Status" library="BuiltIn">
<var>${dstatus}</var>
<arg>element should be visible</arg>
<arg>${YES_LEAVE_OPTION}</arg>
<doc>Runs the given keyword with given arguments and returns the status as a Boolean value.</doc>
<kw name="Element Should Be Visible" library="Selenium2Library">
<arg>${YES_LEAVE_OPTION}</arg>
<doc>Verifies that the element identified by ``locator`` is visible.</doc>
<msg timestamp="20260101 20:36:28.524" level="INFO" html="true">&lt;/td&gt;&lt;/tr&gt;&lt;tr&gt;&lt;td colspan="3"&gt;&lt;a href="selenium-screenshot-8243.png"&gt;&lt;img src="selenium-screenshot-8243.png" width="800px"&gt;&lt;/a&gt;</msg>
<msg timestamp="20260101 20:36:28.524" level="FAIL">Element with locator 'xpath=//button[text()='Yes, Leave']' not found.</msg>
<status status="FAIL" starttime="20260101 20:36:26.130" endtime="20260101 20:36:28.527"/>
</kw>
<msg timestamp="20260101 20:36:28.527" level="INFO">${dstatus} = False</msg>
<status status="PASS" starttime="20260101 20:36:26.130" endtime="20260101 20:36:28.527"/>
</kw>
<kw name="Run Keyword If" library="BuiltIn">
<arg>'${dstatus}'=='True'</arg>
<arg>Execute JavaScript</arg>
<arg>document.evaluate("//button[text()='Yes, Leave']", document, null, XPathResult.FIRST_ORDERED_NODE_TYPE, null).singleNodeValue.click()</arg>
<doc>Runs the given keyword with the given arguments, if ``condition`` is true.</doc>
<status status="PASS" starttime="20260101 20:36:28.529" endtime="20260101 20:36:28.529"/>
</kw>
<kw name="Wait Until Element Is Visible" library="Selenium2Library">
<arg>${DASHBOARD_HEADER}</arg>
<arg>30</arg>
<arg>Failed to go to dashboard page after 30 secs</arg>
<doc>Waits until the element ``locator`` is visible.</doc>
<status status="PASS" starttime="20260101 20:36:28.529" endtime="20260101 20:36:28.574"/>
</kw>
<kw name="Set Selenium Implicit Wait" library="Selenium2Library">
<arg>5</arg>
<doc>Sets the implicit wait value used by Selenium.</doc>
<status status="PASS" starttime="20260101 20:36:28.574" endtime="20260101 20:36:28.574"/>
</kw>
<kw name="Capture Page Screenshot" library="Selenium2Library">
<doc>Takes a screenshot of the current page and embeds it into a log file.</doc>
<msg timestamp="20260101 20:36:29.974" level="INFO" html="true">&lt;/td&gt;&lt;/tr&gt;&lt;tr&gt;&lt;td colspan="3"&gt;&lt;a href="selenium-screenshot-8244.png"&gt;&lt;img src="selenium-screenshot-8244.png" width="800px"&gt;&lt;/a&gt;</msg>
<status status="PASS" starttime="20260101 20:36:28.577" endtime="20260101 20:36:29.974"/>
</kw>
<status status="PASS" starttime="20260101 20:36:15.462" endtime="20260101 20:36:29.974"/>
</kw>
<kw name="Navigate to People Dashboard Page and Verify the People data is loaded" library="LinkIncidentToPeopleKeywords">
<kw name="Wait Until Element Is Visible" library="Selenium2Library">
<arg>${Peoples_dashboard_page}</arg>
<arg>15</arg>
<arg>People dashboard page is not visible</arg>
<doc>Waits until the element ``locator`` is visible.</doc>
<status status="PASS" starttime="20260101 20:36:29.976" endtime="20260101 20:36:30.062"/>
</kw>
<kw name="Wait Until Page Contains Element" library="Selenium2Library">
<arg>${People_dashboard_page_title}</arg>
<arg>15</arg>
<arg>People dashboard page header is not visible</arg>
<doc>Waits until the element ``locator`` appears on the current page.</doc>
<status status="PASS" starttime="20260101 20:36:30.063" endtime="20260101 20:36:30.115"/>
</kw>
<kw name="Wait Until Element Is Visible" library="Selenium2Library">
<arg>${People_widget}</arg>
<arg>20</arg>
<arg>People widget is not visible</arg>
<doc>Waits until the element ``locator`` is visible.</doc>
<status status="PASS" starttime="20260101 20:36:30.115" endtime="20260101 20:36:30.179"/>
</kw>
<kw name="Wait Until Page Contains Element" library="Selenium2Library">
<arg>${People_data}</arg>
<arg>30</arg>
<arg>people data was not loaded</arg>
<doc>Waits until the element ``locator`` appears on the current page.</doc>
<status status="PASS" starttime="20260101 20:36:30.180" endtime="20260101 20:36:30.212"/>
</kw>
<status status="PASS" starttime="20260101 20:36:29.975" endtime="20260101 20:36:30.212"/>
</kw>
<kw name="Click On People To Open the Preview Page" library="LinkIncidentToPeopleKeywords">
<kw name="Wait Until Element Is Visible" library="Selenium2Library">
<arg>${People_data}</arg>
<arg>30</arg>
<arg>People data is not visible on the people dashboard page</arg>
<doc>Waits until the element ``locator`` is visible.</doc>
<status status="PASS" starttime="20260101 20:36:30.215" endtime="20260101 20:36:30.302"/>
</kw>
<kw name="Click Element" library="Selenium2Library">
<arg>${People_data}</arg>
<doc>Click the element identified by ``locator``.</doc>
<msg timestamp="20260101 20:36:30.303" level="INFO">Clicking element 'xpath:(//div[@class='grid-view-img ng-star-inserted'])[1]'.</msg>
<status status="PASS" starttime="20260101 20:36:30.302" endtime="20260101 20:36:30.470"/>
</kw>
<kw name="Wait Until Page Contains Element" library="Selenium2Library">
<arg>${People_preview_page}</arg>
<arg>15</arg>
<arg>People preview page is not visible</arg>
<doc>Waits until the element ``locator`` appears on the current page.</doc>
<status status="PASS" starttime="20260101 20:36:30.470" endtime="20260101 20:36:30.494"/>
</kw>
<kw name="Wait Until Element Is Visible" library="Selenium2Library">
<arg>${People_name}</arg>
<arg>10</arg>
<arg>People name is not visible on the people preview page</arg>
<doc>Waits until the element ``locator`` is visible.</doc>
<status status="PASS" starttime="20260101 20:36:30.494" endtime="20260101 20:36:32.743"/>
</kw>
<status status="PASS" starttime="20260101 20:36:30.214" endtime="20260101 20:36:32.743"/>
</kw>
<kw name="Verify Link/Unlink Button Is not Visible on the People Preview Page when the feature flag is off" library="LinkIncidentToPeopleKeywords">
<kw name="Page Should Not Contain Element" library="Selenium2Library">
<arg>${Link/Unlink_button}</arg>
<arg>Link/Unlink button should not be visible when the feature flag is OFF</arg>
<doc>Verifies that element ``locator`` is not found on the current page.</doc>
<msg timestamp="20260101 20:36:34.943" level="INFO" html="true">&lt;/td&gt;&lt;/tr&gt;&lt;tr&gt;&lt;td colspan="3"&gt;&lt;a href="selenium-screenshot-8245.png"&gt;&lt;img src="selenium-screenshot-8245.png" width="800px"&gt;&lt;/a&gt;</msg>
<msg timestamp="20260101 20:36:34.943" level="FAIL">Link/Unlink button should not be visible when the feature flag is OFF</msg>
<status status="FAIL" starttime="20260101 20:36:32.744" endtime="20260101 20:36:34.974"/>
</kw>
<status status="FAIL" starttime="20260101 20:36:32.744" endtime="20260101 20:36:34.974"/>
</kw>
<kw name="Stop Test Case Recording" library="General" type="TEARDOWN">
<kw name="Sleep" library="BuiltIn">
<arg>2</arg>
<doc>Pauses the test executed for the given time.</doc>
<msg timestamp="20260101 20:36:36.977" level="INFO">Slept 2 seconds</msg>
<status status="PASS" starttime="20260101 20:36:34.976" endtime="20260101 20:36:36.977"/>
</kw>
<kw name="Run Keyword And Ignore Error" library="BuiltIn">
<arg>Stop Video Recording</arg>
<doc>Runs the given keyword with the given arguments and ignores possible error.</doc>
<kw name="Stop Video Recording" library="ScreenCapLibrary">
<doc>Stops the video recording corresponding to the given ``alias`` and generates the file in WebM format. If no
``alias`` is specified, the last opened recording will be closed. If there are more recordings with the same
alias all of them will be closed. If ``embed`` argument was set to
``True`` the video will be displayed in the log file.
Furthermore, if the ``save_to_disk`` parameter is set to ``False``, the video will be embedded and available in
the log file only.</doc>
<msg timestamp="20260101 20:36:36.997" level="INFO" html="true">&lt;a href="LPI_001_Verify%20user%20should%20able%20to%20see%20%22Link%20Incident%22%20button%20in%20people%20preview%20page%20when%20ff%20is%20off_01_01_20_36_17_1.webm"&gt;&lt;video width="'800px'" autoplay&gt;&lt;source src="LPI_001_Verify%20user%20should%20able%20to%20see%20%22Link%20Incident%22%20button%20in%20people%20preview%20page%20when%20ff%20is%20off_01_01_20_36_17_1.webm" type="video/webm"&gt;&lt;/video&gt;&lt;/a&gt;</msg>
<status status="PASS" starttime="20260101 20:36:36.977" endtime="20260101 20:36:36.997"/>
</kw>
<status status="PASS" starttime="20260101 20:36:36.977" endtime="20260101 20:36:36.997"/>
</kw>
<kw name="Set Variable" library="BuiltIn">
<var>${original_file}</var>
<arg>${recording_file}</arg>
<doc>Returns the given values which can then be assigned to a variables.</doc>
<msg timestamp="20260101 20:36:36.997" level="INFO">${original_file} = LPI_001_Verify user should able to see "Link Incident" button in people preview page when ff is off_01_01_20_36_17</msg>
<status status="PASS" starttime="20260101 20:36:36.997" endtime="20260101 20:36:36.997"/>
</kw>
<kw name="Set Variable" library="BuiltIn">
<var>${new_file}</var>
<arg>${recording_file}_${test_status}</arg>
<doc>Returns the given values which can then be assigned to a variables.</doc>
<msg timestamp="20260101 20:36:36.998" level="INFO">${new_file} = LPI_001_Verify user should able to see "Link Incident" button in people preview page when ff is off_01_01_20_36_17_FAIL</msg>
<status status="PASS" starttime="20260101 20:36:36.998" endtime="20260101 20:36:36.998"/>
</kw>
<kw name="Run Keyword And Ignore Error" library="BuiltIn">
<arg>Move File</arg>
<arg>${original_file}_1.webm</arg>
<arg>./Test_Recordings/${new_file}.webm</arg>
<doc>Runs the given keyword with the given arguments and ignores possible error.</doc>
<kw name="Move File" library="OperatingSystem">
<arg>${original_file}_1.webm</arg>
<arg>./Test_Recordings/${new_file}.webm</arg>
<doc>Moves the source file into the destination.</doc>
<msg timestamp="20260101 20:36:36.999" level="FAIL">Source file 'C:\Users\adity\PycharmProjects\Synapse_new\LPI_001_Verify user should able to see "Link Incident" button in people preview page when ff is off_01_01_20_36_17_1.webm' does not exist.</msg>
<status status="FAIL" starttime="20260101 20:36:36.998" endtime="20260101 20:36:36.999"/>
</kw>
<status status="PASS" starttime="20260101 20:36:36.998" endtime="20260101 20:36:36.999"/>
</kw>
<status status="PASS" starttime="20260101 20:36:34.975" endtime="20260101 20:36:36.999"/>
</kw>
<doc>Verify user should not be able to see "Link Incident" button in people preview page when ff is off</doc>
<tag>LPI_WhenFFisOff</tag>
<status status="FAIL" starttime="20260101 20:36:15.454" endtime="20260101 20:36:37.000">Link/Unlink button should not be visible when the feature flag is OFF</status>
</test>
<test id="s1-t2" name="LPI_002_Verify user should able to see Add Incident button in people preview page when ff is on" line="22">
<kw name="Go To Home Page" library="General" type="SETUP">
<kw name="Set Selenium Implicit Wait" library="Selenium2Library">
<arg>1</arg>
<doc>Sets the implicit wait value used by Selenium.</doc>
<status status="PASS" starttime="20260101 20:36:37.004" endtime="20260101 20:36:37.006"/>
</kw>
<kw name="Press Keys" library="Selenium2Library">
<arg>None</arg>
<arg>ESC</arg>
<doc>Simulates the user pressing key(s) to an element or on the active browser.</doc>
<msg timestamp="20260101 20:36:37.007" level="INFO">Sending key(s) ('ESC',) to page.</msg>
<msg timestamp="20260101 20:36:37.007" level="INFO">Pressing special key ESCAPE to browser.</msg>
<msg timestamp="20260101 20:36:37.007" level="INFO">Releasing special key ESCAPE.</msg>
<status status="PASS" starttime="20260101 20:36:37.006" endtime="20260101 20:36:37.021"/>
</kw>
<kw name="Start Test Case Recording" library="General">
<kw name="Run Keyword If" library="BuiltIn">
<arg>'${USE_PYGTK}'=='True'</arg>
<arg>run keyword and ignore error</arg>
<arg>Import Library</arg>
<arg>ScreenCapLibrary</arg>
<arg>screenshot_module=PyGTK</arg>
<arg>ELSE</arg>
<arg>run keyword and ignore error</arg>
<arg>Import Library</arg>
<arg>ScreenCapLibrary</arg>
<doc>Runs the given keyword with the given arguments, if ``condition`` is true.</doc>
<kw name="Run Keyword And Ignore Error" library="BuiltIn">
<arg>Import Library</arg>
<arg>ScreenCapLibrary</arg>
<doc>Runs the given keyword with the given arguments and ignores possible error.</doc>
<kw name="Import Library" library="BuiltIn">
<arg>ScreenCapLibrary</arg>
<doc>Imports a library with the given name and optional arguments.</doc>
<status status="PASS" starttime="20260101 20:36:37.023" endtime="20260101 20:36:37.025"/>
</kw>
<status status="PASS" starttime="20260101 20:36:37.023" endtime="20260101 20:36:37.025"/>
</kw>
<status status="PASS" starttime="20260101 20:36:37.022" endtime="20260101 20:36:37.025"/>
</kw>
<kw name="Get Current Date" library="DateTime">
<var>${Current_Time}</var>
<arg>result_format=%m_%d_%H_%M_%S</arg>
<doc>Returns current local or UTC time with an optional increment.</doc>
<msg timestamp="20260101 20:36:37.026" level="INFO">${Current_Time} = 01_01_20_36_37</msg>
<status status="PASS" starttime="20260101 20:36:37.026" endtime="20260101 20:36:37.026"/>
</kw>
<kw name="Set Variable" library="BuiltIn">
<var>${recording_file}</var>
<arg>${TEST NAME}_${Current_Time}</arg>
<doc>Returns the given values which can then be assigned to a variables.</doc>
<msg timestamp="20260101 20:36:37.027" level="INFO">${recording_file} = LPI_002_Verify user should able to see Add Incident button in people preview page when ff is on_01_01_20_36_37</msg>
<status status="PASS" starttime="20260101 20:36:37.027" endtime="20260101 20:36:37.027"/>
</kw>
<kw name="Run Keyword And Ignore Error" library="BuiltIn">
<arg>start video recording</arg>
<arg>alias=None</arg>
<arg>name=${recording_file}</arg>
<arg>fps=None</arg>
<arg>size_percentage=0.8</arg>
<arg>embed=True</arg>
<arg>embed_width='800px'</arg>
<arg>monitor=0</arg>
<doc>Runs the given keyword with the given arguments and ignores possible error.</doc>
<kw name="Start Video Recording" library="ScreenCapLibrary">
<arg>alias=None</arg>
<arg>name=${recording_file}</arg>
<arg>fps=None</arg>
<arg>size_percentage=0.8</arg>
<arg>embed=True</arg>
<arg>embed_width='800px'</arg>
<arg>monitor=0</arg>
<doc>Starts the recording of a video in the background with the specified ``name``.
The recording can be stopped by calling the `Stop Video Recording` keyword.</doc>
<msg timestamp="20260101 20:36:39.220" level="INFO">Automatically setting a fps of 6.0</msg>
<status status="PASS" starttime="20260101 20:36:37.028" endtime="20260101 20:36:39.223"/>
</kw>
<status status="PASS" starttime="20260101 20:36:37.027" endtime="20260101 20:36:39.223"/>
</kw>
<kw name="Set Test Variable" library="BuiltIn">
<var>${recording_file}</var>
<arg>${recording_file}</arg>
<doc>Makes a variable available everywhere within the scope of the current test.</doc>
<msg timestamp="20260101 20:36:39.223" level="INFO">${recording_file} = LPI_002_Verify user should able to see Add Incident button in people preview page when ff is on_01_01_20_36_37</msg>
<msg timestamp="20260101 20:36:39.223" level="INFO">${recording_file} = None</msg>
<status status="PASS" starttime="20260101 20:36:39.223" endtime="20260101 20:36:39.224"/>
</kw>
<status status="PASS" starttime="20260101 20:36:37.021" endtime="20260101 20:36:39.224"/>
</kw>
<kw name="Go To" library="Selenium2Library">
<arg>${DASHBOARD_PAGE_URL.${env}}</arg>
<doc>Navigates the current browser window to the provided ``url``.</doc>
<msg timestamp="20260101 20:36:39.237" level="INFO">Opening url 'https://analystuat.staging.zinc.systems/#/analyst/dashboard'</msg>
<status status="PASS" starttime="20260101 20:36:39.224" endtime="20260101 20:36:39.248"/>
</kw>
<kw name="Run Keyword And Return Status" library="BuiltIn">
<var>${status}</var>
<arg>element should be visible</arg>
<arg>${DASHBOARD_CLOSE_BUTTON}</arg>
<doc>Runs the given keyword with given arguments and returns the status as a Boolean value.</doc>
<kw name="Element Should Be Visible" library="Selenium2Library">
<arg>${DASHBOARD_CLOSE_BUTTON}</arg>
<doc>Verifies that the element identified by ``locator`` is visible.</doc>
<msg timestamp="20260101 20:36:42.464" level="INFO" html="true">&lt;/td&gt;&lt;/tr&gt;&lt;tr&gt;&lt;td colspan="3"&gt;&lt;a href="selenium-screenshot-8246.png"&gt;&lt;img src="selenium-screenshot-8246.png" width="800px"&gt;&lt;/a&gt;</msg>
<msg timestamp="20260101 20:36:42.464" level="FAIL">Element with locator 'id=btn-slide-out-close' not found.</msg>
<status status="FAIL" starttime="20260101 20:36:39.249" endtime="20260101 20:36:42.466"/>
</kw>
<msg timestamp="20260101 20:36:42.467" level="INFO">${status} = False</msg>
<status status="PASS" starttime="20260101 20:36:39.249" endtime="20260101 20:36:42.467"/>
</kw>
<kw name="Run Keyword If" library="BuiltIn">
<arg>'${status}'=='True'</arg>
<arg>Execute JavaScript</arg>
<arg>document.evaluate("//*[@id='btn-slide-out-close']", document, null, XPathResult.FIRST_ORDERED_NODE_TYPE, null).singleNodeValue.click()</arg>
<doc>Runs the given keyword with the given arguments, if ``condition`` is true.</doc>
<status status="PASS" starttime="20260101 20:36:42.467" endtime="20260101 20:36:42.468"/>
</kw>
<kw name="Run Keyword And Return Status" library="BuiltIn">
<var>${dstatus}</var>
<arg>element should be visible</arg>
<arg>${DISCARD_BUTTON}</arg>
<doc>Runs the given keyword with given arguments and returns the status as a Boolean value.</doc>
<kw name="Element Should Be Visible" library="Selenium2Library">
<arg>${DISCARD_BUTTON}</arg>
<doc>Verifies that the element identified by ``locator`` is visible.</doc>
<msg timestamp="20260101 20:36:44.695" level="INFO" html="true">&lt;/td&gt;&lt;/tr&gt;&lt;tr&gt;&lt;td colspan="3"&gt;&lt;a href="selenium-screenshot-8247.png"&gt;&lt;img src="selenium-screenshot-8247.png" width="800px"&gt;&lt;/a&gt;</msg>
<msg timestamp="20260101 20:36:44.696" level="FAIL">Element with locator 'xpath=//button[normalize-space()='Discard']' not found.</msg>
<status status="FAIL" starttime="20260101 20:36:42.469" endtime="20260101 20:36:44.697"/>
</kw>
<msg timestamp="20260101 20:36:44.697" level="INFO">${dstatus} = False</msg>
<status status="PASS" starttime="20260101 20:36:42.468" endtime="20260101 20:36:44.697"/>
</kw>
<kw name="Run Keyword If" library="BuiltIn">
<arg>'${dstatus}'=='True'</arg>
<arg>Execute JavaScript</arg>
<arg>document.evaluate("//button[normalize-space()='Discard']", document, null, XPathResult.FIRST_ORDERED_NODE_TYPE, null).singleNodeValue.click()</arg>
<doc>Runs the given keyword with the given arguments, if ``condition`` is true.</doc>
<status status="PASS" starttime="20260101 20:36:44.698" endtime="20260101 20:36:44.698"/>
</kw>
<kw name="Run Keyword And Return Status" library="BuiltIn">
<var>${dstatus}</var>
<arg>element should be visible</arg>
<arg>${YES_LEAVE_OPTION}</arg>
<doc>Runs the given keyword with given arguments and returns the status as a Boolean value.</doc>
<kw name="Element Should Be Visible" library="Selenium2Library">
<arg>${YES_LEAVE_OPTION}</arg>
<doc>Verifies that the element identified by ``locator`` is visible.</doc>
<msg timestamp="20260101 20:36:46.779" level="INFO" html="true">&lt;/td&gt;&lt;/tr&gt;&lt;tr&gt;&lt;td colspan="3"&gt;&lt;a href="selenium-screenshot-8248.png"&gt;&lt;img src="selenium-screenshot-8248.png" width="800px"&gt;&lt;/a&gt;</msg>
<msg timestamp="20260101 20:36:46.779" level="FAIL">Element with locator 'xpath=//button[text()='Yes, Leave']' not found.</msg>
<status status="FAIL" starttime="20260101 20:36:44.699" endtime="20260101 20:36:46.779"/>
</kw>
<msg timestamp="20260101 20:36:46.779" level="INFO">${dstatus} = False</msg>
<status status="PASS" starttime="20260101 20:36:44.699" endtime="20260101 20:36:46.779"/>
</kw>
<kw name="Run Keyword If" library="BuiltIn">
<arg>'${dstatus}'=='True'</arg>
<arg>Execute JavaScript</arg>
<arg>document.evaluate("//button[text()='Yes, Leave']", document, null, XPathResult.FIRST_ORDERED_NODE_TYPE, null).singleNodeValue.click()</arg>
<doc>Runs the given keyword with the given arguments, if ``condition`` is true.</doc>
<status status="PASS" starttime="20260101 20:36:46.779" endtime="20260101 20:36:46.779"/>
</kw>
<kw name="Wait Until Element Is Visible" library="Selenium2Library">
<arg>${DASHBOARD_HEADER}</arg>
<arg>30</arg>
<arg>Failed to go to dashboard page after 30 secs</arg>
<doc>Waits until the element ``locator`` is visible.</doc>
<status status="PASS" starttime="20260101 20:36:46.779" endtime="20260101 20:36:46.813"/>
</kw>
<kw name="Set Selenium Implicit Wait" library="Selenium2Library">
<arg>5</arg>
<doc>Sets the implicit wait value used by Selenium.</doc>
<status status="PASS" starttime="20260101 20:36:46.813" endtime="20260101 20:36:46.813"/>
</kw>
<kw name="Capture Page Screenshot" library="Selenium2Library">
<doc>Takes a screenshot of the current page and embeds it into a log file.</doc>
<msg timestamp="20260101 20:36:47.855" level="INFO" html="true">&lt;/td&gt;&lt;/tr&gt;&lt;tr&gt;&lt;td colspan="3"&gt;&lt;a href="selenium-screenshot-8249.png"&gt;&lt;img src="selenium-screenshot-8249.png" width="800px"&gt;&lt;/a&gt;</msg>
<status status="PASS" starttime="20260101 20:36:46.813" endtime="20260101 20:36:47.855"/>
</kw>
<status status="PASS" starttime="20260101 20:36:37.003" endtime="20260101 20:36:47.855"/>
</kw>
<kw name="Navigate to People Dashboard Page and Verify the People data is loaded" library="LinkIncidentToPeopleKeywords">
<kw name="Wait Until Element Is Visible" library="Selenium2Library">
<arg>${Peoples_dashboard_page}</arg>
<arg>15</arg>
<arg>People dashboard page is not visible</arg>
<doc>Waits until the element ``locator`` is visible.</doc>
<status status="PASS" starttime="20260101 20:36:47.855" endtime="20260101 20:36:47.889"/>
</kw>
<kw name="Wait Until Page Contains Element" library="Selenium2Library">
<arg>${People_dashboard_page_title}</arg>
<arg>15</arg>
<arg>People dashboard page header is not visible</arg>
<doc>Waits until the element ``locator`` appears on the current page.</doc>
<status status="PASS" starttime="20260101 20:36:47.891" endtime="20260101 20:36:47.907"/>
</kw>
<kw name="Wait Until Element Is Visible" library="Selenium2Library">
<arg>${People_widget}</arg>
<arg>20</arg>
<arg>People widget is not visible</arg>
<doc>Waits until the element ``locator`` is visible.</doc>
<status status="PASS" starttime="20260101 20:36:47.907" endtime="20260101 20:36:47.944"/>
</kw>
<kw name="Wait Until Page Contains Element" library="Selenium2Library">
<arg>${People_data}</arg>
<arg>30</arg>
<arg>people data was not loaded</arg>
<doc>Waits until the element ``locator`` appears on the current page.</doc>
<status status="PASS" starttime="20260101 20:36:47.944" endtime="20260101 20:36:47.961"/>
</kw>
<status status="PASS" starttime="20260101 20:36:47.855" endtime="20260101 20:36:47.961"/>
</kw>
<kw name="Click On People To Open the Preview Page" library="LinkIncidentToPeopleKeywords">
<kw name="Wait Until Element Is Visible" library="Selenium2Library">
<arg>${People_data}</arg>
<arg>30</arg>
<arg>People data is not visible on the people dashboard page</arg>
<doc>Waits until the element ``locator`` is visible.</doc>
<status status="PASS" starttime="20260101 20:36:47.963" endtime="20260101 20:36:48.009"/>
</kw>
<kw name="Click Element" library="Selenium2Library">
<arg>${People_data}</arg>
<doc>Click the element identified by ``locator``.</doc>
<msg timestamp="20260101 20:36:48.010" level="INFO">Clicking element 'xpath:(//div[@class='grid-view-img ng-star-inserted'])[1]'.</msg>
<status status="PASS" starttime="20260101 20:36:48.009" endtime="20260101 20:36:48.155"/>
</kw>
<kw name="Wait Until Page Contains Element" library="Selenium2Library">
<arg>${People_preview_page}</arg>
<arg>15</arg>
<arg>People preview page is not visible</arg>
<doc>Waits until the element ``locator`` appears on the current page.</doc>
<status status="PASS" starttime="20260101 20:36:48.155" endtime="20260101 20:36:48.174"/>
</kw>
<kw name="Wait Until Element Is Visible" library="Selenium2Library">
<arg>${People_name}</arg>
<arg>10</arg>
<arg>People name is not visible on the people preview page</arg>
<doc>Waits until the element ``locator`` is visible.</doc>
<status status="PASS" starttime="20260101 20:36:48.174" endtime="20260101 20:36:50.537"/>
</kw>
<status status="PASS" starttime="20260101 20:36:47.961" endtime="20260101 20:36:50.537"/>
</kw>
<kw name="Verify Link/Unlink Button Is Visible on the People Preview Page when the feature flag is on and verify other UI Elements" library="LinkIncidentToPeopleKeywords">
<kw name="Wait Until Element Is Visible" library="Selenium2Library">
<arg>${Link/Unlink_button}</arg>
<arg>10</arg>
<arg>Link/Unlink button is not visible on the people preview page</arg>
<doc>Waits until the element ``locator`` is visible.</doc>
<status status="PASS" starttime="20260101 20:36:50.538" endtime="20260101 20:36:50.575"/>
</kw>
<kw name="Click Element" library="Selenium2Library">
<arg>${Link/Unlink_button}</arg>
<doc>Click the element identified by ``locator``.</doc>
<msg timestamp="20260101 20:36:50.576" level="INFO">Clicking element 'xpath://span[@id='spn-link-unlink-people']'.</msg>
<status status="PASS" starttime="20260101 20:36:50.576" endtime="20260101 20:36:50.903"/>
</kw>
<kw name="Create List" library="BuiltIn">
<var>@{expected_elements}</var>
<arg>${Link/Unlink People To Events header}</arg>
<arg>${Select events to link to people text}</arg>
<arg>${Incidents_dropdown}</arg>
<arg>${Cancel_link_button}</arg>
<arg>${Link_button}</arg>
<doc>Returns a list containing given items.</doc>
<msg timestamp="20260101 20:36:50.904" level="INFO">@{expected_elements} = [ xpath://span[text()='Link/Unlink People To Events'] | xpath://p[text()='Select events to link to people'] | xpath://zd-select-v2[@id='select-link-incident'] | xpath://button[@id='btn-slide-out-close...</msg>
<status status="PASS" starttime="20260101 20:36:50.903" endtime="20260101 20:36:50.904"/>
</kw>
<for flavor="IN">
<var>${element}</var>
<value>@{expected_elements}</value>
<iter>
<var name="${element}">xpath://span[text()='Link/Unlink People To Events']</var>
<kw name="Wait Until Element Is Visible" library="Selenium2Library">
<arg>${element}</arg>
<arg>15</arg>
<arg>${element} is not visible on the link/unlink incident on people preview page</arg>
<doc>Waits until the element ``locator`` is visible.</doc>
<status status="PASS" starttime="20260101 20:36:50.906" endtime="20260101 20:36:50.956"/>
</kw>
<status status="PASS" starttime="20260101 20:36:50.905" endtime="20260101 20:36:50.956"/>
</iter>
<iter>
<var name="${element}">xpath://p[text()='Select events to link to people']</var>
<kw name="Wait Until Element Is Visible" library="Selenium2Library">
<arg>${element}</arg>
<arg>15</arg>
<arg>${element} is not visible on the link/unlink incident on people preview page</arg>
<doc>Waits until the element ``locator`` is visible.</doc>
<status status="PASS" starttime="20260101 20:36:50.957" endtime="20260101 20:36:51.005"/>
</kw>
<status status="PASS" starttime="20260101 20:36:50.957" endtime="20260101 20:36:51.005"/>
</iter>
<iter>
<var name="${element}">xpath://zd-select-v2[@id='select-link-incident']</var>
<kw name="Wait Until Element Is Visible" library="Selenium2Library">
<arg>${element}</arg>
<arg>15</arg>
<arg>${element} is not visible on the link/unlink incident on people preview page</arg>
<doc>Waits until the element ``locator`` is visible.</doc>
<status status="PASS" starttime="20260101 20:36:51.005" endtime="20260101 20:36:52.372"/>
</kw>
<status status="PASS" starttime="20260101 20:36:51.005" endtime="20260101 20:36:52.372"/>
</iter>
<iter>
<var name="${element}">xpath://button[@id='btn-slide-out-close']</var>
<kw name="Wait Until Element Is Visible" library="Selenium2Library">
<arg>${element}</arg>
<arg>15</arg>
<arg>${element} is not visible on the link/unlink incident on people preview page</arg>
<doc>Waits until the element ``locator`` is visible.</doc>
<status status="PASS" starttime="20260101 20:36:52.372" endtime="20260101 20:36:52.408"/>
</kw>
<status status="PASS" starttime="20260101 20:36:52.372" endtime="20260101 20:36:52.408"/>
</iter>
<iter>
<var name="${element}">xpath://button[@id='btn-slide-out-confirm']</var>
<kw name="Wait Until Element Is Visible" library="Selenium2Library">
<arg>${element}</arg>
<arg>15</arg>
<arg>${element} is not visible on the link/unlink incident on people preview page</arg>
<doc>Waits until the element ``locator`` is visible.</doc>
<status status="PASS" starttime="20260101 20:36:52.408" endtime="20260101 20:36:52.443"/>
</kw>
<status status="PASS" starttime="20260101 20:36:52.408" endtime="20260101 20:36:52.443"/>
</iter>
<status status="PASS" starttime="20260101 20:36:50.905" endtime="20260101 20:36:52.444"/>
</for>
<status status="PASS" starttime="20260101 20:36:50.538" endtime="20260101 20:36:52.444"/>
</kw>
<kw name="Stop Test Case Recording" library="General" type="TEARDOWN">
<kw name="Sleep" library="BuiltIn">
<arg>2</arg>
<doc>Pauses the test executed for the given time.</doc>
<msg timestamp="20260101 20:36:54.447" level="INFO">Slept 2 seconds</msg>
<status status="PASS" starttime="20260101 20:36:52.446" endtime="20260101 20:36:54.447"/>
</kw>
<kw name="Run Keyword And Ignore Error" library="BuiltIn">
<arg>Stop Video Recording</arg>
<doc>Runs the given keyword with the given arguments and ignores possible error.</doc>
<kw name="Stop Video Recording" library="ScreenCapLibrary">
<doc>Stops the video recording corresponding to the given ``alias`` and generates the file in WebM format. If no
``alias`` is specified, the last opened recording will be closed. If there are more recordings with the same
alias all of them will be closed. If ``embed`` argument was set to
``True`` the video will be displayed in the log file.
Furthermore, if the ``save_to_disk`` parameter is set to ``False``, the video will be embedded and available in
the log file only.</doc>
<msg timestamp="20260101 20:36:54.526" level="INFO" html="true">&lt;a href="LPI_002_Verify%20user%20should%20able%20to%20see%20Add%20Incident%20button%20in%20people%20preview%20page%20when%20ff%20is%20on_01_01_20_36_37_1.webm"&gt;&lt;video width="'800px'" autoplay&gt;&lt;source src="LPI_002_Verify%20user%20should%20able%20to%20see%20Add%20Incident%20button%20in%20people%20preview%20page%20when%20ff%20is%20on_01_01_20_36_37_1.webm" type="video/webm"&gt;&lt;/video&gt;&lt;/a&gt;</msg>
<status status="PASS" starttime="20260101 20:36:54.447" endtime="20260101 20:36:54.526"/>
</kw>
<status status="PASS" starttime="20260101 20:36:54.447" endtime="20260101 20:36:54.527"/>
</kw>
<kw name="Set Variable" library="BuiltIn">
<var>${original_file}</var>
<arg>${recording_file}</arg>
<doc>Returns the given values which can then be assigned to a variables.</doc>
<msg timestamp="20260101 20:36:54.527" level="INFO">${original_file} = LPI_002_Verify user should able to see Add Incident button in people preview page when ff is on_01_01_20_36_37</msg>
<status status="PASS" starttime="20260101 20:36:54.527" endtime="20260101 20:36:54.527"/>
</kw>
<kw name="Set Variable" library="BuiltIn">
<var>${new_file}</var>
<arg>${recording_file}_${test_status}</arg>
<doc>Returns the given values which can then be assigned to a variables.</doc>
<msg timestamp="20260101 20:36:54.528" level="INFO">${new_file} = LPI_002_Verify user should able to see Add Incident button in people preview page when ff is on_01_01_20_36_37_PASS</msg>
<status status="PASS" starttime="20260101 20:36:54.527" endtime="20260101 20:36:54.528"/>
</kw>
<kw name="Run Keyword And Ignore Error" library="BuiltIn">
<arg>Move File</arg>
<arg>${original_file}_1.webm</arg>
<arg>./Test_Recordings/${new_file}.webm</arg>
<doc>Runs the given keyword with the given arguments and ignores possible error.</doc>
<kw name="Move File" library="OperatingSystem">
<arg>${original_file}_1.webm</arg>
<arg>./Test_Recordings/${new_file}.webm</arg>
<doc>Moves the source file into the destination.</doc>
<msg timestamp="20260101 20:36:54.531" level="INFO" html="true">Moved file from '&lt;a href="file://C:\Users\adity\PycharmProjects\Synapse_new\LPI_002_Verify user should able to see Add Incident button in people preview page when ff is on_01_01_20_36_37_1.webm"&gt;C:\Users\adity\PycharmProjects\Synapse_new\LPI_002_Verify user should able to see Add Incident button in people preview page when ff is on_01_01_20_36_37_1.webm&lt;/a&gt;' to '&lt;a href="file://C:\Users\adity\PycharmProjects\Synapse_new\Test_Recordings\LPI_002_Verify user should able to see Add Incident button in people preview page when ff is on_01_01_20_36_37_PASS.webm"&gt;C:\Users\adity\PycharmProjects\Synapse_new\Test_Recordings\LPI_002_Verify user should able to see Add Incident button in people preview page when ff is on_01_01_20_36_37_PASS.webm&lt;/a&gt;'.</msg>
<status status="PASS" starttime="20260101 20:36:54.528" endtime="20260101 20:36:54.531"/>
</kw>
<status status="PASS" starttime="20260101 20:36:54.528" endtime="20260101 20:36:54.531"/>
</kw>
<status status="PASS" starttime="20260101 20:36:52.445" endtime="20260101 20:36:54.532"/>
</kw>
<doc>Verify user should be able to see "Add Incident" button in people preview page when ff is on</doc>
<tag>LPI_WhenFFisOn</tag>
<status status="PASS" starttime="20260101 20:36:37.002" endtime="20260101 20:36:54.532"/>
</test>
<test id="s1-t3" name="LPI_003_Verify user should able to access &quot;Select Incident&quot; in people preview page" line="29">
<kw name="Go To Home Page" library="General" type="SETUP">
<kw name="Set Selenium Implicit Wait" library="Selenium2Library">
<arg>1</arg>
<doc>Sets the implicit wait value used by Selenium.</doc>
<status status="PASS" starttime="20260101 20:36:54.535" endtime="20260101 20:36:54.538"/>
</kw>
<kw name="Press Keys" library="Selenium2Library">
<arg>None</arg>
<arg>ESC</arg>
<doc>Simulates the user pressing key(s) to an element or on the active browser.</doc>
<msg timestamp="20260101 20:36:54.539" level="INFO">Sending key(s) ('ESC',) to page.</msg>
<msg timestamp="20260101 20:36:54.539" level="INFO">Pressing special key ESCAPE to browser.</msg>
<msg timestamp="20260101 20:36:54.539" level="INFO">Releasing special key ESCAPE.</msg>
<status status="PASS" starttime="20260101 20:36:54.538" endtime="20260101 20:36:54.552"/>
</kw>
<kw name="Start Test Case Recording" library="General">
<kw name="Run Keyword If" library="BuiltIn">
<arg>'${USE_PYGTK}'=='True'</arg>
<arg>run keyword and ignore error</arg>
<arg>Import Library</arg>
<arg>ScreenCapLibrary</arg>
<arg>screenshot_module=PyGTK</arg>
<arg>ELSE</arg>
<arg>run keyword and ignore error</arg>
<arg>Import Library</arg>
<arg>ScreenCapLibrary</arg>
<doc>Runs the given keyword with the given arguments, if ``condition`` is true.</doc>
<kw name="Run Keyword And Ignore Error" library="BuiltIn">
<arg>Import Library</arg>
<arg>ScreenCapLibrary</arg>
<doc>Runs the given keyword with the given arguments and ignores possible error.</doc>
<kw name="Import Library" library="BuiltIn">
<arg>ScreenCapLibrary</arg>
<doc>Imports a library with the given name and optional arguments.</doc>
<status status="PASS" starttime="20260101 20:36:54.554" endtime="20260101 20:36:54.556"/>
</kw>
<status status="PASS" starttime="20260101 20:36:54.553" endtime="20260101 20:36:54.556"/>
</kw>
<status status="PASS" starttime="20260101 20:36:54.553" endtime="20260101 20:36:54.556"/>
</kw>
<kw name="Get Current Date" library="DateTime">
<var>${Current_Time}</var>
<arg>result_format=%m_%d_%H_%M_%S</arg>
<doc>Returns current local or UTC time with an optional increment.</doc>
<msg timestamp="20260101 20:36:54.557" level="INFO">${Current_Time} = 01_01_20_36_54</msg>
<status status="PASS" starttime="20260101 20:36:54.556" endtime="20260101 20:36:54.557"/>
</kw>
<kw name="Set Variable" library="BuiltIn">
<var>${recording_file}</var>
<arg>${TEST NAME}_${Current_Time}</arg>
<doc>Returns the given values which can then be assigned to a variables.</doc>
<msg timestamp="20260101 20:36:54.557" level="INFO">${recording_file} = LPI_003_Verify user should able to access "Select Incident" in people preview page_01_01_20_36_54</msg>
<status status="PASS" starttime="20260101 20:36:54.557" endtime="20260101 20:36:54.557"/>
</kw>
<kw name="Run Keyword And Ignore Error" library="BuiltIn">
<arg>start video recording</arg>
<arg>alias=None</arg>
<arg>name=${recording_file}</arg>
<arg>fps=None</arg>
<arg>size_percentage=0.8</arg>
<arg>embed=True</arg>
<arg>embed_width='800px'</arg>
<arg>monitor=0</arg>
<doc>Runs the given keyword with the given arguments and ignores possible error.</doc>
<kw name="Start Video Recording" library="ScreenCapLibrary">
<arg>alias=None</arg>
<arg>name=${recording_file}</arg>
<arg>fps=None</arg>
<arg>size_percentage=0.8</arg>
<arg>embed=True</arg>
<arg>embed_width='800px'</arg>
<arg>monitor=0</arg>
<doc>Starts the recording of a video in the background with the specified ``name``.
The recording can be stopped by calling the `Stop Video Recording` keyword.</doc>
<msg timestamp="20260101 20:36:56.734" level="INFO">Automatically setting a fps of 6.5</msg>
<status status="PASS" starttime="20260101 20:36:54.558" endtime="20260101 20:36:56.738"/>
</kw>
<status status="PASS" starttime="20260101 20:36:54.558" endtime="20260101 20:36:56.738"/>
</kw>
<kw name="Set Test Variable" library="BuiltIn">
<var>${recording_file}</var>
<arg>${recording_file}</arg>
<doc>Makes a variable available everywhere within the scope of the current test.</doc>
<msg timestamp="20260101 20:36:56.739" level="INFO">${recording_file} = LPI_003_Verify user should able to access "Select Incident" in people preview page_01_01_20_36_54</msg>
<msg timestamp="20260101 20:36:56.739" level="INFO">${recording_file} = None</msg>
<status status="PASS" starttime="20260101 20:36:56.738" endtime="20260101 20:36:56.739"/>
</kw>
<status status="PASS" starttime="20260101 20:36:54.552" endtime="20260101 20:36:56.740"/>
</kw>
<kw name="Go To" library="Selenium2Library">
<arg>${DASHBOARD_PAGE_URL.${env}}</arg>
<doc>Navigates the current browser window to the provided ``url``.</doc>
<msg timestamp="20260101 20:36:56.760" level="INFO">Opening url 'https://analystuat.staging.zinc.systems/#/analyst/dashboard'</msg>
<status status="PASS" starttime="20260101 20:36:56.740" endtime="20260101 20:36:56.809"/>
</kw>
<kw name="Run Keyword And Return Status" library="BuiltIn">
<var>${status}</var>
<arg>element should be visible</arg>
<arg>${DASHBOARD_CLOSE_BUTTON}</arg>
<doc>Runs the given keyword with given arguments and returns the status as a Boolean value.</doc>
<kw name="Element Should Be Visible" library="Selenium2Library">
<arg>${DASHBOARD_CLOSE_BUTTON}</arg>
<doc>Verifies that the element identified by ``locator`` is visible.</doc>
<msg timestamp="20260101 20:36:59.213" level="INFO">Element 'id=btn-slide-out-close' is displayed.</msg>
<status status="PASS" starttime="20260101 20:36:56.810" endtime="20260101 20:36:59.219"/>
</kw>
<msg timestamp="20260101 20:36:59.219" level="INFO">${status} = True</msg>
<status status="PASS" starttime="20260101 20:36:56.809" endtime="20260101 20:36:59.219"/>
</kw>
<kw name="Run Keyword If" library="BuiltIn">
<arg>'${status}'=='True'</arg>
<arg>Execute JavaScript</arg>
<arg>document.evaluate("//*[@id='btn-slide-out-close']", document, null, XPathResult.FIRST_ORDERED_NODE_TYPE, null).singleNodeValue.click()</arg>
<doc>Runs the given keyword with the given arguments, if ``condition`` is true.</doc>
<kw name="Execute Javascript" library="Selenium2Library">
<arg>document.evaluate("//*[@id='btn-slide-out-close']", document, null, XPathResult.FIRST_ORDERED_NODE_TYPE, null).singleNodeValue.click()</arg>
<doc>Executes the given JavaScript code with possible arguments.</doc>
<msg timestamp="20260101 20:36:59.219" level="INFO">Executing JavaScript:
document.evaluate("//*[@id='btn-slide-out-close']", document, null, XPathResult.FIRST_ORDERED_NODE_TYPE, null).singleNodeValue.click()
Without any arguments.</msg>
<status status="PASS" starttime="20260101 20:36:59.219" endtime="20260101 20:36:59.278"/>
</kw>
<status status="PASS" starttime="20260101 20:36:59.219" endtime="20260101 20:36:59.278"/>
</kw>
<kw name="Run Keyword And Return Status" library="BuiltIn">
<var>${dstatus}</var>
<arg>element should be visible</arg>
<arg>${DISCARD_BUTTON}</arg>
<doc>Runs the given keyword with given arguments and returns the status as a Boolean value.</doc>
<kw name="Element Should Be Visible" library="Selenium2Library">
<arg>${DISCARD_BUTTON}</arg>
<doc>Verifies that the element identified by ``locator`` is visible.</doc>
<msg timestamp="20260101 20:37:01.624" level="INFO" html="true">&lt;/td&gt;&lt;/tr&gt;&lt;tr&gt;&lt;td colspan="3"&gt;&lt;a href="selenium-screenshot-8250.png"&gt;&lt;img src="selenium-screenshot-8250.png" width="800px"&gt;&lt;/a&gt;</msg>
<msg timestamp="20260101 20:37:01.624" level="FAIL">Element with locator 'xpath=//button[normalize-space()='Discard']' not found.</msg>
<status status="FAIL" starttime="20260101 20:36:59.278" endtime="20260101 20:37:01.626"/>
</kw>
<msg timestamp="20260101 20:37:01.627" level="INFO">${dstatus} = False</msg>
<status status="PASS" starttime="20260101 20:36:59.278" endtime="20260101 20:37:01.627"/>
</kw>
<kw name="Run Keyword If" library="BuiltIn">
<arg>'${dstatus}'=='True'</arg>
<arg>Execute JavaScript</arg>
<arg>document.evaluate("//button[normalize-space()='Discard']", document, null, XPathResult.FIRST_ORDERED_NODE_TYPE, null).singleNodeValue.click()</arg>
<doc>Runs the given keyword with the given arguments, if ``condition`` is true.</doc>
<status status="PASS" starttime="20260101 20:37:01.627" endtime="20260101 20:37:01.628"/>
</kw>
<kw name="Run Keyword And Return Status" library="BuiltIn">
<var>${dstatus}</var>
<arg>element should be visible</arg>
<arg>${YES_LEAVE_OPTION}</arg>
<doc>Runs the given keyword with given arguments and returns the status as a Boolean value.</doc>
<kw name="Element Should Be Visible" library="Selenium2Library">
<arg>${YES_LEAVE_OPTION}</arg>
<doc>Verifies that the element identified by ``locator`` is visible.</doc>
<msg timestamp="20260101 20:37:03.827" level="INFO" html="true">&lt;/td&gt;&lt;/tr&gt;&lt;tr&gt;&lt;td colspan="3"&gt;&lt;a href="selenium-screenshot-8251.png"&gt;&lt;img src="selenium-screenshot-8251.png" width="800px"&gt;&lt;/a&gt;</msg>
<msg timestamp="20260101 20:37:03.829" level="FAIL">Element with locator 'xpath=//button[text()='Yes, Leave']' not found.</msg>
<status status="FAIL" starttime="20260101 20:37:01.629" endtime="20260101 20:37:03.829"/>
</kw>
<msg timestamp="20260101 20:37:03.829" level="INFO">${dstatus} = False</msg>
<status status="PASS" starttime="20260101 20:37:01.629" endtime="20260101 20:37:03.829"/>
</kw>
<kw name="Run Keyword If" library="BuiltIn">
<arg>'${dstatus}'=='True'</arg>
<arg>Execute JavaScript</arg>
<arg>document.evaluate("//button[text()='Yes, Leave']", document, null, XPathResult.FIRST_ORDERED_NODE_TYPE, null).singleNodeValue.click()</arg>
<doc>Runs the given keyword with the given arguments, if ``condition`` is true.</doc>
<status status="PASS" starttime="20260101 20:37:03.829" endtime="20260101 20:37:03.829"/>
</kw>
<kw name="Wait Until Element Is Visible" library="Selenium2Library">
<arg>${DASHBOARD_HEADER}</arg>
<arg>30</arg>
<arg>Failed to go to dashboard page after 30 secs</arg>
<doc>Waits until the element ``locator`` is visible.</doc>
<status status="PASS" starttime="20260101 20:37:03.829" endtime="20260101 20:37:03.863"/>
</kw>
<kw name="Set Selenium Implicit Wait" library="Selenium2Library">
<arg>5</arg>
<doc>Sets the implicit wait value used by Selenium.</doc>
<status status="PASS" starttime="20260101 20:37:03.863" endtime="20260101 20:37:03.873"/>
</kw>
<kw name="Capture Page Screenshot" library="Selenium2Library">
<doc>Takes a screenshot of the current page and embeds it into a log file.</doc>
<msg timestamp="20260101 20:37:04.999" level="INFO" html="true">&lt;/td&gt;&lt;/tr&gt;&lt;tr&gt;&lt;td colspan="3"&gt;&lt;a href="selenium-screenshot-8252.png"&gt;&lt;img src="selenium-screenshot-8252.png" width="800px"&gt;&lt;/a&gt;</msg>
<status status="PASS" starttime="20260101 20:37:03.874" endtime="20260101 20:37:04.999"/>
</kw>
<status status="PASS" starttime="20260101 20:36:54.535" endtime="20260101 20:37:05.000"/>
</kw>
<kw name="Navigate to People Dashboard Page and Verify the People data is loaded" library="LinkIncidentToPeopleKeywords">
<kw name="Wait Until Element Is Visible" library="Selenium2Library">
<arg>${Peoples_dashboard_page}</arg>
<arg>15</arg>
<arg>People dashboard page is not visible</arg>
<doc>Waits until the element ``locator`` is visible.</doc>
<status status="PASS" starttime="20260101 20:37:05.000" endtime="20260101 20:37:05.050"/>
</kw>
<kw name="Wait Until Page Contains Element" library="Selenium2Library">
<arg>${People_dashboard_page_title}</arg>
<arg>15</arg>
<arg>People dashboard page header is not visible</arg>
<doc>Waits until the element ``locator`` appears on the current page.</doc>
<status status="PASS" starttime="20260101 20:37:05.052" endtime="20260101 20:37:05.073"/>
</kw>
<kw name="Wait Until Element Is Visible" library="Selenium2Library">
<arg>${People_widget}</arg>
<arg>20</arg>
<arg>People widget is not visible</arg>
<doc>Waits until the element ``locator`` is visible.</doc>
<status status="PASS" starttime="20260101 20:37:05.073" endtime="20260101 20:37:05.108"/>
</kw>
<kw name="Wait Until Page Contains Element" library="Selenium2Library">
<arg>${People_data}</arg>
<arg>30</arg>
<arg>people data was not loaded</arg>
<doc>Waits until the element ``locator`` appears on the current page.</doc>
<status status="PASS" starttime="20260101 20:37:05.108" endtime="20260101 20:37:05.135"/>
</kw>
<status status="PASS" starttime="20260101 20:37:05.000" endtime="20260101 20:37:05.135"/>
</kw>
<kw name="Click On People To Open the Preview Page" library="LinkIncidentToPeopleKeywords">
<kw name="Wait Until Element Is Visible" library="Selenium2Library">
<arg>${People_data}</arg>
<arg>30</arg>
<arg>People data is not visible on the people dashboard page</arg>
<doc>Waits until the element ``locator`` is visible.</doc>
<status status="PASS" starttime="20260101 20:37:05.139" endtime="20260101 20:37:05.175"/>
</kw>
<kw name="Click Element" library="Selenium2Library">
<arg>${People_data}</arg>
<doc>Click the element identified by ``locator``.</doc>
<msg timestamp="20260101 20:37:05.178" level="INFO">Clicking element 'xpath:(//div[@class='grid-view-img ng-star-inserted'])[1]'.</msg>
<status status="PASS" starttime="20260101 20:37:05.175" endtime="20260101 20:37:05.333"/>
</kw>
<kw name="Wait Until Page Contains Element" library="Selenium2Library">
<arg>${People_preview_page}</arg>
<arg>15</arg>
<arg>People preview page is not visible</arg>
<doc>Waits until the element ``locator`` appears on the current page.</doc>
<status status="PASS" starttime="20260101 20:37:05.333" endtime="20260101 20:37:05.348"/>
</kw>
<kw name="Wait Until Element Is Visible" library="Selenium2Library">
<arg>${People_name}</arg>
<arg>10</arg>
<arg>People name is not visible on the people preview page</arg>
<doc>Waits until the element ``locator`` is visible.</doc>
<status status="PASS" starttime="20260101 20:37:05.348" endtime="20260101 20:37:07.829"/>
</kw>
<status status="PASS" starttime="20260101 20:37:05.138" endtime="20260101 20:37:07.829"/>
</kw>
<kw name="Click On Link/Unlink Incident Button" library="LinkIncidentToPeopleKeywords">
<kw name="Sleep" library="BuiltIn">
<arg>2</arg>
<doc>Pauses the test executed for the given time.</doc>
<msg timestamp="20260101 20:37:09.832" level="INFO">Slept 2 seconds</msg>
<status status="PASS" starttime="20260101 20:37:07.831" endtime="20260101 20:37:09.832"/>
</kw>
<kw name="Wait Until Element Is Visible" library="Selenium2Library">
<arg>${Link/Unlink_button}</arg>
<arg>10</arg>
<arg>Link/Unlink button is not visible on the people preview page</arg>
<doc>Waits until the element ``locator`` is visible.</doc>
<status status="PASS" starttime="20260101 20:37:09.832" endtime="20260101 20:37:09.871"/>
</kw>
<kw name="Click Element" library="Selenium2Library">
<arg>${Link/Unlink_button}</arg>
<doc>Click the element identified by ``locator``.</doc>
<msg timestamp="20260101 20:37:09.872" level="INFO">Clicking element 'xpath://span[@id='spn-link-unlink-people']'.</msg>
<status status="PASS" starttime="20260101 20:37:09.871" endtime="20260101 20:37:10.058"/>
</kw>
<status status="PASS" starttime="20260101 20:37:07.830" endtime="20260101 20:37:10.060"/>
</kw>
<kw name="Link the incident to the people" library="LinkIncidentToPeopleKeywords">
<kw name="Wait Until Element Is Visible" library="Selenium2Library">
<arg>${Incidents_dropdown}</arg>
<arg>10</arg>
<arg>Incidents dropdown is not visible on the link/unlink incident on people preview page</arg>
<doc>Waits until the element ``locator`` is visible.</doc>
<status status="PASS" starttime="20260101 20:37:10.063" endtime="20260101 20:37:10.327"/>
</kw>
<kw name="Click Element" library="Selenium2Library">
<arg>${Incidents_dropdown}</arg>
<doc>Click the element identified by ``locator``.</doc>
<msg timestamp="20260101 20:37:10.329" level="INFO">Clicking element 'xpath://zd-select-v2[@id='select-link-incident']'.</msg>
<status status="PASS" starttime="20260101 20:37:10.328" endtime="20260101 20:37:10.561"/>
</kw>
<kw name="Input Text" library="Selenium2Library">
<arg>${Incident_dropdown_search_box}</arg>
<arg>${AA_category_incident}</arg>
<doc>Types the given ``text`` into the text field identified by ``locator``.</doc>
<msg timestamp="20260101 20:37:10.562" level="INFO">Typing text 'AA00' into text field 'xpath://input[@placeholder='Search']'.</msg>
<status status="PASS" starttime="20260101 20:37:10.561" endtime="20260101 20:37:10.847"/>
</kw>
<kw name="Get Text" library="Selenium2Library">
<var>${Selected_incident_reference_number}</var>
<arg>${Alarm_activations_incident_reference_number}</arg>
<doc>Returns the text value of the element identified by ``locator``.</doc>
<msg timestamp="20260101 20:37:11.878" level="INFO">${Selected_incident_reference_number} = AA009983</msg>
<status status="PASS" starttime="20260101 20:37:10.847" endtime="20260101 20:37:11.878"/>
</kw>
<kw name="Log To Console" library="BuiltIn">
<arg>Selected incident reference number is: ${Selected_incident_reference_number}</arg>
<doc>Logs the given message to the console.</doc>
<status status="PASS" starttime="20260101 20:37:11.878" endtime="20260101 20:37:11.879"/>
</kw>
<kw name="Set Suite Variable" library="BuiltIn">
<arg>${Selected_incident_reference_number}</arg>
<arg>${Selected_incident_reference_number}</arg>
<doc>Makes a variable available everywhere within the scope of the current suite.</doc>
<msg timestamp="20260101 20:37:11.880" level="INFO">${Selected_incident_reference_number} = AA009983</msg>
<status status="PASS" starttime="20260101 20:37:11.879" endtime="20260101 20:37:11.880"/>
</kw>
<kw name="Click Element" library="Selenium2Library">
<arg>${Alarm_activations_incident_reference_number}</arg>
<doc>Click the element identified by ``locator``.</doc>
<msg timestamp="20260101 20:37:11.881" level="INFO">Clicking element 'xpath:(//div[@class='zd-select-option'])[1]'.</msg>
<status status="PASS" starttime="20260101 20:37:11.880" endtime="20260101 20:37:12.099"/>
</kw>
<kw name="Press Keys" library="Selenium2Library">
<arg>${None}</arg>
<arg>ESC</arg>
<doc>Simulates the user pressing key(s) to an element or on the active browser.</doc>
<msg timestamp="20260101 20:37:12.101" level="INFO">Sending key(s) ('ESC',) to page.</msg>
<msg timestamp="20260101 20:37:12.101" level="INFO">Pressing special key ESCAPE to browser.</msg>
<msg timestamp="20260101 20:37:12.101" level="INFO">Releasing special key ESCAPE.</msg>
<status status="PASS" starttime="20260101 20:37:12.100" endtime="20260101 20:37:12.126"/>
</kw>
<kw name="Get Text" library="Selenium2Library">
<var>${Selected_incident_reference_number_shown_after_selection}</var>
<arg>xpath://span[@class='mbsc-textfield-tag-text mbsc-material']</arg>
<doc>Returns the text value of the element identified by ``locator``.</doc>
<msg timestamp="20260101 20:37:12.202" level="INFO">${Selected_incident_reference_number_shown_after_selection} = AA009983</msg>
<status status="PASS" starttime="20260101 20:37:12.127" endtime="20260101 20:37:12.202"/>
</kw>
<kw name="Should Be Equal" library="BuiltIn">
<arg>${Selected_incident_reference_number}</arg>
<arg>${Selected_incident_reference_number_shown_after_selection}</arg>
<arg>Selected incident reference number is not shown after selection</arg>
<doc>Fails if the given objects are unequal.</doc>
<status status="PASS" starttime="20260101 20:37:12.202" endtime="20260101 20:37:12.203"/>
</kw>
<kw name="Wait Until Element Is Visible" library="Selenium2Library">
<arg>${Link_button}</arg>
<arg>10</arg>
<arg>Link button is not visible on the link/unlink incident on people preview page</arg>
<doc>Waits until the element ``locator`` is visible.</doc>
<status status="PASS" starttime="20260101 20:37:12.203" endtime="20260101 20:37:12.252"/>
</kw>
<kw name="Click Element" library="Selenium2Library">
<arg>${Link_button}</arg>
<doc>Click the element identified by ``locator``.</doc>
<msg timestamp="20260101 20:37:12.254" level="INFO">Clicking element 'xpath://button[@id='btn-slide-out-confirm']'.</msg>
<status status="PASS" starttime="20260101 20:37:12.252" endtime="20260101 20:37:12.505"/>
</kw>
<kw name="Run Keyword And Return Status" library="BuiltIn">
<arg>Page Should Contain</arg>
<arg>${Event_linked_successfully_toast_message}</arg>
<doc>Runs the given keyword with given arguments and returns the status as a Boolean value.</doc>
<kw name="Page Should Contain" library="Selenium2Library">
<arg>${Event_linked_successfully_toast_message}</arg>
<doc>Verifies that current page contains ``text``.</doc>
<msg timestamp="20260101 20:37:14.837" level="INFO">Current page contains text 'Event linked successfully'.</msg>
<status status="PASS" starttime="20260101 20:37:12.506" endtime="20260101 20:37:14.837"/>
</kw>
<status status="PASS" starttime="20260101 20:37:12.506" endtime="20260101 20:37:14.837"/>
</kw>
<status status="PASS" starttime="20260101 20:37:10.062" endtime="20260101 20:37:14.837"/>
</kw>
<kw name="Verify the incident is successfully linked to the people" library="LinkIncidentToPeopleKeywords">
<kw name="Click On Link/Unlink Incident Button" library="LinkIncidentToPeopleKeywords">
<kw name="Sleep" library="BuiltIn">
<arg>2</arg>
<doc>Pauses the test executed for the given time.</doc>
<msg timestamp="20260101 20:37:16.840" level="INFO">Slept 2 seconds</msg>
<status status="PASS" starttime="20260101 20:37:14.840" endtime="20260101 20:37:16.840"/>
</kw>
<kw name="Wait Until Element Is Visible" library="Selenium2Library">
<arg>${Link/Unlink_button}</arg>
<arg>10</arg>
<arg>Link/Unlink button is not visible on the people preview page</arg>
<doc>Waits until the element ``locator`` is visible.</doc>
<status status="PASS" starttime="20260101 20:37:16.840" endtime="20260101 20:37:16.877"/>
</kw>
<kw name="Click Element" library="Selenium2Library">
<arg>${Link/Unlink_button}</arg>
<doc>Click the element identified by ``locator``.</doc>
<msg timestamp="20260101 20:37:16.878" level="INFO">Clicking element 'xpath://span[@id='spn-link-unlink-people']'.</msg>
<status status="PASS" starttime="20260101 20:37:16.877" endtime="20260101 20:37:17.044"/>
</kw>
<status status="PASS" starttime="20260101 20:37:14.839" endtime="20260101 20:37:17.044"/>
</kw>
<kw name="Log To Console" library="BuiltIn">
<arg>Verifying that incident ${Selected_incident_reference_number} is linked to the person</arg>
<doc>Logs the given message to the console.</doc>
<status status="PASS" starttime="20260101 20:37:17.045" endtime="20260101 20:37:17.046"/>
</kw>
<kw name="Page Should Contain" library="Selenium2Library">
<arg>${Selected_incident_reference_number}</arg>
<doc>Verifies that current page contains ``text``.</doc>
<msg timestamp="20260101 20:37:18.178" level="INFO">Current page contains text 'AA009983'.</msg>
<status status="PASS" starttime="20260101 20:37:17.046" endtime="20260101 20:37:18.178"/>
</kw>
<status status="PASS" starttime="20260101 20:37:14.839" endtime="20260101 20:37:18.180"/>
</kw>
<kw name="Stop Test Case Recording" library="General" type="TEARDOWN">
<kw name="Sleep" library="BuiltIn">
<arg>2</arg>
<doc>Pauses the test executed for the given time.</doc>
<msg timestamp="20260101 20:37:20.182" level="INFO">Slept 2 seconds</msg>
<status status="PASS" starttime="20260101 20:37:18.180" endtime="20260101 20:37:20.182"/>
</kw>
<kw name="Run Keyword And Ignore Error" library="BuiltIn">
<arg>Stop Video Recording</arg>
<doc>Runs the given keyword with the given arguments and ignores possible error.</doc>
<kw name="Stop Video Recording" library="ScreenCapLibrary">
<doc>Stops the video recording corresponding to the given ``alias`` and generates the file in WebM format. If no
``alias`` is specified, the last opened recording will be closed. If there are more recordings with the same
alias all of them will be closed. If ``embed`` argument was set to
``True`` the video will be displayed in the log file.
Furthermore, if the ``save_to_disk`` parameter is set to ``False``, the video will be embedded and available in
the log file only.</doc>
<msg timestamp="20260101 20:37:20.206" level="INFO" html="true">&lt;a href="LPI_003_Verify%20user%20should%20able%20to%20access%20%22Select%20Incident%22%20in%20people%20preview%20page_01_01_20_36_54_1.webm"&gt;&lt;video width="'800px'" autoplay&gt;&lt;source src="LPI_003_Verify%20user%20should%20able%20to%20access%20%22Select%20Incident%22%20in%20people%20preview%20page_01_01_20_36_54_1.webm" type="video/webm"&gt;&lt;/video&gt;&lt;/a&gt;</msg>
<status status="PASS" starttime="20260101 20:37:20.182" endtime="20260101 20:37:20.206"/>
</kw>
<status status="PASS" starttime="20260101 20:37:20.182" endtime="20260101 20:37:20.206"/>
</kw>
<kw name="Set Variable" library="BuiltIn">
<var>${original_file}</var>
<arg>${recording_file}</arg>
<doc>Returns the given values which can then be assigned to a variables.</doc>
<msg timestamp="20260101 20:37:20.206" level="INFO">${original_file} = LPI_003_Verify user should able to access "Select Incident" in people preview page_01_01_20_36_54</msg>
<status status="PASS" starttime="20260101 20:37:20.206" endtime="20260101 20:37:20.206"/>
</kw>
<kw name="Set Variable" library="BuiltIn">
<var>${new_file}</var>
<arg>${recording_file}_${test_status}</arg>
<doc>Returns the given values which can then be assigned to a variables.</doc>
<msg timestamp="20260101 20:37:20.206" level="INFO">${new_file} = LPI_003_Verify user should able to access "Select Incident" in people preview page_01_01_20_36_54_PASS</msg>
<status status="PASS" starttime="20260101 20:37:20.206" endtime="20260101 20:37:20.206"/>
</kw>
<kw name="Run Keyword And Ignore Error" library="BuiltIn">
<arg>Move File</arg>
<arg>${original_file}_1.webm</arg>
<arg>./Test_Recordings/${new_file}.webm</arg>
<doc>Runs the given keyword with the given arguments and ignores possible error.</doc>
<kw name="Move File" library="OperatingSystem">
<arg>${original_file}_1.webm</arg>
<arg>./Test_Recordings/${new_file}.webm</arg>
<doc>Moves the source file into the destination.</doc>
<msg timestamp="20260101 20:37:20.213" level="FAIL">Source file 'C:\Users\adity\PycharmProjects\Synapse_new\LPI_003_Verify user should able to access "Select Incident" in people preview page_01_01_20_36_54_1.webm' does not exist.</msg>
<status status="FAIL" starttime="20260101 20:37:20.206" endtime="20260101 20:37:20.213"/>
</kw>
<status status="PASS" starttime="20260101 20:37:20.206" endtime="20260101 20:37:20.213"/>
</kw>
<status status="PASS" starttime="20260101 20:37:18.180" endtime="20260101 20:37:20.213"/>
</kw>
<doc>Verify user should able to access "Select Incident" in people preview page</doc>
<tag>LPI_LinkIncident</tag>
<status status="PASS" starttime="20260101 20:36:54.534" endtime="20260101 20:37:20.213"/>
</test>
<test id="s1-t4" name="LPI_004_Verify user should able to see dropdown to search incidents reference" line="38">
<kw name="Go To Home Page" library="General" type="SETUP">
<kw name="Set Selenium Implicit Wait" library="Selenium2Library">
<arg>1</arg>
<doc>Sets the implicit wait value used by Selenium.</doc>
<status status="PASS" starttime="20260101 20:37:20.234" endtime="20260101 20:37:20.234"/>
</kw>
<kw name="Press Keys" library="Selenium2Library">
<arg>None</arg>
<arg>ESC</arg>
<doc>Simulates the user pressing key(s) to an element or on the active browser.</doc>
<msg timestamp="20260101 20:37:20.239" level="INFO">Sending key(s) ('ESC',) to page.</msg>
<msg timestamp="20260101 20:37:20.239" level="INFO">Pressing special key ESCAPE to browser.</msg>
<msg timestamp="20260101 20:37:20.239" level="INFO">Releasing special key ESCAPE.</msg>
<status status="PASS" starttime="20260101 20:37:20.234" endtime="20260101 20:37:20.252"/>
</kw>
<kw name="Start Test Case Recording" library="General">
<kw name="Run Keyword If" library="BuiltIn">
<arg>'${USE_PYGTK}'=='True'</arg>
<arg>run keyword and ignore error</arg>
<arg>Import Library</arg>
<arg>ScreenCapLibrary</arg>
<arg>screenshot_module=PyGTK</arg>
<arg>ELSE</arg>
<arg>run keyword and ignore error</arg>
<arg>Import Library</arg>
<arg>ScreenCapLibrary</arg>
<doc>Runs the given keyword with the given arguments, if ``condition`` is true.</doc>
<kw name="Run Keyword And Ignore Error" library="BuiltIn">
<arg>Import Library</arg>
<arg>ScreenCapLibrary</arg>
<doc>Runs the given keyword with the given arguments and ignores possible error.</doc>
<kw name="Import Library" library="BuiltIn">
<arg>ScreenCapLibrary</arg>
<doc>Imports a library with the given name and optional arguments.</doc>
<status status="PASS" starttime="20260101 20:37:20.255" endtime="20260101 20:37:20.256"/>
</kw>
<status status="PASS" starttime="20260101 20:37:20.252" endtime="20260101 20:37:20.256"/>
</kw>
<status status="PASS" starttime="20260101 20:37:20.252" endtime="20260101 20:37:20.256"/>
</kw>
<kw name="Get Current Date" library="DateTime">
<var>${Current_Time}</var>
<arg>result_format=%m_%d_%H_%M_%S</arg>
<doc>Returns current local or UTC time with an optional increment.</doc>
<msg timestamp="20260101 20:37:20.256" level="INFO">${Current_Time} = 01_01_20_37_20</msg>
<status status="PASS" starttime="20260101 20:37:20.256" endtime="20260101 20:37:20.256"/>
</kw>
<kw name="Set Variable" library="BuiltIn">
<var>${recording_file}</var>
<arg>${TEST NAME}_${Current_Time}</arg>
<doc>Returns the given values which can then be assigned to a variables.</doc>
<msg timestamp="20260101 20:37:20.256" level="INFO">${recording_file} = LPI_004_Verify user should able to see dropdown to search incidents reference_01_01_20_37_20</msg>
<status status="PASS" starttime="20260101 20:37:20.256" endtime="20260101 20:37:20.256"/>
</kw>
<kw name="Run Keyword And Ignore Error" library="BuiltIn">
<arg>start video recording</arg>
<arg>alias=None</arg>
<arg>name=${recording_file}</arg>
<arg>fps=None</arg>
<arg>size_percentage=0.8</arg>
<arg>embed=True</arg>
<arg>embed_width='800px'</arg>
<arg>monitor=0</arg>
<doc>Runs the given keyword with the given arguments and ignores possible error.</doc>
<kw name="Start Video Recording" library="ScreenCapLibrary">
<arg>alias=None</arg>
<arg>name=${recording_file}</arg>
<arg>fps=None</arg>
<arg>size_percentage=0.8</arg>
<arg>embed=True</arg>
<arg>embed_width='800px'</arg>
<arg>monitor=0</arg>
<doc>Starts the recording of a video in the background with the specified ``name``.
The recording can be stopped by calling the `Stop Video Recording` keyword.</doc>
<msg timestamp="20260101 20:37:22.455" level="INFO">Automatically setting a fps of 6.5</msg>
<status status="PASS" starttime="20260101 20:37:20.256" endtime="20260101 20:37:22.457"/>
</kw>
<status status="PASS" starttime="20260101 20:37:20.256" endtime="20260101 20:37:22.457"/>
</kw>
<kw name="Set Test Variable" library="BuiltIn">
<var>${recording_file}</var>
<arg>${recording_file}</arg>
<doc>Makes a variable available everywhere within the scope of the current test.</doc>
<msg timestamp="20260101 20:37:22.458" level="INFO">${recording_file} = LPI_004_Verify user should able to see dropdown to search incidents reference_01_01_20_37_20</msg>
<msg timestamp="20260101 20:37:22.458" level="INFO">${recording_file} = None</msg>
<status status="PASS" starttime="20260101 20:37:22.457" endtime="20260101 20:37:22.458"/>
</kw>
<status status="PASS" starttime="20260101 20:37:20.252" endtime="20260101 20:37:22.458"/>
</kw>
<kw name="Go To" library="Selenium2Library">
<arg>${DASHBOARD_PAGE_URL.${env}}</arg>
<doc>Navigates the current browser window to the provided ``url``.</doc>
<msg timestamp="20260101 20:37:22.469" level="INFO">Opening url 'https://analystuat.staging.zinc.systems/#/analyst/dashboard'</msg>
<status status="PASS" starttime="20260101 20:37:22.458" endtime="20260101 20:37:22.480"/>
</kw>
<kw name="Run Keyword And Return Status" library="BuiltIn">
<var>${status}</var>
<arg>element should be visible</arg>
<arg>${DASHBOARD_CLOSE_BUTTON}</arg>
<doc>Runs the given keyword with given arguments and returns the status as a Boolean value.</doc>
<kw name="Element Should Be Visible" library="Selenium2Library">
<arg>${DASHBOARD_CLOSE_BUTTON}</arg>
<doc>Verifies that the element identified by ``locator`` is visible.</doc>
<msg timestamp="20260101 20:37:24.550" level="INFO">Element 'id=btn-slide-out-close' is displayed.</msg>
<status status="PASS" starttime="20260101 20:37:22.481" endtime="20260101 20:37:24.550"/>
</kw>
<msg timestamp="20260101 20:37:24.550" level="INFO">${status} = True</msg>
<status status="PASS" starttime="20260101 20:37:22.480" endtime="20260101 20:37:24.550"/>
</kw>
<kw name="Run Keyword If" library="BuiltIn">
<arg>'${status}'=='True'</arg>
<arg>Execute JavaScript</arg>
<arg>document.evaluate("//*[@id='btn-slide-out-close']", document, null, XPathResult.FIRST_ORDERED_NODE_TYPE, null).singleNodeValue.click()</arg>
<doc>Runs the given keyword with the given arguments, if ``condition`` is true.</doc>
<kw name="Execute Javascript" library="Selenium2Library">
<arg>document.evaluate("//*[@id='btn-slide-out-close']", document, null, XPathResult.FIRST_ORDERED_NODE_TYPE, null).singleNodeValue.click()</arg>
<doc>Executes the given JavaScript code with possible arguments.</doc>
<msg timestamp="20260101 20:37:24.550" level="INFO">Executing JavaScript:
[...]
<doc>Runs the given keyword with given arguments and returns the status as a Boolean value.</doc>
<kw name="Page Should Contain" library="Selenium2Library">
<arg>${Event_linked_successfully_toast_message}</arg>
<doc>Verifies that current page contains ``text``.</doc>
<msg timestamp="20260101 20:44:41.920" level="INFO">Current page contains text 'Event linked successfully'.</msg>
<status status="PASS" starttime="20260101 20:44:40.689" endtime="20260101 20:44:41.920"/>
</kw>
<status status="PASS" starttime="20260101 20:44:40.689" endtime="20260101 20:44:41.920"/>
</kw>
<status status="PASS" starttime="20260101 20:44:38.671" endtime="20260101 20:44:41.920"/>
</kw>
<kw name="Click On Link/Unlink Incident Button" library="LinkIncidentToPeopleKeywords">
<kw name="Sleep" library="BuiltIn">
<arg>2</arg>
<doc>Pauses the test executed for the given time.</doc>
<msg timestamp="20260101 20:44:43.924" level="INFO">Slept 2 seconds</msg>
<status status="PASS" starttime="20260101 20:44:41.922" endtime="20260101 20:44:43.924"/>
</kw>
<kw name="Wait Until Element Is Visible" library="Selenium2Library">
<arg>${Link/Unlink_button}</arg>
<arg>10</arg>
<arg>Link/Unlink button is not visible on the people preview page</arg>
<doc>Waits until the element ``locator`` is visible.</doc>
<status status="PASS" starttime="20260101 20:44:43.924" endtime="20260101 20:44:43.955"/>
</kw>
<kw name="Click Element" library="Selenium2Library">
<arg>${Link/Unlink_button}</arg>
<doc>Click the element identified by ``locator``.</doc>
<msg timestamp="20260101 20:44:43.956" level="INFO">Clicking element 'xpath://span[@id='spn-link-unlink-people']'.</msg>
<status status="PASS" starttime="20260101 20:44:43.955" endtime="20260101 20:44:44.261"/>
</kw>
<status status="PASS" starttime="20260101 20:44:41.921" endtime="20260101 20:44:44.261"/>
</kw>
<kw name="Unlink the incident from people(victim) preview page" library="LinkIncidentToPeopleKeywords">
<kw name="Wait Until Element Is Visible" library="Selenium2Library">
<arg>${first_incident_to_unlink}</arg>
<arg>10</arg>
<arg>Incident to unlink is not visible on the link/unlink incident on people preview page</arg>
<doc>Waits until the element ``locator`` is visible.</doc>
<status status="PASS" starttime="20260101 20:44:44.262" endtime="20260101 20:44:45.145"/>
</kw>
<kw name="Get Text" library="Selenium2Library">
<var>${incident_to_unlink}</var>
<arg>${first_incident_to_unlink}</arg>
<doc>Returns the text value of the element identified by ``locator``.</doc>
<msg timestamp="20260101 20:44:45.181" level="INFO">${incident_to_unlink} = SEC015672</msg>
<status status="PASS" starttime="20260101 20:44:45.145" endtime="20260101 20:44:45.182"/>
</kw>
<kw name="Log To Console" library="BuiltIn">
<arg>the incident selected to unlink is: ${incident_to_unlink}</arg>
<doc>Logs the given message to the console.</doc>
<status status="PASS" starttime="20260101 20:44:45.182" endtime="20260101 20:44:45.183"/>
</kw>
<kw name="Set Suite Variable" library="BuiltIn">
<arg>${incident_to_unlink}</arg>
<arg>${incident_to_unlink}</arg>
<doc>Makes a variable available everywhere within the scope of the current suite.</doc>
<msg timestamp="20260101 20:44:45.183" level="INFO">${incident_to_unlink} = SEC015672</msg>
<status status="PASS" starttime="20260101 20:44:45.183" endtime="20260101 20:44:45.183"/>
</kw>
<kw name="Click Element" library="Selenium2Library">
<arg>${first_incident_delink_button}</arg>
<doc>Click the element identified by ``locator``.</doc>
<msg timestamp="20260101 20:44:45.184" level="INFO">Clicking element 'xpath://button[@id='btn-event-delink-0']'.</msg>
<status status="PASS" starttime="20260101 20:44:45.184" endtime="20260101 20:44:45.334"/>
</kw>
<kw name="Wait Until Element Is Visible" library="Selenium2Library">
<arg>${delink_confirmation_dialog_box}</arg>
<arg>10</arg>
<arg>Confirmation dialog is not visible after clicking delink button</arg>
<doc>Waits until the element ``locator`` is visible.</doc>
<status status="PASS" starttime="20260101 20:44:45.335" endtime="20260101 20:44:45.619"/>
</kw>
<kw name="Click Element" library="Selenium2Library">
<arg>${delink_yes_option}</arg>
<doc>Click the element identified by ``locator``.</doc>
<msg timestamp="20260101 20:44:45.620" level="INFO">Clicking element 'xpath://button[text()='Yes']'.</msg>
<status status="PASS" starttime="20260101 20:44:45.619" endtime="20260101 20:44:45.783"/>
</kw>
<kw name="Element Should Not Be Visible" library="Selenium2Library">
<arg>xpath=//*[contains(text(), '${incident_to_unlink}')]</arg>
<doc>Verifies that the element identified by ``locator`` is NOT visible.</doc>
<msg timestamp="20260101 20:44:45.828" level="INFO">Element 'xpath=//*[contains(text(), 'SEC015672')]' exists but is not displayed.</msg>
<status status="PASS" starttime="20260101 20:44:45.783" endtime="20260101 20:44:45.828"/>
</kw>
<kw name="Wait Until Page Contains" library="Selenium2Library">
<arg>${Event_unlinked_successfully_toast_message}</arg>
<doc>Waits until ``text`` appears on the current page.</doc>
<status status="PASS" starttime="20260101 20:44:45.828" endtime="20260101 20:44:47.490"/>
</kw>
<kw name="Wait Until Element Is Visible" library="Selenium2Library">
<arg>${Cancel_link_button}</arg>
<arg>10</arg>
<arg>Cancel button is not visible on the link/unlink incident on people preview page</arg>
<doc>Waits until the element ``locator`` is visible.</doc>
<status status="PASS" starttime="20260101 20:44:47.490" endtime="20260101 20:44:47.522"/>
</kw>
<kw name="Click Element" library="Selenium2Library">
<arg>${Cancel_link_button}</arg>
<doc>Click the element identified by ``locator``.</doc>
<msg timestamp="20260101 20:44:47.525" level="INFO">Clicking element 'xpath://button[@id='btn-slide-out-close']'.</msg>
<status status="PASS" starttime="20260101 20:44:47.525" endtime="20260101 20:44:47.676"/>
</kw>
<status status="PASS" starttime="20260101 20:44:44.262" endtime="20260101 20:44:47.676"/>
</kw>
<kw name="Navigate to Search Module and search for the unlinked people incident" library="LinkIncidentToPeopleKeywords">
<kw name="Navigate To Search Page" library="SearchKeywords">
<kw name="Wait Until Element Is Visible" library="Selenium2Library">
<arg>${SEARCH_MODULE}</arg>
<arg>5</arg>
<arg>Search mobule is not shown</arg>
<doc>Waits until the element ``locator`` is visible.</doc>
<status status="PASS" starttime="20260101 20:44:47.676" endtime="20260101 20:44:47.701"/>
</kw>
<kw name="Click Element" library="Selenium2Library">
<arg>${SEARCH_MODULE}</arg>
<doc>Click the element identified by ``locator``.</doc>
<msg timestamp="20260101 20:44:47.706" level="INFO">Clicking element 'id=navbar-Search'.</msg>
<status status="PASS" starttime="20260101 20:44:47.706" endtime="20260101 20:44:48.469"/>
</kw>
<status status="PASS" starttime="20260101 20:44:47.676" endtime="20260101 20:44:48.469"/>
</kw>
<kw name="Wait Until Element Is Visible" library="Selenium2Library">
<arg>${SEARCH_TEXTFIELD}</arg>
<arg>15</arg>
<arg>Search text field is not visible</arg>
<doc>Waits until the element ``locator`` is visible.</doc>
<status status="PASS" starttime="20260101 20:44:48.469" endtime="20260101 20:44:48.533"/>
</kw>
<kw name="Input Text" library="Selenium2Library">
<arg>${SEARCH_TEXTFIELD}</arg>
<arg>${incident_to_unlink}</arg>
<doc>Types the given ``text`` into the text field identified by ``locator``.</doc>
<msg timestamp="20260101 20:44:48.535" level="INFO">Typing text 'SEC015672' into text field 'xpath=//input[@id='txt-global-search']'.</msg>
<status status="PASS" starttime="20260101 20:44:48.533" endtime="20260101 20:44:48.754"/>
</kw>
<kw name="Click Element" library="Selenium2Library">
<arg>${search_button}</arg>
<doc>Click the element identified by ``locator``.</doc>
<msg timestamp="20260101 20:44:48.754" level="INFO">Clicking element 'xpath=//button[@id='btn-global-search']'.</msg>
<status status="PASS" starttime="20260101 20:44:48.754" endtime="20260101 20:44:48.921"/>
</kw>
<kw name="Wait Until Page Contains" library="Selenium2Library">
<arg>${incident_to_unlink}</arg>
<arg>15</arg>
<arg>Search results are not shown</arg>
<doc>Waits until ``text`` appears on the current page.</doc>
<status status="PASS" starttime="20260101 20:44:48.921" endtime="20260101 20:44:49.145"/>
</kw>
<kw name="Click Element" library="Selenium2Library">
<arg>${search_module_view_event_button}</arg>
<doc>Click the element identified by ``locator``.</doc>
<msg timestamp="20260101 20:44:49.146" level="INFO">Clicking element 'xpath://span[@class='mat-button-wrapper']/child::em[@id='incident-search-view']'.</msg>
<status status="PASS" starttime="20260101 20:44:49.145" endtime="20260101 20:44:51.008"/>
</kw>
<status status="PASS" starttime="20260101 20:44:47.676" endtime="20260101 20:44:51.008"/>
</kw>
<kw name="Go to Involved Entities Tab and verify the linked victim absence" library="LinkIncidentToPeopleKeywords">
<kw name="Wait Until Page Contains Element" library="Selenium2Library">
<arg>${incident_view_header}</arg>
<arg>15</arg>
<arg>Incident view header is not visible</arg>
<doc>Waits until the element ``locator`` appears on the current page.</doc>
<status status="PASS" starttime="20260101 20:44:51.008" endtime="20260101 20:44:56.042"/>
</kw>
<kw name="Sleep" library="BuiltIn">
<arg>2</arg>
<doc>Pauses the test executed for the given time.</doc>
<msg timestamp="20260101 20:44:58.042" level="INFO">Slept 2 seconds</msg>
<status status="PASS" starttime="20260101 20:44:56.042" endtime="20260101 20:44:58.042"/>
</kw>
<kw name="Click Element" library="Selenium2Library">
<arg>${involved_entities_tab}</arg>
<doc>Click the element identified by ``locator``.</doc>
<msg timestamp="20260101 20:44:58.043" level="INFO">Clicking element 'xpath://div[@class='mat-tooltip-trigger normal-text ng-star-inserted' and text()='Involved Entities']'.</msg>
<status status="PASS" starttime="20260101 20:44:58.042" endtime="20260101 20:44:58.193"/>
</kw>
<kw name="Wait Until Element Is Visible" library="Selenium2Library">
<arg>${People_widget}</arg>
<arg>10</arg>
<arg>People widget is not visible</arg>
<doc>Waits until the element ``locator`` is visible.</doc>
<status status="PASS" starttime="20260101 20:44:58.193" endtime="20260101 20:44:58.228"/>
</kw>
<kw name="Wait Until Element Is Visible" library="Selenium2Library">
<arg>${witness_tab_ubder_involved_entities_post_unlink}</arg>
<arg>10</arg>
<arg>Witness tab is not visible under Involved Entities tab</arg>
<doc>Waits until the element ``locator`` is visible.</doc>
<status status="PASS" starttime="20260101 20:44:58.229" endtime="20260101 20:44:59.391"/>
</kw>
<kw name="Click Element" library="Selenium2Library">
<arg>${witness_tab_ubder_involved_entities_post_unlink}</arg>
<doc>Click the element identified by ``locator``.</doc>
<msg timestamp="20260101 20:44:59.392" level="INFO">Clicking element 'xpath://mat-chip/child::div/following-sibling::span[text()='Witnesses']'.</msg>
<status status="PASS" starttime="20260101 20:44:59.391" endtime="20260101 20:44:59.542"/>
</kw>
<kw name="Wait Until Element Is Visible" library="Selenium2Library">
<arg>${victim_tab_under_involved_entities}</arg>
<arg>10</arg>
<arg>Victim tab is not visible under Involved Entities tab</arg>
<doc>Waits until the element ``locator`` is visible.</doc>
<status status="PASS" starttime="20260101 20:44:59.543" endtime="20260101 20:44:59.580"/>
</kw>
<kw name="Sleep" library="BuiltIn">
<arg>1</arg>
<doc>Pauses the test executed for the given time.</doc>
<msg timestamp="20260101 20:45:00.580" level="INFO">Slept 1 second</msg>
<status status="PASS" starttime="20260101 20:44:59.580" endtime="20260101 20:45:00.580"/>
</kw>
<kw name="Click Element" library="Selenium2Library">
<arg>${victim_tab_under_involved_entities}</arg>
<doc>Click the element identified by ``locator``.</doc>
<msg timestamp="20260101 20:45:00.580" level="INFO">Clicking element 'xpath://mat-chip/child::div/following-sibling::span[text()='Impacted Persons']'.</msg>
<status status="PASS" starttime="20260101 20:45:00.580" endtime="20260101 20:45:00.718"/>
</kw>
<kw name="Sleep" library="BuiltIn">
<arg>1</arg>
<doc>Pauses the test executed for the given time.</doc>
<msg timestamp="20260101 20:45:01.721" level="INFO">Slept 1 second</msg>
<status status="PASS" starttime="20260101 20:45:00.718" endtime="20260101 20:45:01.721"/>
</kw>
<kw name="Element Should Not Be Visible" library="Selenium2Library">
<arg>xpath=//*[contains(text(), '${unlink_people_first_name}')]</arg>
<doc>Verifies that the element identified by ``locator`` is NOT visible.</doc>
<msg timestamp="20260101 20:45:06.799" level="INFO">Element 'xpath=//*[contains(text(), 'Danyboy')]' did not exist.</msg>
<status status="PASS" starttime="20260101 20:45:01.721" endtime="20260101 20:45:06.799"/>
</kw>
<kw name="Element Should Not Be Visible" library="Selenium2Library">
<arg>xpath=//*[contains(text(), '${unlink_people_last_name}')]</arg>
<doc>Verifies that the element identified by ``locator`` is NOT visible.</doc>
<msg timestamp="20260101 20:45:11.827" level="INFO">Element 'xpath=//*[contains(text(), 'Kany')]' did not exist.</msg>
<status status="PASS" starttime="20260101 20:45:06.799" endtime="20260101 20:45:11.827"/>
</kw>
<kw name="Log To Console" library="BuiltIn">
<arg>Unlinked person ${unlink_people_first_name} ${unlink_people_last_name} is not visible under Involved Entities tab of the unlinked incident as expected</arg>
<doc>Logs the given message to the console.</doc>
<status status="PASS" starttime="20260101 20:45:11.827" endtime="20260101 20:45:11.831"/>
</kw>
<status status="PASS" starttime="20260101 20:44:51.008" endtime="20260101 20:45:11.831"/>
</kw>
<kw name="Stop Test Case Recording" library="General" type="TEARDOWN">
<kw name="Sleep" library="BuiltIn">
<arg>2</arg>
<doc>Pauses the test executed for the given time.</doc>
<msg timestamp="20260101 20:45:13.831" level="INFO">Slept 2 seconds</msg>
<status status="PASS" starttime="20260101 20:45:11.831" endtime="20260101 20:45:13.831"/>
</kw>
<kw name="Run Keyword And Ignore Error" library="BuiltIn">
<arg>Stop Video Recording</arg>
<doc>Runs the given keyword with the given arguments and ignores possible error.</doc>
<kw name="Stop Video Recording" library="ScreenCapLibrary">
<doc>Stops the video recording corresponding to the given ``alias`` and generates the file in WebM format. If no
``alias`` is specified, the last opened recording will be closed. If there are more recordings with the same
alias all of them will be closed. If ``embed`` argument was set to
``True`` the video will be displayed in the log file.
Furthermore, if the ``save_to_disk`` parameter is set to ``False``, the video will be embedded and available in
the log file only.</doc>
<msg timestamp="20260101 20:45:13.871" level="INFO" html="true">&lt;a href="LPI_020_verify%20user%20should%20able%20to%20unlink%20incident%20from%20people%20preview%20page%28victim%29%20and%20verify%20it%20in%20incident%20detail%20page_01_01_20_44_13_1.webm"&gt;&lt;video width="'800px'" autoplay&gt;&lt;source src="LPI_020_verify%20user%20should%20able%20to%20unlink%20incident%20from%20people%20preview%20page%28victim%29%20and%20verify%20it%20in%20incident%20detail%20page_01_01_20_44_13_1.webm" type="video/webm"&gt;&lt;/video&gt;&lt;/a&gt;</msg>
<status status="PASS" starttime="20260101 20:45:13.832" endtime="20260101 20:45:13.871"/>
</kw>
<status status="PASS" starttime="20260101 20:45:13.832" endtime="20260101 20:45:13.871"/>
</kw>
<kw name="Set Variable" library="BuiltIn">
<var>${original_file}</var>
<arg>${recording_file}</arg>
<doc>Returns the given values which can then be assigned to a variables.</doc>
<msg timestamp="20260101 20:45:13.872" level="INFO">${original_file} = LPI_020_verify user should able to unlink incident from people preview page(victim) and verify it in incident detail page_01_01_20_44_13</msg>
<status status="PASS" starttime="20260101 20:45:13.871" endtime="20260101 20:45:13.872"/>
</kw>
<kw name="Set Variable" library="BuiltIn">
<var>${new_file}</var>
<arg>${recording_file}_${test_status}</arg>
<doc>Returns the given values which can then be assigned to a variables.</doc>
<msg timestamp="20260101 20:45:13.872" level="INFO">${new_file} = LPI_020_verify user should able to unlink incident from people preview page(victim) and verify it in incident detail page_01_01_20_44_13_PASS</msg>
<status status="PASS" starttime="20260101 20:45:13.872" endtime="20260101 20:45:13.872"/>
</kw>
<kw name="Run Keyword And Ignore Error" library="BuiltIn">
<arg>Move File</arg>
<arg>${original_file}_1.webm</arg>
<arg>./Test_Recordings/${new_file}.webm</arg>
<doc>Runs the given keyword with the given arguments and ignores possible error.</doc>
<kw name="Move File" library="OperatingSystem">
<arg>${original_file}_1.webm</arg>
<arg>./Test_Recordings/${new_file}.webm</arg>
<doc>Moves the source file into the destination.</doc>
<msg timestamp="20260101 20:45:13.876" level="INFO" html="true">Moved file from '&lt;a href="file://C:\Users\adity\PycharmProjects\Synapse_new\LPI_020_verify user should able to unlink incident from people preview page(victim) and verify it in incident detail page_01_01_20_44_13_1.webm"&gt;C:\Users\adity\PycharmProjects\Synapse_new\LPI_020_verify user should able to unlink incident from people preview page(victim) and verify it in incident detail page_01_01_20_44_13_1.webm&lt;/a&gt;' to '&lt;a href="file://C:\Users\adity\PycharmProjects\Synapse_new\Test_Recordings\LPI_020_verify user should able to unlink incident from people preview page(victim) and verify it in incident detail page_01_01_20_44_13_PASS.webm"&gt;C:\Users\adity\PycharmProjects\Synapse_new\Test_Recordings\LPI_020_verify user should able to unlink incident from people preview page(victim) and verify it in incident detail page_01_01_20_44_13_PASS.webm&lt;/a&gt;'.</msg>
<status status="PASS" starttime="20260101 20:45:13.873" endtime="20260101 20:45:13.876"/>
</kw>
<status status="PASS" starttime="20260101 20:45:13.872" endtime="20260101 20:45:13.876"/>
</kw>
<status status="PASS" starttime="20260101 20:45:11.831" endtime="20260101 20:45:13.876"/>
</kw>
<doc>verify user should able to unlink incident from people preview page(victim)  and verify it in incident detail page</doc>
<tag>LPI_UnlinkIncidentFromPeopleVictim</tag>
<status status="PASS" starttime="20260101 20:44:13.378" endtime="20260101 20:45:13.877"/>
</test>
<kw name="Close Browser" library="Selenium2Library" type="TEARDOWN">
<doc>Closes the current browser.</doc>
<status status="PASS" starttime="20260101 20:45:13.879" endtime="20260101 20:45:16.342"/>
</kw>
<doc>test cases for Link Incidents to people</doc>
<status status="FAIL" starttime="20260101 20:35:39.009" endtime="20260101 20:45:16.342"/>
</suite>
<statistics>
<total>
<stat pass="14" fail="1" skip="0">All Tests</stat>
</total>
<tag>
<stat pass="1" fail="0" skip="0">LPI_DropdownVisibility</stat>
<stat pass="1" fail="0" skip="0">LPI_LinkIncident</stat>
<stat pass="1" fail="0" skip="0">LPI_LinkVictimInIncident</stat>
<stat pass="1" fail="0" skip="0">LPI_LinkWitnessInIncident</stat>
<stat pass="1" fail="0" skip="0">LPI_SearchIncident</stat>
<stat pass="1" fail="0" skip="0">LPI_SelectMultipleIncident</stat>
<stat pass="1" fail="0" skip="0">LPI_SelectSingleIncident</stat>
<stat pass="1" fail="0" skip="0">LPI_UnlinkIncidentFromPeopleSuspect</stat>
<stat pass="1" fail="0" skip="0">LPI_UnlinkIncidentFromPeopleVictim</stat>
<stat pass="1" fail="0" skip="0">LPI_UnlinkIncidentFromPeopleWitness</stat>
<stat pass="1" fail="0" skip="0">LPI_VerifySuspectInIncidentDetail</stat>
<stat pass="1" fail="0" skip="0">LPI_VerifyVictimInIncidentdetail</stat>
<stat pass="1" fail="0" skip="0">LPI_VerifyWitnessInIncidentdetail</stat>
<stat pass="0" fail="1" skip="0">LPI_WhenFFisOff</stat>
<stat pass="1" fail="0" skip="0">LPI_WhenFFisOn</stat>
</tag>
<suite>
<stat pass="14" fail="1" skip="0" id="s1" name="LinkIncidentToPeopleTestSuite">LinkIncidentToPeopleTestSuite</stat>
</suite>
</statistics>
<errors>
</errors>
</robot>
